running egg_info
creating ../../build/media_pipe_ros2/media_pipe_ros2.egg-info
writing ../../build/media_pipe_ros2/media_pipe_ros2.egg-info/PKG-INFO
writing dependency_links to ../../build/media_pipe_ros2/media_pipe_ros2.egg-info/dependency_links.txt
writing entry points to ../../build/media_pipe_ros2/media_pipe_ros2.egg-info/entry_points.txt
writing requirements to ../../build/media_pipe_ros2/media_pipe_ros2.egg-info/requires.txt
writing top-level names to ../../build/media_pipe_ros2/media_pipe_ros2.egg-info/top_level.txt
writing manifest file '../../build/media_pipe_ros2/media_pipe_ros2.egg-info/SOURCES.txt'
reading manifest file '../../build/media_pipe_ros2/media_pipe_ros2.egg-info/SOURCES.txt'
writing manifest file '../../build/media_pipe_ros2/media_pipe_ros2.egg-info/SOURCES.txt'
running build
running build_py
creating /home/ros2/media_pipe_ros2/build/media_pipe_ros2/build
creating /home/ros2/media_pipe_ros2/build/media_pipe_ros2/build/lib
creating /home/ros2/media_pipe_ros2/build/media_pipe_ros2/build/lib/media_pipe_ros2
copying media_pipe_ros2/hands_detector.py -> /home/ros2/media_pipe_ros2/build/media_pipe_ros2/build/lib/media_pipe_ros2
copying media_pipe_ros2/hands_detector_t.py -> /home/ros2/media_pipe_ros2/build/media_pipe_ros2/build/lib/media_pipe_ros2
copying media_pipe_ros2/__init__.py -> /home/ros2/media_pipe_ros2/build/media_pipe_ros2/build/lib/media_pipe_ros2
running install
running install_lib
creating /home/ros2/media_pipe_ros2/install/media_pipe_ros2/lib/python3.8/site-packages/media_pipe_ros2
copying /home/ros2/media_pipe_ros2/build/media_pipe_ros2/build/lib/media_pipe_ros2/hands_detector.py -> /home/ros2/media_pipe_ros2/install/media_pipe_ros2/lib/python3.8/site-packages/media_pipe_ros2
copying /home/ros2/media_pipe_ros2/build/media_pipe_ros2/build/lib/media_pipe_ros2/hands_detector_t.py -> /home/ros2/media_pipe_ros2/install/media_pipe_ros2/lib/python3.8/site-packages/media_pipe_ros2
copying /home/ros2/media_pipe_ros2/build/media_pipe_ros2/build/lib/media_pipe_ros2/__init__.py -> /home/ros2/media_pipe_ros2/install/media_pipe_ros2/lib/python3.8/site-packages/media_pipe_ros2
byte-compiling /home/ros2/media_pipe_ros2/install/media_pipe_ros2/lib/python3.8/site-packages/media_pipe_ros2/hands_detector.py to hands_detector.cpython-38.pyc
byte-compiling /home/ros2/media_pipe_ros2/install/media_pipe_ros2/lib/python3.8/site-packages/media_pipe_ros2/hands_detector_t.py to hands_detector_t.cpython-38.pyc
byte-compiling /home/ros2/media_pipe_ros2/install/media_pipe_ros2/lib/python3.8/site-packages/media_pipe_ros2/__init__.py to __init__.cpython-38.pyc
running install_data
creating /home/ros2/media_pipe_ros2/install/media_pipe_ros2/share/ament_index
creating /home/ros2/media_pipe_ros2/install/media_pipe_ros2/share/ament_index/resource_index
creating /home/ros2/media_pipe_ros2/install/media_pipe_ros2/share/ament_index/resource_index/packages
copying resource/media_pipe_ros2 -> /home/ros2/media_pipe_ros2/install/media_pipe_ros2/share/ament_index/resource_index/packages
copying package.xml -> /home/ros2/media_pipe_ros2/install/media_pipe_ros2/share/media_pipe_ros2
running install_egg_info
Copying ../../build/media_pipe_ros2/media_pipe_ros2.egg-info to /home/ros2/media_pipe_ros2/install/media_pipe_ros2/lib/python3.8/site-packages/media_pipe_ros2-0.0.0-py3.8.egg-info
running install_scripts
writing list of installed files to '/home/ros2/media_pipe_ros2/build/media_pipe_ros2/install.log'
