In file included from [01m[K/home/ros2/media_pipe_ros2/build/media_pipe_ros2_msg/rosidl_generator_c/media_pipe_ros2_msg/msg/detail/media_pipe_human_list__functions.h:19[m[K,
                 from [01m[K/home/ros2/media_pipe_ros2/build/media_pipe_ros2_msg/rosidl_generator_c/media_pipe_ros2_msg/msg/detail/media_pipe_human_list__functions.c:4[m[K:
[01m[K/home/ros2/media_pipe_ros2/build/media_pipe_ros2_msg/rosidl_generator_c/media_pipe_ros2_msg/msg/detail/media_pipe_human_list__struct.h:22:10:[m[K [01;31m[Kfatal error: [m[Kmedia_pipe_ros2_msg/msg/detail/header__struct.h: No such file or directory
   22 | #include [01;31m[K"media_pipe_ros2_msg/msg/detail/header__struct.h"[m[K
      |          [01;31m[K^~~~~~~~~~~~~~~~~~~~~~~~~~~~~~~~~~~~~~~~~~~~~~~~~[m[K
compilation terminated.
make[2]: *** [CMakeFiles/media_pipe_ros2_msg__rosidl_generator_c.dir/build.make:150: CMakeFiles/media_pipe_ros2_msg__rosidl_generator_c.dir/rosidl_generator_c/media_pipe_ros2_msg/msg/detail/media_pipe_human_list__functions.c.o] Error 1
make[2]: *** Waiting for unfinished jobs....
make[1]: *** [CMakeFiles/Makefile2:298: CMakeFiles/media_pipe_ros2_msg__rosidl_generator_c.dir/all] Error 2
make[1]: *** Waiting for unfinished jobs....
In file included from [01m[K/home/ros2/media_pipe_ros2/build/media_pipe_ros2_msg/rosidl_typesupport_cpp/media_pipe_ros2_msg/msg/media_pipe_human_list__type_support.cpp:7[m[K:
[01m[K/home/ros2/media_pipe_ros2/build/media_pipe_ros2_msg/rosidl_generator_cpp/media_pipe_ros2_msg/msg/detail/media_pipe_human_list__struct.hpp:19:10:[m[K [01;31m[Kfatal error: [m[Kmedia_pipe_ros2_msg/msg/detail/header__struct.hpp: No such file or directory
   19 | #include [01;31m[K"media_pipe_ros2_msg/msg/detail/header__struct.hpp"[m[K
      |          [01;31m[K^~~~~~~~~~~~~~~~~~~~~~~~~~~~~~~~~~~~~~~~~~~~~~~~~~~[m[K
compilation terminated.
make[2]: *** [CMakeFiles/media_pipe_ros2_msg__rosidl_typesupport_cpp.dir/build.make:107: CMakeFiles/media_pipe_ros2_msg__rosidl_typesupport_cpp.dir/rosidl_typesupport_cpp/media_pipe_ros2_msg/msg/media_pipe_human_list__type_support.cpp.o] Error 1
make[2]: *** Waiting for unfinished jobs....
In file included from [01m[K/home/ros2/media_pipe_ros2/build/media_pipe_ros2_msg/rosidl_typesupport_introspection_cpp/media_pipe_ros2_msg/msg/detail/media_pipe_human_list__type_support.cpp:12[m[K:
[01m[K/home/ros2/media_pipe_ros2/build/media_pipe_ros2_msg/rosidl_generator_cpp/media_pipe_ros2_msg/msg/detail/media_pipe_human_list__struct.hpp:19:10:[m[K [01;31m[Kfatal error: [m[Kmedia_pipe_ros2_msg/msg/detail/header__struct.hpp: No such file or directory
   19 | #include [01;31m[K"media_pipe_ros2_msg/msg/detail/header__struct.hpp"[m[K
      |          [01;31m[K^~~~~~~~~~~~~~~~~~~~~~~~~~~~~~~~~~~~~~~~~~~~~~~~~~~[m[K
compilation terminated.
make[2]: *** [CMakeFiles/media_pipe_ros2_msg__rosidl_typesupport_introspection_cpp.dir/build.make:118: CMakeFiles/media_pipe_ros2_msg__rosidl_typesupport_introspection_cpp.dir/rosidl_typesupport_introspection_cpp/media_pipe_ros2_msg/msg/detail/media_pipe_human_list__type_support.cpp.o] Error 1
make[2]: *** Waiting for unfinished jobs....
In file included from [01m[K/home/ros2/media_pipe_ros2/build/media_pipe_ros2_msg/rosidl_typesupport_fastrtps_cpp/media_pipe_ros2_msg/msg/detail/media_pipe_human_list__rosidl_typesupport_fastrtps_cpp.hpp:11[m[K,
                 from [01m[K/home/ros2/media_pipe_ros2/build/media_pipe_ros2_msg/rosidl_typesupport_fastrtps_cpp/media_pipe_ros2_msg/msg/detail/dds_fastrtps/media_pipe_human_list__type_support.cpp:4[m[K:
[01m[K/home/ros2/media_pipe_ros2/build/media_pipe_ros2_msg/rosidl_generator_cpp/media_pipe_ros2_msg/msg/detail/media_pipe_human_list__struct.hpp:19:10:[m[K [01;31m[Kfatal error: [m[Kmedia_pipe_ros2_msg/msg/detail/header__struct.hpp: No such file or directory
   19 | #include [01;31m[K"media_pipe_ros2_msg/msg/detail/header__struct.hpp"[m[K
      |          [01;31m[K^~~~~~~~~~~~~~~~~~~~~~~~~~~~~~~~~~~~~~~~~~~~~~~~~~~[m[K
compilation terminated.
make[2]: *** [CMakeFiles/media_pipe_ros2_msg__rosidl_typesupport_fastrtps_cpp.dir/build.make:118: CMakeFiles/media_pipe_ros2_msg__rosidl_typesupport_fastrtps_cpp.dir/rosidl_typesupport_fastrtps_cpp/media_pipe_ros2_msg/msg/detail/dds_fastrtps/media_pipe_human_list__type_support.cpp.o] Error 1
make[2]: *** Waiting for unfinished jobs....
make[1]: *** [CMakeFiles/Makefile2:526: CMakeFiles/media_pipe_ros2_msg__rosidl_typesupport_cpp.dir/all] Error 2
make[1]: *** [CMakeFiles/Makefile2:442: CMakeFiles/media_pipe_ros2_msg__rosidl_typesupport_introspection_cpp.dir/all] Error 2
make[1]: *** [CMakeFiles/Makefile2:325: CMakeFiles/media_pipe_ros2_msg__rosidl_typesupport_fastrtps_cpp.dir/all] Error 2
make: *** [Makefile:141: all] Error 2
