[0.223s] Invoking command in '/home/ros2/media_pipe_ros2/build/media_pipe_ros2_msg': CMAKE_PREFIX_PATH=${CMAKE_PREFIX_PATH}:/home/ros2/media_pipe_ros2/install/media_pipe_ros2:/home/ros2/dev_ws/install/py_srvcli:/home/ros2/dev_ws/install/py_pubsub:/home/ros2/dev_ws/install/python_parameters:/opt/ros/galactic /usr/bin/cmake --build /home/ros2/media_pipe_ros2/build/media_pipe_ros2_msg -- -j8 -l8
[0.248s] -- Found ament_cmake: 1.1.4 (/opt/ros/galactic/share/ament_cmake/cmake)
[0.268s] -- Found PythonInterp: /usr/bin/python3 (found suitable version "3.8.10", minimum required is "3") 
[0.268s] -- Using PYTHON_EXECUTABLE: /usr/bin/python3
[0.327s] -- Found rosidl_default_generators: 1.1.1 (/opt/ros/galactic/share/rosidl_default_generators/cmake)
[0.330s] -- Using all available rosidl_typesupport_c: rosidl_typesupport_fastrtps_c;rosidl_typesupport_introspection_c
[0.333s] -- Found rosidl_adapter: 2.2.1 (/opt/ros/galactic/share/rosidl_adapter/cmake)
[0.493s] -- Using all available rosidl_typesupport_cpp: rosidl_typesupport_fastrtps_cpp;rosidl_typesupport_introspection_cpp
[0.540s] -- Found PythonInterp: /usr/bin/python3 (found version "3.8.10") 
[0.660s] -- Found ament_cmake_ros: 0.9.2 (/opt/ros/galactic/share/ament_cmake_ros/cmake)
[0.753s] -- Using all available rosidl_typesupport_c: rosidl_typesupport_fastrtps_c;rosidl_typesupport_introspection_c
[0.766s] -- Using all available rosidl_typesupport_cpp: rosidl_typesupport_fastrtps_cpp;rosidl_typesupport_introspection_cpp
[0.795s] -- Found PythonInterp: /usr/bin/python3 (found suitable version "3.8.10", minimum required is "3.5") 
[0.795s] -- Found python_cmake_module: 0.8.1 (/opt/ros/galactic/share/python_cmake_module/cmake)
[0.823s] -- Using PYTHON_EXECUTABLE: /usr/bin/python3
[0.824s] -- Using PYTHON_INCLUDE_DIRS: /usr/include/python3.8
[0.824s] -- Using PYTHON_LIBRARIES: /usr/lib/x86_64-linux-gnu/libpython3.8.so
[0.839s] -- Found ament_lint_auto: 0.10.6 (/opt/ros/galactic/share/ament_lint_auto/cmake)
[0.849s] -- Added test 'copyright' to check source files copyright and LICENSE
[0.850s] -- Added test 'lint_cmake' to check CMake code style
[0.851s] -- Added test 'xmllint' to check XML markup files
[0.854s] -- Configuring done
[0.883s] -- Generating done
[0.889s] -- Build files have been written to: /home/ros2/media_pipe_ros2/build/media_pipe_ros2_msg
[0.912s] [  2%] [34m[1mGenerating C code for ROS interfaces[0m
[0.913s] [35m[1mScanning dependencies of target media_pipe_ros2_msg__cpp[0m
[0.922s] [  4%] [34m[1mGenerating C++ code for ROS interfaces[0m
[1.216s] [35m[1mScanning dependencies of target media_pipe_ros2_msg__rosidl_generator_c[0m
[1.225s] [  4%] Built target media_pipe_ros2_msg__cpp
[1.228s] [  6%] [32mBuilding C object CMakeFiles/media_pipe_ros2_msg__rosidl_generator_c.dir/rosidl_generator_c/media_pipe_ros2_msg/msg/detail/point__functions.c.o[0m
[1.228s] [  8%] [32mBuilding C object CMakeFiles/media_pipe_ros2_msg__rosidl_generator_c.dir/rosidl_generator_c/media_pipe_ros2_msg/msg/detail/media_pipe_human_list__functions.c.o[0m
[1.230s] [ 10%] [32mBuilding C object CMakeFiles/media_pipe_ros2_msg__rosidl_generator_c.dir/rosidl_generator_c/media_pipe_ros2_msg/msg/detail/media_pipe_human__functions.c.o[0m
[1.238s] [ 14%] [34m[1mGenerating C++ introspection for ROS interfaces[0m
[1.238s] [ 14%] [34m[1mGenerating C++ type support for eProsima Fast-RTPS[0m
[1.238s] [ 17%] [34m[1mGenerating C++ type support dispatch for ROS interfaces[0m
[1.258s] In file included from [01m[K/home/ros2/media_pipe_ros2/build/media_pipe_ros2_msg/rosidl_generator_c/media_pipe_ros2_msg/msg/detail/media_pipe_human_list__functions.h:19[m[K,
[1.258s]                  from [01m[K/home/ros2/media_pipe_ros2/build/media_pipe_ros2_msg/rosidl_generator_c/media_pipe_ros2_msg/msg/detail/media_pipe_human_list__functions.c:4[m[K:
[1.258s] [01m[K/home/ros2/media_pipe_ros2/build/media_pipe_ros2_msg/rosidl_generator_c/media_pipe_ros2_msg/msg/detail/media_pipe_human_list__struct.h:22:10:[m[K [01;31m[Kfatal error: [m[Kmedia_pipe_ros2_msg/msg/detail/header__struct.h: No such file or directory
[1.258s]    22 | #include [01;31m[K"media_pipe_ros2_msg/msg/detail/header__struct.h"[m[K
[1.258s]       |          [01;31m[K^~~~~~~~~~~~~~~~~~~~~~~~~~~~~~~~~~~~~~~~~~~~~~~~~[m[K
[1.258s] compilation terminated.
[1.259s] make[2]: *** [CMakeFiles/media_pipe_ros2_msg__rosidl_generator_c.dir/build.make:150: CMakeFiles/media_pipe_ros2_msg__rosidl_generator_c.dir/rosidl_generator_c/media_pipe_ros2_msg/msg/detail/media_pipe_human_list__functions.c.o] Error 1
[1.259s] make[2]: *** Waiting for unfinished jobs....
[1.274s] make[1]: *** [CMakeFiles/Makefile2:298: CMakeFiles/media_pipe_ros2_msg__rosidl_generator_c.dir/all] Error 2
[1.274s] make[1]: *** Waiting for unfinished jobs....
[1.497s] [35m[1mScanning dependencies of target media_pipe_ros2_msg__rosidl_typesupport_cpp[0m
[1.512s] [ 19%] [32mBuilding CXX object CMakeFiles/media_pipe_ros2_msg__rosidl_typesupport_cpp.dir/rosidl_typesupport_cpp/media_pipe_ros2_msg/msg/point__type_support.cpp.o[0m
[1.513s] [ 21%] [32mBuilding CXX object CMakeFiles/media_pipe_ros2_msg__rosidl_typesupport_cpp.dir/rosidl_typesupport_cpp/media_pipe_ros2_msg/msg/media_pipe_human__type_support.cpp.o[0m
[1.516s] [ 23%] [32mBuilding CXX object CMakeFiles/media_pipe_ros2_msg__rosidl_typesupport_cpp.dir/rosidl_typesupport_cpp/media_pipe_ros2_msg/msg/media_pipe_human_list__type_support.cpp.o[0m
[1.596s] In file included from [01m[K/home/ros2/media_pipe_ros2/build/media_pipe_ros2_msg/rosidl_typesupport_cpp/media_pipe_ros2_msg/msg/media_pipe_human_list__type_support.cpp:7[m[K:
[1.596s] [01m[K/home/ros2/media_pipe_ros2/build/media_pipe_ros2_msg/rosidl_generator_cpp/media_pipe_ros2_msg/msg/detail/media_pipe_human_list__struct.hpp:19:10:[m[K [01;31m[Kfatal error: [m[Kmedia_pipe_ros2_msg/msg/detail/header__struct.hpp: No such file or directory
[1.597s]    19 | #include [01;31m[K"media_pipe_ros2_msg/msg/detail/header__struct.hpp"[m[K
[1.597s]       |          [01;31m[K^~~~~~~~~~~~~~~~~~~~~~~~~~~~~~~~~~~~~~~~~~~~~~~~~~~[m[K
[1.597s] compilation terminated.
[1.600s] make[2]: *** [CMakeFiles/media_pipe_ros2_msg__rosidl_typesupport_cpp.dir/build.make:107: CMakeFiles/media_pipe_ros2_msg__rosidl_typesupport_cpp.dir/rosidl_typesupport_cpp/media_pipe_ros2_msg/msg/media_pipe_human_list__type_support.cpp.o] Error 1
[1.600s] make[2]: *** Waiting for unfinished jobs....
[1.621s] [35m[1mScanning dependencies of target media_pipe_ros2_msg__rosidl_typesupport_introspection_cpp[0m
[1.640s] [ 25%] [32mBuilding CXX object CMakeFiles/media_pipe_ros2_msg__rosidl_typesupport_introspection_cpp.dir/rosidl_typesupport_introspection_cpp/media_pipe_ros2_msg/msg/detail/point__type_support.cpp.o[0m
[1.647s] [ 27%] [32mBuilding CXX object CMakeFiles/media_pipe_ros2_msg__rosidl_typesupport_introspection_cpp.dir/rosidl_typesupport_introspection_cpp/media_pipe_ros2_msg/msg/detail/media_pipe_human_list__type_support.cpp.o[0m
[1.649s] [ 29%] [32mBuilding CXX object CMakeFiles/media_pipe_ros2_msg__rosidl_typesupport_introspection_cpp.dir/rosidl_typesupport_introspection_cpp/media_pipe_ros2_msg/msg/detail/media_pipe_human__type_support.cpp.o[0m
[1.674s] [35m[1mScanning dependencies of target media_pipe_ros2_msg__rosidl_typesupport_fastrtps_cpp[0m
[1.711s] In file included from [01m[K/home/ros2/media_pipe_ros2/build/media_pipe_ros2_msg/rosidl_typesupport_introspection_cpp/media_pipe_ros2_msg/msg/detail/media_pipe_human_list__type_support.cpp:12[m[K:
[1.711s] [01m[K/home/ros2/media_pipe_ros2/build/media_pipe_ros2_msg/rosidl_generator_cpp/media_pipe_ros2_msg/msg/detail/media_pipe_human_list__struct.hpp:19:10:[m[K [01;31m[Kfatal error: [m[Kmedia_pipe_ros2_msg/msg/detail/header__struct.hpp: No such file or directory
[1.711s]    19 | #include [01;31m[K"media_pipe_ros2_msg/msg/detail/header__struct.hpp"[m[K
[1.711s]       |          [01;31m[K^~~~~~~~~~~~~~~~~~~~~~~~~~~~~~~~~~~~~~~~~~~~~~~~~~~[m[K
[1.711s] compilation terminated.
[1.714s] make[2]: *** [CMakeFiles/media_pipe_ros2_msg__rosidl_typesupport_introspection_cpp.dir/build.make:118: CMakeFiles/media_pipe_ros2_msg__rosidl_typesupport_introspection_cpp.dir/rosidl_typesupport_introspection_cpp/media_pipe_ros2_msg/msg/detail/media_pipe_human_list__type_support.cpp.o] Error 1
[1.714s] make[2]: *** Waiting for unfinished jobs....
[1.724s] [ 31%] [32mBuilding CXX object CMakeFiles/media_pipe_ros2_msg__rosidl_typesupport_fastrtps_cpp.dir/rosidl_typesupport_fastrtps_cpp/media_pipe_ros2_msg/msg/detail/dds_fastrtps/media_pipe_human__type_support.cpp.o[0m
[1.729s] [ 36%] [32mBuilding CXX object CMakeFiles/media_pipe_ros2_msg__rosidl_typesupport_fastrtps_cpp.dir/rosidl_typesupport_fastrtps_cpp/media_pipe_ros2_msg/msg/detail/dds_fastrtps/point__type_support.cpp.o[0m
[1.729s] [ 36%] [32mBuilding CXX object CMakeFiles/media_pipe_ros2_msg__rosidl_typesupport_fastrtps_cpp.dir/rosidl_typesupport_fastrtps_cpp/media_pipe_ros2_msg/msg/detail/dds_fastrtps/media_pipe_human_list__type_support.cpp.o[0m
[1.825s] In file included from [01m[K/home/ros2/media_pipe_ros2/build/media_pipe_ros2_msg/rosidl_typesupport_fastrtps_cpp/media_pipe_ros2_msg/msg/detail/media_pipe_human_list__rosidl_typesupport_fastrtps_cpp.hpp:11[m[K,
[1.825s]                  from [01m[K/home/ros2/media_pipe_ros2/build/media_pipe_ros2_msg/rosidl_typesupport_fastrtps_cpp/media_pipe_ros2_msg/msg/detail/dds_fastrtps/media_pipe_human_list__type_support.cpp:4[m[K:
[1.825s] [01m[K/home/ros2/media_pipe_ros2/build/media_pipe_ros2_msg/rosidl_generator_cpp/media_pipe_ros2_msg/msg/detail/media_pipe_human_list__struct.hpp:19:10:[m[K [01;31m[Kfatal error: [m[Kmedia_pipe_ros2_msg/msg/detail/header__struct.hpp: No such file or directory
[1.825s]    19 | #include [01;31m[K"media_pipe_ros2_msg/msg/detail/header__struct.hpp"[m[K
[1.825s]       |          [01;31m[K^~~~~~~~~~~~~~~~~~~~~~~~~~~~~~~~~~~~~~~~~~~~~~~~~~~[m[K
[1.825s] compilation terminated.
[1.829s] make[2]: *** [CMakeFiles/media_pipe_ros2_msg__rosidl_typesupport_fastrtps_cpp.dir/build.make:118: CMakeFiles/media_pipe_ros2_msg__rosidl_typesupport_fastrtps_cpp.dir/rosidl_typesupport_fastrtps_cpp/media_pipe_ros2_msg/msg/detail/dds_fastrtps/media_pipe_human_list__type_support.cpp.o] Error 1
[1.829s] make[2]: *** Waiting for unfinished jobs....
[1.961s] make[1]: *** [CMakeFiles/Makefile2:526: CMakeFiles/media_pipe_ros2_msg__rosidl_typesupport_cpp.dir/all] Error 2
[2.110s] make[1]: *** [CMakeFiles/Makefile2:442: CMakeFiles/media_pipe_ros2_msg__rosidl_typesupport_introspection_cpp.dir/all] Error 2
[2.252s] make[1]: *** [CMakeFiles/Makefile2:325: CMakeFiles/media_pipe_ros2_msg__rosidl_typesupport_fastrtps_cpp.dir/all] Error 2
[2.252s] make: *** [Makefile:141: all] Error 2
[2.253s] Invoked command in '/home/ros2/media_pipe_ros2/build/media_pipe_ros2_msg' returned '2': CMAKE_PREFIX_PATH=${CMAKE_PREFIX_PATH}:/home/ros2/media_pipe_ros2/install/media_pipe_ros2:/home/ros2/dev_ws/install/py_srvcli:/home/ros2/dev_ws/install/py_pubsub:/home/ros2/dev_ws/install/python_parameters:/opt/ros/galactic /usr/bin/cmake --build /home/ros2/media_pipe_ros2/build/media_pipe_ros2_msg -- -j8 -l8
