[0.330s] Invoking command in '/home/ros2/media_pipe_ros2/build/media_pipe_ros2_msg': CMAKE_PREFIX_PATH=${CMAKE_PREFIX_PATH}:/home/ros2/media_pipe_ros2/install/media_pipe_ros2:/home/ros2/dev_ws/install/py_srvcli:/home/ros2/dev_ws/install/py_pubsub:/home/ros2/dev_ws/install/python_parameters:/opt/ros/galactic /usr/bin/cmake --build /home/ros2/media_pipe_ros2/build/media_pipe_ros2_msg -- -j8 -l8
[1.515s] -- Found ament_cmake: 1.1.4 (/opt/ros/galactic/share/ament_cmake/cmake)
[1.620s] -- Found PythonInterp: /usr/bin/python3 (found suitable version "3.8.10", minimum required is "3") 
[1.620s] -- Using PYTHON_EXECUTABLE: /usr/bin/python3
[1.822s] -- Found rosidl_default_generators: 1.1.1 (/opt/ros/galactic/share/rosidl_default_generators/cmake)
[1.903s] -- Using all available rosidl_typesupport_c: rosidl_typesupport_fastrtps_c;rosidl_typesupport_introspection_c
[1.935s] -- Found rosidl_adapter: 2.2.1 (/opt/ros/galactic/share/rosidl_adapter/cmake)
[2.325s] -- Using all available rosidl_typesupport_cpp: rosidl_typesupport_fastrtps_cpp;rosidl_typesupport_introspection_cpp
[2.476s] -- Found PythonInterp: /usr/bin/python3 (found version "3.8.10") 
[2.755s] -- Found ament_cmake_ros: 0.9.2 (/opt/ros/galactic/share/ament_cmake_ros/cmake)
[2.874s] -- Using all available rosidl_typesupport_c: rosidl_typesupport_fastrtps_c;rosidl_typesupport_introspection_c
[2.886s] -- Using all available rosidl_typesupport_cpp: rosidl_typesupport_fastrtps_cpp;rosidl_typesupport_introspection_cpp
[2.910s] -- Found PythonInterp: /usr/bin/python3 (found suitable version "3.8.10", minimum required is "3.5") 
[2.911s] -- Found python_cmake_module: 0.8.1 (/opt/ros/galactic/share/python_cmake_module/cmake)
[2.971s] -- Using PYTHON_EXECUTABLE: /usr/bin/python3
[2.971s] -- Using PYTHON_INCLUDE_DIRS: /usr/include/python3.8
[2.971s] -- Using PYTHON_LIBRARIES: /usr/lib/x86_64-linux-gnu/libpython3.8.so
[3.022s] -- Found ament_lint_auto: 0.10.6 (/opt/ros/galactic/share/ament_lint_auto/cmake)
[3.173s] -- Added test 'copyright' to check source files copyright and LICENSE
[3.182s] -- Added test 'lint_cmake' to check CMake code style
[3.188s] -- Added test 'xmllint' to check XML markup files
[3.220s] -- Configuring done
[3.711s] -- Generating done
[3.720s] -- Build files have been written to: /home/ros2/media_pipe_ros2/build/media_pipe_ros2_msg
[3.789s] [  2%] [34m[1mGenerating C++ code for ROS interfaces[0m
[3.812s] [  4%] [34m[1mGenerating C code for ROS interfaces[0m
[4.166s] [  4%] Built target media_pipe_ros2_msg__cpp
[4.178s] [ 10%] [34m[1mGenerating C++ type support dispatch for ROS interfaces[0m
[4.178s] [ 10%] [34m[1mGenerating C++ introspection for ROS interfaces[0m
[4.178s] [ 10%] [34m[1mGenerating C++ type support for eProsima Fast-RTPS[0m
[4.204s] [35m[1mScanning dependencies of target media_pipe_ros2_msg__rosidl_generator_c[0m
[4.258s] [ 12%] [32mBuilding C object CMakeFiles/media_pipe_ros2_msg__rosidl_generator_c.dir/rosidl_generator_c/media_pipe_ros2_msg/msg/detail/media_pipe_human_list__functions.c.o[0m
[4.261s] [ 17%] [32mBuilding C object CMakeFiles/media_pipe_ros2_msg__rosidl_generator_c.dir/rosidl_generator_c/media_pipe_ros2_msg/msg/detail/point__functions.c.o[0m
[4.261s] [ 17%] [32mBuilding C object CMakeFiles/media_pipe_ros2_msg__rosidl_generator_c.dir/rosidl_generator_c/media_pipe_ros2_msg/msg/detail/media_pipe_human__functions.c.o[0m
[4.476s] [35m[1mScanning dependencies of target media_pipe_ros2_msg__rosidl_typesupport_cpp[0m
[4.522s] [ 19%] [32mBuilding CXX object CMakeFiles/media_pipe_ros2_msg__rosidl_typesupport_cpp.dir/rosidl_typesupport_cpp/media_pipe_ros2_msg/msg/media_pipe_human_list__type_support.cpp.o[0m
[4.524s] [ 21%] [32mBuilding CXX object CMakeFiles/media_pipe_ros2_msg__rosidl_typesupport_cpp.dir/rosidl_typesupport_cpp/media_pipe_ros2_msg/msg/media_pipe_human__type_support.cpp.o[0m
[4.527s] [ 23%] [32mBuilding CXX object CMakeFiles/media_pipe_ros2_msg__rosidl_typesupport_cpp.dir/rosidl_typesupport_cpp/media_pipe_ros2_msg/msg/point__type_support.cpp.o[0m
[4.586s] [35m[1mScanning dependencies of target media_pipe_ros2_msg__rosidl_typesupport_fastrtps_cpp[0m
[4.638s] [35m[1mScanning dependencies of target media_pipe_ros2_msg__rosidl_typesupport_introspection_cpp[0m
[4.855s] [ 25%] [32mBuilding CXX object CMakeFiles/media_pipe_ros2_msg__rosidl_typesupport_introspection_cpp.dir/rosidl_typesupport_introspection_cpp/media_pipe_ros2_msg/msg/detail/point__type_support.cpp.o[0m
[4.871s] [ 27%] [32mBuilding CXX object CMakeFiles/media_pipe_ros2_msg__rosidl_typesupport_fastrtps_cpp.dir/rosidl_typesupport_fastrtps_cpp/media_pipe_ros2_msg/msg/detail/dds_fastrtps/point__type_support.cpp.o[0m
[6.876s] [ 29%] [32m[1mLinking C shared library libmedia_pipe_ros2_msg__rosidl_generator_c.so[0m
[6.885s] [ 34%] [32mBuilding CXX object CMakeFiles/media_pipe_ros2_msg__rosidl_typesupport_fastrtps_cpp.dir/rosidl_typesupport_fastrtps_cpp/media_pipe_ros2_msg/msg/detail/dds_fastrtps/media_pipe_human__type_support.cpp.o[0m
[6.886s] [ 34%] [32mBuilding CXX object CMakeFiles/media_pipe_ros2_msg__rosidl_typesupport_introspection_cpp.dir/rosidl_typesupport_introspection_cpp/media_pipe_ros2_msg/msg/detail/media_pipe_human__type_support.cpp.o[0m
[7.263s] [ 34%] Built target media_pipe_ros2_msg__rosidl_generator_c
[7.324s] [ 36%] [34m[1mGenerating C type support dispatch for ROS interfaces[0m
[7.639s] [ 38%] [32mBuilding CXX object CMakeFiles/media_pipe_ros2_msg__rosidl_typesupport_introspection_cpp.dir/rosidl_typesupport_introspection_cpp/media_pipe_ros2_msg/msg/detail/media_pipe_human_list__type_support.cpp.o[0m
[7.639s] [ 40%] [34m[1mGenerating C introspection for ROS interfaces[0m
[7.645s] [ 42%] [32mBuilding CXX object CMakeFiles/media_pipe_ros2_msg__rosidl_typesupport_fastrtps_cpp.dir/rosidl_typesupport_fastrtps_cpp/media_pipe_ros2_msg/msg/detail/dds_fastrtps/media_pipe_human_list__type_support.cpp.o[0m
[7.646s] [ 44%] [32m[1mLinking CXX shared library libmedia_pipe_ros2_msg__rosidl_typesupport_cpp.so[0m
[7.716s] [35m[1mScanning dependencies of target media_pipe_ros2_msg__rosidl_typesupport_c[0m
[7.757s] [ 44%] Built target media_pipe_ros2_msg__rosidl_typesupport_cpp
[7.769s] [ 46%] [32mBuilding CXX object CMakeFiles/media_pipe_ros2_msg__rosidl_typesupport_c.dir/rosidl_typesupport_c/media_pipe_ros2_msg/msg/media_pipe_human__type_support.cpp.o[0m
[7.772s] [ 48%] [32mBuilding CXX object CMakeFiles/media_pipe_ros2_msg__rosidl_typesupport_c.dir/rosidl_typesupport_c/media_pipe_ros2_msg/msg/media_pipe_human_list__type_support.cpp.o[0m
[7.780s] [ 51%] [32mBuilding CXX object CMakeFiles/media_pipe_ros2_msg__rosidl_typesupport_c.dir/rosidl_typesupport_c/media_pipe_ros2_msg/msg/point__type_support.cpp.o[0m
[7.831s] [ 53%] [32m[1mLinking CXX shared library libmedia_pipe_ros2_msg__rosidl_typesupport_c.so[0m
[7.898s] [ 53%] Built target media_pipe_ros2_msg__rosidl_typesupport_c
[8.093s] [35m[1mScanning dependencies of target media_pipe_ros2_msg__rosidl_typesupport_introspection_c[0m
[8.103s] [ 55%] [32m[1mLinking CXX shared library libmedia_pipe_ros2_msg__rosidl_typesupport_introspection_cpp.so[0m
[8.146s] [ 57%] [32mBuilding C object CMakeFiles/media_pipe_ros2_msg__rosidl_typesupport_introspection_c.dir/rosidl_typesupport_introspection_c/media_pipe_ros2_msg/msg/detail/media_pipe_human_list__type_support.c.o[0m
[8.149s] [ 59%] [32mBuilding C object CMakeFiles/media_pipe_ros2_msg__rosidl_typesupport_introspection_c.dir/rosidl_typesupport_introspection_c/media_pipe_ros2_msg/msg/detail/point__type_support.c.o[0m
[8.150s] [ 61%] [32mBuilding C object CMakeFiles/media_pipe_ros2_msg__rosidl_typesupport_introspection_c.dir/rosidl_typesupport_introspection_c/media_pipe_ros2_msg/msg/detail/media_pipe_human__type_support.c.o[0m
[8.204s] [ 61%] Built target media_pipe_ros2_msg__rosidl_typesupport_introspection_cpp
[8.226s] [ 63%] [32m[1mLinking C shared library libmedia_pipe_ros2_msg__rosidl_typesupport_introspection_c.so[0m
[8.258s] [ 63%] Built target media_pipe_ros2_msg__rosidl_typesupport_introspection_c
[8.259s] [ 65%] [32m[1mLinking CXX shared library libmedia_pipe_ros2_msg__rosidl_typesupport_fastrtps_cpp.so[0m
[8.469s] [ 65%] Built target media_pipe_ros2_msg__rosidl_typesupport_fastrtps_cpp
[8.478s] [ 68%] [34m[1mGenerating C type support for eProsima Fast-RTPS[0m
[8.784s] [35m[1mScanning dependencies of target media_pipe_ros2_msg__rosidl_typesupport_fastrtps_c[0m
[8.843s] [ 72%] [32mBuilding CXX object CMakeFiles/media_pipe_ros2_msg__rosidl_typesupport_fastrtps_c.dir/rosidl_typesupport_fastrtps_c/media_pipe_ros2_msg/msg/detail/media_pipe_human__type_support_c.cpp.o[0m
[8.843s] [ 72%] [32mBuilding CXX object CMakeFiles/media_pipe_ros2_msg__rosidl_typesupport_fastrtps_c.dir/rosidl_typesupport_fastrtps_c/media_pipe_ros2_msg/msg/detail/point__type_support_c.cpp.o[0m
[8.845s] [ 74%] [32mBuilding CXX object CMakeFiles/media_pipe_ros2_msg__rosidl_typesupport_fastrtps_c.dir/rosidl_typesupport_fastrtps_c/media_pipe_ros2_msg/msg/detail/media_pipe_human_list__type_support_c.cpp.o[0m
[9.204s] [ 76%] [32m[1mLinking CXX shared library libmedia_pipe_ros2_msg__rosidl_typesupport_fastrtps_c.so[0m
[9.285s] [ 76%] Built target media_pipe_ros2_msg__rosidl_typesupport_fastrtps_c
[9.329s] [ 76%] Built target media_pipe_ros2_msg
[9.371s] [ 78%] [34m[1mGenerating Python code for ROS interfaces[0m
[9.921s] [ 78%] Built target media_pipe_ros2_msg__py
[9.986s] [35m[1mScanning dependencies of target media_pipe_ros2_msg__python[0m
[10.046s] [ 80%] [32mBuilding C object CMakeFiles/media_pipe_ros2_msg__python.dir/rosidl_generator_py/media_pipe_ros2_msg/msg/_point_s.c.o[0m
[10.049s] [ 85%] [32mBuilding C object CMakeFiles/media_pipe_ros2_msg__python.dir/rosidl_generator_py/media_pipe_ros2_msg/msg/_media_pipe_human_s.c.o[0m
[10.050s] [ 85%] [32mBuilding C object CMakeFiles/media_pipe_ros2_msg__python.dir/rosidl_generator_py/media_pipe_ros2_msg/msg/_media_pipe_human_list_s.c.o[0m
[10.733s] [ 87%] [32m[1mLinking C shared library rosidl_generator_py/media_pipe_ros2_msg/libmedia_pipe_ros2_msg__python.so[0m
[10.770s] [ 87%] Built target media_pipe_ros2_msg__python
[10.781s] [35m[1mScanning dependencies of target media_pipe_ros2_msg__rosidl_typesupport_c__pyext[0m
[10.781s] [35m[1mScanning dependencies of target media_pipe_ros2_msg__rosidl_typesupport_fastrtps_c__pyext[0m
[10.781s] [35m[1mScanning dependencies of target media_pipe_ros2_msg__rosidl_typesupport_introspection_c__pyext[0m
[10.800s] [ 89%] [32mBuilding C object CMakeFiles/media_pipe_ros2_msg__rosidl_typesupport_introspection_c__pyext.dir/rosidl_generator_py/media_pipe_ros2_msg/_media_pipe_ros2_msg_s.ep.rosidl_typesupport_introspection_c.c.o[0m
[10.828s] [ 91%] [32mBuilding C object CMakeFiles/media_pipe_ros2_msg__rosidl_typesupport_fastrtps_c__pyext.dir/rosidl_generator_py/media_pipe_ros2_msg/_media_pipe_ros2_msg_s.ep.rosidl_typesupport_fastrtps_c.c.o[0m
[10.835s] [ 93%] [32mBuilding C object CMakeFiles/media_pipe_ros2_msg__rosidl_typesupport_c__pyext.dir/rosidl_generator_py/media_pipe_ros2_msg/_media_pipe_ros2_msg_s.ep.rosidl_typesupport_c.c.o[0m
[10.891s] [ 95%] [32m[1mLinking C shared library rosidl_generator_py/media_pipe_ros2_msg/media_pipe_ros2_msg_s__rosidl_typesupport_introspection_c.cpython-38-x86_64-linux-gnu.so[0m
[10.918s] [ 97%] [32m[1mLinking CXX shared library rosidl_generator_py/media_pipe_ros2_msg/media_pipe_ros2_msg_s__rosidl_typesupport_fastrtps_c.cpython-38-x86_64-linux-gnu.so[0m
[10.922s] [100%] [32m[1mLinking C shared library rosidl_generator_py/media_pipe_ros2_msg/media_pipe_ros2_msg_s__rosidl_typesupport_c.cpython-38-x86_64-linux-gnu.so[0m
[10.928s] [100%] Built target media_pipe_ros2_msg__rosidl_typesupport_introspection_c__pyext
[10.953s] [100%] Built target media_pipe_ros2_msg__rosidl_typesupport_c__pyext
[10.978s] [100%] Built target media_pipe_ros2_msg__rosidl_typesupport_fastrtps_c__pyext
[10.990s] Invoked command in '/home/ros2/media_pipe_ros2/build/media_pipe_ros2_msg' returned '0': CMAKE_PREFIX_PATH=${CMAKE_PREFIX_PATH}:/home/ros2/media_pipe_ros2/install/media_pipe_ros2:/home/ros2/dev_ws/install/py_srvcli:/home/ros2/dev_ws/install/py_pubsub:/home/ros2/dev_ws/install/python_parameters:/opt/ros/galactic /usr/bin/cmake --build /home/ros2/media_pipe_ros2/build/media_pipe_ros2_msg -- -j8 -l8
[11.067s] Invoking command in '/home/ros2/media_pipe_ros2/build/media_pipe_ros2_msg': CMAKE_PREFIX_PATH=${CMAKE_PREFIX_PATH}:/home/ros2/media_pipe_ros2/install/media_pipe_ros2:/home/ros2/dev_ws/install/py_srvcli:/home/ros2/dev_ws/install/py_pubsub:/home/ros2/dev_ws/install/python_parameters:/opt/ros/galactic /usr/bin/cmake --install /home/ros2/media_pipe_ros2/build/media_pipe_ros2_msg
[11.075s] -- Install configuration: ""
[11.075s] -- Up-to-date: /home/ros2/media_pipe_ros2/install/media_pipe_ros2_msg/share/ament_index/resource_index/rosidl_interfaces/media_pipe_ros2_msg
[11.075s] -- Up-to-date: /home/ros2/media_pipe_ros2/install/media_pipe_ros2_msg/include/media_pipe_ros2_msg
[11.075s] -- Up-to-date: /home/ros2/media_pipe_ros2/install/media_pipe_ros2_msg/include/media_pipe_ros2_msg/msg
[11.076s] -- Up-to-date: /home/ros2/media_pipe_ros2/install/media_pipe_ros2_msg/include/media_pipe_ros2_msg/msg/rosidl_generator_c__visibility_control.h
[11.076s] -- Installing: /home/ros2/media_pipe_ros2/install/media_pipe_ros2_msg/include/media_pipe_ros2_msg/msg/media_pipe_human_list.h
[11.076s] -- Installing: /home/ros2/media_pipe_ros2/install/media_pipe_ros2_msg/include/media_pipe_ros2_msg/msg/point.h
[11.076s] -- Up-to-date: /home/ros2/media_pipe_ros2/install/media_pipe_ros2_msg/include/media_pipe_ros2_msg/msg/detail
[11.076s] -- Installing: /home/ros2/media_pipe_ros2/install/media_pipe_ros2_msg/include/media_pipe_ros2_msg/msg/detail/media_pipe_human_list__functions.c
[11.076s] -- Up-to-date: /home/ros2/media_pipe_ros2/install/media_pipe_ros2_msg/include/media_pipe_ros2_msg/msg/detail/mh_landmarks__functions.c
[11.076s] -- Installing: /home/ros2/media_pipe_ros2/install/media_pipe_ros2_msg/include/media_pipe_ros2_msg/msg/detail/point__type_support.h
[11.076s] -- Installing: /home/ros2/media_pipe_ros2/install/media_pipe_ros2_msg/include/media_pipe_ros2_msg/msg/detail/point__functions.h
[11.077s] -- Up-to-date: /home/ros2/media_pipe_ros2/install/media_pipe_ros2_msg/include/media_pipe_ros2_msg/msg/detail/mh_landmarks__functions.h
[11.077s] -- Installing: /home/ros2/media_pipe_ros2/install/media_pipe_ros2_msg/include/media_pipe_ros2_msg/msg/detail/media_pipe_human__functions.c
[11.077s] -- Installing: /home/ros2/media_pipe_ros2/install/media_pipe_ros2_msg/include/media_pipe_ros2_msg/msg/detail/media_pipe_human__struct.h
[11.077s] -- Installing: /home/ros2/media_pipe_ros2/install/media_pipe_ros2_msg/include/media_pipe_ros2_msg/msg/detail/media_pipe_human__functions.h
[11.077s] -- Installing: /home/ros2/media_pipe_ros2/install/media_pipe_ros2_msg/include/media_pipe_ros2_msg/msg/detail/point__functions.c
[11.077s] -- Up-to-date: /home/ros2/media_pipe_ros2/install/media_pipe_ros2_msg/include/media_pipe_ros2_msg/msg/detail/mh_landmarks__type_support.h
[11.077s] -- Installing: /home/ros2/media_pipe_ros2/install/media_pipe_ros2_msg/include/media_pipe_ros2_msg/msg/detail/media_pipe_human_list__functions.h
[11.077s] -- Installing: /home/ros2/media_pipe_ros2/install/media_pipe_ros2_msg/include/media_pipe_ros2_msg/msg/detail/point__struct.h
[11.077s] -- Installing: /home/ros2/media_pipe_ros2/install/media_pipe_ros2_msg/include/media_pipe_ros2_msg/msg/detail/media_pipe_human_list__struct.h
[11.078s] -- Up-to-date: /home/ros2/media_pipe_ros2/install/media_pipe_ros2_msg/include/media_pipe_ros2_msg/msg/detail/mh_landmarks__struct.h
[11.078s] -- Installing: /home/ros2/media_pipe_ros2/install/media_pipe_ros2_msg/include/media_pipe_ros2_msg/msg/detail/media_pipe_human__type_support.h
[11.078s] -- Installing: /home/ros2/media_pipe_ros2/install/media_pipe_ros2_msg/include/media_pipe_ros2_msg/msg/detail/media_pipe_human_list__type_support.h
[11.078s] -- Up-to-date: /home/ros2/media_pipe_ros2/install/media_pipe_ros2_msg/include/media_pipe_ros2_msg/msg/mh_landmarks.h
[11.078s] -- Installing: /home/ros2/media_pipe_ros2/install/media_pipe_ros2_msg/include/media_pipe_ros2_msg/msg/media_pipe_human.h
[11.078s] -- Up-to-date: /home/ros2/media_pipe_ros2/install/media_pipe_ros2_msg/share/media_pipe_ros2_msg/environment/library_path.sh
[11.078s] -- Installing: /home/ros2/media_pipe_ros2/install/media_pipe_ros2_msg/share/media_pipe_ros2_msg/environment/library_path.dsv
[11.078s] -- Installing: /home/ros2/media_pipe_ros2/install/media_pipe_ros2_msg/lib/libmedia_pipe_ros2_msg__rosidl_generator_c.so
[11.078s] -- Set runtime path of "/home/ros2/media_pipe_ros2/install/media_pipe_ros2_msg/lib/libmedia_pipe_ros2_msg__rosidl_generator_c.so" to ""
[11.079s] -- Up-to-date: /home/ros2/media_pipe_ros2/install/media_pipe_ros2_msg/include/media_pipe_ros2_msg
[11.079s] -- Up-to-date: /home/ros2/media_pipe_ros2/install/media_pipe_ros2_msg/include/media_pipe_ros2_msg/msg
[11.079s] -- Up-to-date: /home/ros2/media_pipe_ros2/install/media_pipe_ros2_msg/include/media_pipe_ros2_msg/msg/detail
[11.079s] -- Up-to-date: /home/ros2/media_pipe_ros2/install/media_pipe_ros2_msg/include/media_pipe_ros2_msg/msg/detail/mh_landmarks__rosidl_typesupport_fastrtps_c.h
[11.079s] -- Installing: /home/ros2/media_pipe_ros2/install/media_pipe_ros2_msg/include/media_pipe_ros2_msg/msg/detail/media_pipe_human__rosidl_typesupport_fastrtps_c.h
[11.079s] -- Installing: /home/ros2/media_pipe_ros2/install/media_pipe_ros2_msg/include/media_pipe_ros2_msg/msg/detail/point__rosidl_typesupport_fastrtps_c.h
[11.079s] -- Installing: /home/ros2/media_pipe_ros2/install/media_pipe_ros2_msg/include/media_pipe_ros2_msg/msg/detail/media_pipe_human_list__rosidl_typesupport_fastrtps_c.h
[11.079s] -- Up-to-date: /home/ros2/media_pipe_ros2/install/media_pipe_ros2_msg/include/media_pipe_ros2_msg/msg/rosidl_typesupport_fastrtps_c__visibility_control.h
[11.079s] -- Installing: /home/ros2/media_pipe_ros2/install/media_pipe_ros2_msg/lib/libmedia_pipe_ros2_msg__rosidl_typesupport_fastrtps_c.so
[11.080s] -- Set runtime path of "/home/ros2/media_pipe_ros2/install/media_pipe_ros2_msg/lib/libmedia_pipe_ros2_msg__rosidl_typesupport_fastrtps_c.so" to ""
[11.080s] -- Up-to-date: /home/ros2/media_pipe_ros2/install/media_pipe_ros2_msg/include/media_pipe_ros2_msg
[11.080s] -- Up-to-date: /home/ros2/media_pipe_ros2/install/media_pipe_ros2_msg/include/media_pipe_ros2_msg/msg
[11.080s] -- Up-to-date: /home/ros2/media_pipe_ros2/install/media_pipe_ros2_msg/include/media_pipe_ros2_msg/msg/detail
[11.080s] -- Installing: /home/ros2/media_pipe_ros2/install/media_pipe_ros2_msg/include/media_pipe_ros2_msg/msg/detail/media_pipe_human_list__rosidl_typesupport_fastrtps_cpp.hpp
[11.080s] -- Installing: /home/ros2/media_pipe_ros2/install/media_pipe_ros2_msg/include/media_pipe_ros2_msg/msg/detail/media_pipe_human__rosidl_typesupport_fastrtps_cpp.hpp
[11.081s] -- Installing: /home/ros2/media_pipe_ros2/install/media_pipe_ros2_msg/include/media_pipe_ros2_msg/msg/detail/point__rosidl_typesupport_fastrtps_cpp.hpp
[11.081s] -- Up-to-date: /home/ros2/media_pipe_ros2/install/media_pipe_ros2_msg/include/media_pipe_ros2_msg/msg/detail/dds_fastrtps
[11.081s] -- Up-to-date: /home/ros2/media_pipe_ros2/install/media_pipe_ros2_msg/include/media_pipe_ros2_msg/msg/detail/mh_landmarks__rosidl_typesupport_fastrtps_cpp.hpp
[11.081s] -- Up-to-date: /home/ros2/media_pipe_ros2/install/media_pipe_ros2_msg/include/media_pipe_ros2_msg/msg/rosidl_typesupport_fastrtps_cpp__visibility_control.h
[11.099s] -- Installing: /home/ros2/media_pipe_ros2/install/media_pipe_ros2_msg/lib/libmedia_pipe_ros2_msg__rosidl_typesupport_fastrtps_cpp.so
[11.100s] -- Set runtime path of "/home/ros2/media_pipe_ros2/install/media_pipe_ros2_msg/lib/libmedia_pipe_ros2_msg__rosidl_typesupport_fastrtps_cpp.so" to ""
[11.100s] -- Up-to-date: /home/ros2/media_pipe_ros2/install/media_pipe_ros2_msg/include/media_pipe_ros2_msg
[11.100s] -- Up-to-date: /home/ros2/media_pipe_ros2/install/media_pipe_ros2_msg/include/media_pipe_ros2_msg/msg
[11.100s] -- Up-to-date: /home/ros2/media_pipe_ros2/install/media_pipe_ros2_msg/include/media_pipe_ros2_msg/msg/rosidl_typesupport_introspection_c__visibility_control.h
[11.100s] -- Up-to-date: /home/ros2/media_pipe_ros2/install/media_pipe_ros2_msg/include/media_pipe_ros2_msg/msg/detail
[11.100s] -- Installing: /home/ros2/media_pipe_ros2/install/media_pipe_ros2_msg/include/media_pipe_ros2_msg/msg/detail/point__type_support.c
[11.100s] -- Up-to-date: /home/ros2/media_pipe_ros2/install/media_pipe_ros2_msg/include/media_pipe_ros2_msg/msg/detail/mh_landmarks__rosidl_typesupport_introspection_c.h
[11.101s] -- Installing: /home/ros2/media_pipe_ros2/install/media_pipe_ros2_msg/include/media_pipe_ros2_msg/msg/detail/media_pipe_human_list__type_support.c
[11.101s] -- Up-to-date: /home/ros2/media_pipe_ros2/install/media_pipe_ros2_msg/include/media_pipe_ros2_msg/msg/detail/mh_landmarks__type_support.c
[11.101s] -- Installing: /home/ros2/media_pipe_ros2/install/media_pipe_ros2_msg/include/media_pipe_ros2_msg/msg/detail/point__rosidl_typesupport_introspection_c.h
[11.101s] -- Installing: /home/ros2/media_pipe_ros2/install/media_pipe_ros2_msg/include/media_pipe_ros2_msg/msg/detail/media_pipe_human__type_support.c
[11.101s] -- Installing: /home/ros2/media_pipe_ros2/install/media_pipe_ros2_msg/include/media_pipe_ros2_msg/msg/detail/media_pipe_human_list__rosidl_typesupport_introspection_c.h
[11.101s] -- Installing: /home/ros2/media_pipe_ros2/install/media_pipe_ros2_msg/include/media_pipe_ros2_msg/msg/detail/media_pipe_human__rosidl_typesupport_introspection_c.h
[11.101s] -- Installing: /home/ros2/media_pipe_ros2/install/media_pipe_ros2_msg/lib/libmedia_pipe_ros2_msg__rosidl_typesupport_introspection_c.so
[11.101s] -- Set runtime path of "/home/ros2/media_pipe_ros2/install/media_pipe_ros2_msg/lib/libmedia_pipe_ros2_msg__rosidl_typesupport_introspection_c.so" to ""
[11.101s] -- Installing: /home/ros2/media_pipe_ros2/install/media_pipe_ros2_msg/lib/libmedia_pipe_ros2_msg__rosidl_typesupport_c.so
[11.102s] -- Set runtime path of "/home/ros2/media_pipe_ros2/install/media_pipe_ros2_msg/lib/libmedia_pipe_ros2_msg__rosidl_typesupport_c.so" to ""
[11.102s] -- Up-to-date: /home/ros2/media_pipe_ros2/install/media_pipe_ros2_msg/include/media_pipe_ros2_msg
[11.102s] -- Up-to-date: /home/ros2/media_pipe_ros2/install/media_pipe_ros2_msg/include/media_pipe_ros2_msg/msg
[11.102s] -- Up-to-date: /home/ros2/media_pipe_ros2/install/media_pipe_ros2_msg/include/media_pipe_ros2_msg/msg/mh_landmarks.hpp
[11.102s] -- Installing: /home/ros2/media_pipe_ros2/install/media_pipe_ros2_msg/include/media_pipe_ros2_msg/msg/media_pipe_human.hpp
[11.102s] -- Up-to-date: /home/ros2/media_pipe_ros2/install/media_pipe_ros2_msg/include/media_pipe_ros2_msg/msg/detail
[11.102s] -- Installing: /home/ros2/media_pipe_ros2/install/media_pipe_ros2_msg/include/media_pipe_ros2_msg/msg/detail/media_pipe_human__struct.hpp
[11.102s] -- Installing: /home/ros2/media_pipe_ros2/install/media_pipe_ros2_msg/include/media_pipe_ros2_msg/msg/detail/media_pipe_human_list__traits.hpp
[11.103s] -- Up-to-date: /home/ros2/media_pipe_ros2/install/media_pipe_ros2_msg/include/media_pipe_ros2_msg/msg/detail/mh_landmarks__struct.hpp
[11.103s] -- Up-to-date: /home/ros2/media_pipe_ros2/install/media_pipe_ros2_msg/include/media_pipe_ros2_msg/msg/detail/mh_landmarks__builder.hpp
[11.103s] -- Installing: /home/ros2/media_pipe_ros2/install/media_pipe_ros2_msg/include/media_pipe_ros2_msg/msg/detail/point__builder.hpp
[11.103s] -- Installing: /home/ros2/media_pipe_ros2/install/media_pipe_ros2_msg/include/media_pipe_ros2_msg/msg/detail/point__struct.hpp
[11.103s] -- Installing: /home/ros2/media_pipe_ros2/install/media_pipe_ros2_msg/include/media_pipe_ros2_msg/msg/detail/point__traits.hpp
[11.103s] -- Installing: /home/ros2/media_pipe_ros2/install/media_pipe_ros2_msg/include/media_pipe_ros2_msg/msg/detail/media_pipe_human_list__builder.hpp
[11.103s] -- Up-to-date: /home/ros2/media_pipe_ros2/install/media_pipe_ros2_msg/include/media_pipe_ros2_msg/msg/detail/mh_landmarks__traits.hpp
[11.103s] -- Installing: /home/ros2/media_pipe_ros2/install/media_pipe_ros2_msg/include/media_pipe_ros2_msg/msg/detail/media_pipe_human__builder.hpp
[11.103s] -- Installing: /home/ros2/media_pipe_ros2/install/media_pipe_ros2_msg/include/media_pipe_ros2_msg/msg/detail/media_pipe_human__traits.hpp
[11.104s] -- Installing: /home/ros2/media_pipe_ros2/install/media_pipe_ros2_msg/include/media_pipe_ros2_msg/msg/detail/media_pipe_human_list__struct.hpp
[11.104s] -- Installing: /home/ros2/media_pipe_ros2/install/media_pipe_ros2_msg/include/media_pipe_ros2_msg/msg/point.hpp
[11.104s] -- Installing: /home/ros2/media_pipe_ros2/install/media_pipe_ros2_msg/include/media_pipe_ros2_msg/msg/media_pipe_human_list.hpp
[11.104s] -- Up-to-date: /home/ros2/media_pipe_ros2/install/media_pipe_ros2_msg/include/media_pipe_ros2_msg
[11.104s] -- Up-to-date: /home/ros2/media_pipe_ros2/install/media_pipe_ros2_msg/include/media_pipe_ros2_msg/msg
[11.104s] -- Up-to-date: /home/ros2/media_pipe_ros2/install/media_pipe_ros2_msg/include/media_pipe_ros2_msg/msg/detail
[11.104s] -- Installing: /home/ros2/media_pipe_ros2/install/media_pipe_ros2_msg/include/media_pipe_ros2_msg/msg/detail/point__rosidl_typesupport_introspection_cpp.hpp
[11.104s] -- Up-to-date: /home/ros2/media_pipe_ros2/install/media_pipe_ros2_msg/include/media_pipe_ros2_msg/msg/detail/mh_landmarks__type_support.cpp
[11.104s] -- Installing: /home/ros2/media_pipe_ros2/install/media_pipe_ros2_msg/include/media_pipe_ros2_msg/msg/detail/media_pipe_human__rosidl_typesupport_introspection_cpp.hpp
[11.104s] -- Up-to-date: /home/ros2/media_pipe_ros2/install/media_pipe_ros2_msg/include/media_pipe_ros2_msg/msg/detail/mh_landmarks__rosidl_typesupport_introspection_cpp.hpp
[11.104s] -- Installing: /home/ros2/media_pipe_ros2/install/media_pipe_ros2_msg/include/media_pipe_ros2_msg/msg/detail/media_pipe_human__type_support.cpp
[11.104s] -- Installing: /home/ros2/media_pipe_ros2/install/media_pipe_ros2_msg/include/media_pipe_ros2_msg/msg/detail/point__type_support.cpp
[11.105s] -- Installing: /home/ros2/media_pipe_ros2/install/media_pipe_ros2_msg/include/media_pipe_ros2_msg/msg/detail/media_pipe_human_list__type_support.cpp
[11.105s] -- Installing: /home/ros2/media_pipe_ros2/install/media_pipe_ros2_msg/include/media_pipe_ros2_msg/msg/detail/media_pipe_human_list__rosidl_typesupport_introspection_cpp.hpp
[11.114s] -- Installing: /home/ros2/media_pipe_ros2/install/media_pipe_ros2_msg/lib/libmedia_pipe_ros2_msg__rosidl_typesupport_introspection_cpp.so
[11.114s] -- Set runtime path of "/home/ros2/media_pipe_ros2/install/media_pipe_ros2_msg/lib/libmedia_pipe_ros2_msg__rosidl_typesupport_introspection_cpp.so" to ""
[11.124s] -- Installing: /home/ros2/media_pipe_ros2/install/media_pipe_ros2_msg/lib/libmedia_pipe_ros2_msg__rosidl_typesupport_cpp.so
[11.124s] -- Set runtime path of "/home/ros2/media_pipe_ros2/install/media_pipe_ros2_msg/lib/libmedia_pipe_ros2_msg__rosidl_typesupport_cpp.so" to ""
[11.124s] -- Up-to-date: /home/ros2/media_pipe_ros2/install/media_pipe_ros2_msg/share/media_pipe_ros2_msg/environment/pythonpath.sh
[11.124s] -- Installing: /home/ros2/media_pipe_ros2/install/media_pipe_ros2_msg/share/media_pipe_ros2_msg/environment/pythonpath.dsv
[11.124s] -- Installing: /home/ros2/media_pipe_ros2/install/media_pipe_ros2_msg/lib/python3.8/site-packages/media_pipe_ros2_msg/__init__.py
[11.172s] Compiling '/home/ros2/media_pipe_ros2/install/media_pipe_ros2_msg/lib/python3.8/site-packages/media_pipe_ros2_msg/__init__.py'...
[11.177s] -- Up-to-date: /home/ros2/media_pipe_ros2/install/media_pipe_ros2_msg/lib/python3.8/site-packages/media_pipe_ros2_msg/msg
[11.177s] -- Up-to-date: /home/ros2/media_pipe_ros2/install/media_pipe_ros2_msg/lib/python3.8/site-packages/media_pipe_ros2_msg/msg/_mh_landmarks_s.c
[11.177s] -- Installing: /home/ros2/media_pipe_ros2/install/media_pipe_ros2_msg/lib/python3.8/site-packages/media_pipe_ros2_msg/msg/_point_s.c
[11.178s] -- Installing: /home/ros2/media_pipe_ros2/install/media_pipe_ros2_msg/lib/python3.8/site-packages/media_pipe_ros2_msg/msg/_media_pipe_human_list_s.c
[11.178s] -- Installing: /home/ros2/media_pipe_ros2/install/media_pipe_ros2_msg/lib/python3.8/site-packages/media_pipe_ros2_msg/msg/_media_pipe_human_s.c
[11.178s] -- Installing: /home/ros2/media_pipe_ros2/install/media_pipe_ros2_msg/lib/python3.8/site-packages/media_pipe_ros2_msg/msg/_media_pipe_human.py
[11.178s] -- Installing: /home/ros2/media_pipe_ros2/install/media_pipe_ros2_msg/lib/python3.8/site-packages/media_pipe_ros2_msg/msg/_media_pipe_human_list.py
[11.178s] -- Up-to-date: /home/ros2/media_pipe_ros2/install/media_pipe_ros2_msg/lib/python3.8/site-packages/media_pipe_ros2_msg/msg/_mh_landmarks.py
[11.178s] -- Installing: /home/ros2/media_pipe_ros2/install/media_pipe_ros2_msg/lib/python3.8/site-packages/media_pipe_ros2_msg/msg/_point.py
[11.178s] -- Installing: /home/ros2/media_pipe_ros2/install/media_pipe_ros2_msg/lib/python3.8/site-packages/media_pipe_ros2_msg/msg/__init__.py
[11.212s] -- Installing: /home/ros2/media_pipe_ros2/install/media_pipe_ros2_msg/lib/python3.8/site-packages/media_pipe_ros2_msg/media_pipe_ros2_msg_s__rosidl_typesupport_fastrtps_c.cpython-38-x86_64-linux-gnu.so
[11.214s] -- Set runtime path of "/home/ros2/media_pipe_ros2/install/media_pipe_ros2_msg/lib/python3.8/site-packages/media_pipe_ros2_msg/media_pipe_ros2_msg_s__rosidl_typesupport_fastrtps_c.cpython-38-x86_64-linux-gnu.so" to ""
[11.216s] -- Installing: /home/ros2/media_pipe_ros2/install/media_pipe_ros2_msg/lib/python3.8/site-packages/media_pipe_ros2_msg/media_pipe_ros2_msg_s__rosidl_typesupport_introspection_c.cpython-38-x86_64-linux-gnu.so
[11.218s] -- Set runtime path of "/home/ros2/media_pipe_ros2/install/media_pipe_ros2_msg/lib/python3.8/site-packages/media_pipe_ros2_msg/media_pipe_ros2_msg_s__rosidl_typesupport_introspection_c.cpython-38-x86_64-linux-gnu.so" to ""
[11.220s] -- Installing: /home/ros2/media_pipe_ros2/install/media_pipe_ros2_msg/lib/python3.8/site-packages/media_pipe_ros2_msg/media_pipe_ros2_msg_s__rosidl_typesupport_c.cpython-38-x86_64-linux-gnu.so
[11.221s] -- Set runtime path of "/home/ros2/media_pipe_ros2/install/media_pipe_ros2_msg/lib/python3.8/site-packages/media_pipe_ros2_msg/media_pipe_ros2_msg_s__rosidl_typesupport_c.cpython-38-x86_64-linux-gnu.so" to ""
[11.222s] -- Installing: /home/ros2/media_pipe_ros2/install/media_pipe_ros2_msg/lib/libmedia_pipe_ros2_msg__python.so
[11.223s] -- Set runtime path of "/home/ros2/media_pipe_ros2/install/media_pipe_ros2_msg/lib/libmedia_pipe_ros2_msg__python.so" to ""
[11.225s] -- Installing: /home/ros2/media_pipe_ros2/install/media_pipe_ros2_msg/share/media_pipe_ros2_msg/msg/Point.idl
[11.225s] -- Up-to-date: /home/ros2/media_pipe_ros2/install/media_pipe_ros2_msg/share/media_pipe_ros2_msg/msg/MediaPipeHuman.idl
[11.226s] -- Up-to-date: /home/ros2/media_pipe_ros2/install/media_pipe_ros2_msg/share/media_pipe_ros2_msg/msg/MediaPipeHumanList.idl
[11.227s] -- Installing: /home/ros2/media_pipe_ros2/install/media_pipe_ros2_msg/share/media_pipe_ros2_msg/msg/Point.msg
[11.228s] -- Up-to-date: /home/ros2/media_pipe_ros2/install/media_pipe_ros2_msg/share/media_pipe_ros2_msg/msg/MediaPipeHuman.msg
[11.229s] -- Up-to-date: /home/ros2/media_pipe_ros2/install/media_pipe_ros2_msg/share/media_pipe_ros2_msg/msg/MediaPipeHumanList.msg
[11.229s] -- Up-to-date: /home/ros2/media_pipe_ros2/install/media_pipe_ros2_msg/share/ament_index/resource_index/package_run_dependencies/media_pipe_ros2_msg
[11.230s] -- Up-to-date: /home/ros2/media_pipe_ros2/install/media_pipe_ros2_msg/share/ament_index/resource_index/parent_prefix_path/media_pipe_ros2_msg
[11.230s] -- Up-to-date: /home/ros2/media_pipe_ros2/install/media_pipe_ros2_msg/share/media_pipe_ros2_msg/environment/ament_prefix_path.sh
[11.231s] -- Installing: /home/ros2/media_pipe_ros2/install/media_pipe_ros2_msg/share/media_pipe_ros2_msg/environment/ament_prefix_path.dsv
[11.232s] -- Up-to-date: /home/ros2/media_pipe_ros2/install/media_pipe_ros2_msg/share/media_pipe_ros2_msg/environment/path.sh
[11.232s] -- Installing: /home/ros2/media_pipe_ros2/install/media_pipe_ros2_msg/share/media_pipe_ros2_msg/environment/path.dsv
[11.232s] -- Up-to-date: /home/ros2/media_pipe_ros2/install/media_pipe_ros2_msg/share/media_pipe_ros2_msg/local_setup.bash
[11.233s] -- Up-to-date: /home/ros2/media_pipe_ros2/install/media_pipe_ros2_msg/share/media_pipe_ros2_msg/local_setup.sh
[11.233s] -- Up-to-date: /home/ros2/media_pipe_ros2/install/media_pipe_ros2_msg/share/media_pipe_ros2_msg/local_setup.zsh
[11.233s] -- Installing: /home/ros2/media_pipe_ros2/install/media_pipe_ros2_msg/share/media_pipe_ros2_msg/local_setup.dsv
[11.234s] -- Installing: /home/ros2/media_pipe_ros2/install/media_pipe_ros2_msg/share/media_pipe_ros2_msg/package.dsv
[11.234s] -- Up-to-date: /home/ros2/media_pipe_ros2/install/media_pipe_ros2_msg/share/ament_index/resource_index/packages/media_pipe_ros2_msg
[11.240s] -- Up-to-date: /home/ros2/media_pipe_ros2/install/media_pipe_ros2_msg/share/media_pipe_ros2_msg/cmake/media_pipe_ros2_msg__rosidl_generator_cExport.cmake
[11.240s] -- Installing: /home/ros2/media_pipe_ros2/install/media_pipe_ros2_msg/share/media_pipe_ros2_msg/cmake/media_pipe_ros2_msg__rosidl_generator_cExport-noconfig.cmake
[11.250s] -- Up-to-date: /home/ros2/media_pipe_ros2/install/media_pipe_ros2_msg/share/media_pipe_ros2_msg/cmake/media_pipe_ros2_msg__rosidl_typesupport_introspection_cExport.cmake
[11.250s] -- Installing: /home/ros2/media_pipe_ros2/install/media_pipe_ros2_msg/share/media_pipe_ros2_msg/cmake/media_pipe_ros2_msg__rosidl_typesupport_introspection_cExport-noconfig.cmake
[11.250s] -- Up-to-date: /home/ros2/media_pipe_ros2/install/media_pipe_ros2_msg/share/media_pipe_ros2_msg/cmake/media_pipe_ros2_msg__rosidl_typesupport_cExport.cmake
[11.251s] -- Installing: /home/ros2/media_pipe_ros2/install/media_pipe_ros2_msg/share/media_pipe_ros2_msg/cmake/media_pipe_ros2_msg__rosidl_typesupport_cExport-noconfig.cmake
[11.255s] -- Up-to-date: /home/ros2/media_pipe_ros2/install/media_pipe_ros2_msg/share/media_pipe_ros2_msg/cmake/media_pipe_ros2_msg__rosidl_generator_cppExport.cmake
[11.255s] -- Up-to-date: /home/ros2/media_pipe_ros2/install/media_pipe_ros2_msg/share/media_pipe_ros2_msg/cmake/media_pipe_ros2_msg__rosidl_typesupport_introspection_cppExport.cmake
[11.255s] -- Installing: /home/ros2/media_pipe_ros2/install/media_pipe_ros2_msg/share/media_pipe_ros2_msg/cmake/media_pipe_ros2_msg__rosidl_typesupport_introspection_cppExport-noconfig.cmake
[11.259s] -- Up-to-date: /home/ros2/media_pipe_ros2/install/media_pipe_ros2_msg/share/media_pipe_ros2_msg/cmake/media_pipe_ros2_msg__rosidl_typesupport_cppExport.cmake
[11.260s] -- Installing: /home/ros2/media_pipe_ros2/install/media_pipe_ros2_msg/share/media_pipe_ros2_msg/cmake/media_pipe_ros2_msg__rosidl_typesupport_cppExport-noconfig.cmake
[11.260s] -- Up-to-date: /home/ros2/media_pipe_ros2/install/media_pipe_ros2_msg/share/media_pipe_ros2_msg/cmake/rosidl_cmake-extras.cmake
[11.260s] -- Up-to-date: /home/ros2/media_pipe_ros2/install/media_pipe_ros2_msg/share/media_pipe_ros2_msg/cmake/ament_cmake_export_dependencies-extras.cmake
[11.260s] -- Up-to-date: /home/ros2/media_pipe_ros2/install/media_pipe_ros2_msg/share/media_pipe_ros2_msg/cmake/ament_cmake_export_libraries-extras.cmake
[11.260s] -- Up-to-date: /home/ros2/media_pipe_ros2/install/media_pipe_ros2_msg/share/media_pipe_ros2_msg/cmake/ament_cmake_export_targets-extras.cmake
[11.260s] -- Up-to-date: /home/ros2/media_pipe_ros2/install/media_pipe_ros2_msg/share/media_pipe_ros2_msg/cmake/ament_cmake_export_include_directories-extras.cmake
[11.260s] -- Up-to-date: /home/ros2/media_pipe_ros2/install/media_pipe_ros2_msg/share/media_pipe_ros2_msg/cmake/rosidl_cmake_export_typesupport_libraries-extras.cmake
[11.261s] -- Up-to-date: /home/ros2/media_pipe_ros2/install/media_pipe_ros2_msg/share/media_pipe_ros2_msg/cmake/rosidl_cmake_export_typesupport_targets-extras.cmake
[11.261s] -- Up-to-date: /home/ros2/media_pipe_ros2/install/media_pipe_ros2_msg/share/media_pipe_ros2_msg/cmake/media_pipe_ros2_msgConfig.cmake
[11.261s] -- Up-to-date: /home/ros2/media_pipe_ros2/install/media_pipe_ros2_msg/share/media_pipe_ros2_msg/cmake/media_pipe_ros2_msgConfig-version.cmake
[11.261s] -- Up-to-date: /home/ros2/media_pipe_ros2/install/media_pipe_ros2_msg/share/media_pipe_ros2_msg/package.xml
[11.265s] Invoked command in '/home/ros2/media_pipe_ros2/build/media_pipe_ros2_msg' returned '0': CMAKE_PREFIX_PATH=${CMAKE_PREFIX_PATH}:/home/ros2/media_pipe_ros2/install/media_pipe_ros2:/home/ros2/dev_ws/install/py_srvcli:/home/ros2/dev_ws/install/py_pubsub:/home/ros2/dev_ws/install/python_parameters:/opt/ros/galactic /usr/bin/cmake --install /home/ros2/media_pipe_ros2/build/media_pipe_ros2_msg
