[  2%] Built target media_pipe_ros2_msg__cpp
[ 12%] Built target media_pipe_ros2_msg__rosidl_generator_c
[ 23%] Built target media_pipe_ros2_msg__rosidl_typesupport_fastrtps_cpp
[ 34%] Built target media_pipe_ros2_msg__rosidl_typesupport_c
[ 44%] Built target media_pipe_ros2_msg__rosidl_typesupport_cpp
[ 55%] Built target media_pipe_ros2_msg__rosidl_typesupport_introspection_cpp
[ 65%] Built target media_pipe_ros2_msg__rosidl_typesupport_introspection_c
[ 76%] Built target media_pipe_ros2_msg__rosidl_typesupport_fastrtps_c
[ 76%] Built target media_pipe_ros2_msg
[ 78%] Built target media_pipe_ros2_msg__py
[ 87%] Built target media_pipe_ros2_msg__python
[ 91%] Built target media_pipe_ros2_msg__rosidl_typesupport_introspection_c__pyext
[ 95%] Built target media_pipe_ros2_msg__rosidl_typesupport_c__pyext
[100%] Built target media_pipe_ros2_msg__rosidl_typesupport_fastrtps_c__pyext
-- Install configuration: ""
-- Up-to-date: /home/ros2/media_pipe_ros2/install/media_pipe_ros2_msg/share/ament_index/resource_index/rosidl_interfaces/media_pipe_ros2_msg
-- Up-to-date: /home/ros2/media_pipe_ros2/install/media_pipe_ros2_msg/include/media_pipe_ros2_msg
-- Up-to-date: /home/ros2/media_pipe_ros2/install/media_pipe_ros2_msg/include/media_pipe_ros2_msg/msg
-- Up-to-date: /home/ros2/media_pipe_ros2/install/media_pipe_ros2_msg/include/media_pipe_ros2_msg/msg/rosidl_generator_c__visibility_control.h
-- Up-to-date: /home/ros2/media_pipe_ros2/install/media_pipe_ros2_msg/include/media_pipe_ros2_msg/msg/media_pipe_human_list.h
-- Up-to-date: /home/ros2/media_pipe_ros2/install/media_pipe_ros2_msg/include/media_pipe_ros2_msg/msg/point.h
-- Up-to-date: /home/ros2/media_pipe_ros2/install/media_pipe_ros2_msg/include/media_pipe_ros2_msg/msg/detail
-- Up-to-date: /home/ros2/media_pipe_ros2/install/media_pipe_ros2_msg/include/media_pipe_ros2_msg/msg/detail/media_pipe_human_list__functions.c
-- Up-to-date: /home/ros2/media_pipe_ros2/install/media_pipe_ros2_msg/include/media_pipe_ros2_msg/msg/detail/mh_landmarks__functions.c
-- Up-to-date: /home/ros2/media_pipe_ros2/install/media_pipe_ros2_msg/include/media_pipe_ros2_msg/msg/detail/point__type_support.h
-- Up-to-date: /home/ros2/media_pipe_ros2/install/media_pipe_ros2_msg/include/media_pipe_ros2_msg/msg/detail/point__functions.h
-- Up-to-date: /home/ros2/media_pipe_ros2/install/media_pipe_ros2_msg/include/media_pipe_ros2_msg/msg/detail/mh_landmarks__functions.h
-- Up-to-date: /home/ros2/media_pipe_ros2/install/media_pipe_ros2_msg/include/media_pipe_ros2_msg/msg/detail/media_pipe_human__functions.c
-- Up-to-date: /home/ros2/media_pipe_ros2/install/media_pipe_ros2_msg/include/media_pipe_ros2_msg/msg/detail/media_pipe_human__struct.h
-- Up-to-date: /home/ros2/media_pipe_ros2/install/media_pipe_ros2_msg/include/media_pipe_ros2_msg/msg/detail/media_pipe_human__functions.h
-- Up-to-date: /home/ros2/media_pipe_ros2/install/media_pipe_ros2_msg/include/media_pipe_ros2_msg/msg/detail/point__functions.c
-- Up-to-date: /home/ros2/media_pipe_ros2/install/media_pipe_ros2_msg/include/media_pipe_ros2_msg/msg/detail/mh_landmarks__type_support.h
-- Up-to-date: /home/ros2/media_pipe_ros2/install/media_pipe_ros2_msg/include/media_pipe_ros2_msg/msg/detail/media_pipe_human_list__functions.h
-- Up-to-date: /home/ros2/media_pipe_ros2/install/media_pipe_ros2_msg/include/media_pipe_ros2_msg/msg/detail/point__struct.h
-- Up-to-date: /home/ros2/media_pipe_ros2/install/media_pipe_ros2_msg/include/media_pipe_ros2_msg/msg/detail/media_pipe_human_list__struct.h
-- Up-to-date: /home/ros2/media_pipe_ros2/install/media_pipe_ros2_msg/include/media_pipe_ros2_msg/msg/detail/mh_landmarks__struct.h
-- Up-to-date: /home/ros2/media_pipe_ros2/install/media_pipe_ros2_msg/include/media_pipe_ros2_msg/msg/detail/media_pipe_human__type_support.h
-- Up-to-date: /home/ros2/media_pipe_ros2/install/media_pipe_ros2_msg/include/media_pipe_ros2_msg/msg/detail/media_pipe_human_list__type_support.h
-- Up-to-date: /home/ros2/media_pipe_ros2/install/media_pipe_ros2_msg/include/media_pipe_ros2_msg/msg/mh_landmarks.h
-- Up-to-date: /home/ros2/media_pipe_ros2/install/media_pipe_ros2_msg/include/media_pipe_ros2_msg/msg/media_pipe_human.h
-- Up-to-date: /home/ros2/media_pipe_ros2/install/media_pipe_ros2_msg/share/media_pipe_ros2_msg/environment/library_path.sh
-- Up-to-date: /home/ros2/media_pipe_ros2/install/media_pipe_ros2_msg/share/media_pipe_ros2_msg/environment/library_path.dsv
-- Up-to-date: /home/ros2/media_pipe_ros2/install/media_pipe_ros2_msg/lib/libmedia_pipe_ros2_msg__rosidl_generator_c.so
-- Up-to-date: /home/ros2/media_pipe_ros2/install/media_pipe_ros2_msg/include/media_pipe_ros2_msg
-- Up-to-date: /home/ros2/media_pipe_ros2/install/media_pipe_ros2_msg/include/media_pipe_ros2_msg/msg
-- Up-to-date: /home/ros2/media_pipe_ros2/install/media_pipe_ros2_msg/include/media_pipe_ros2_msg/msg/detail
-- Up-to-date: /home/ros2/media_pipe_ros2/install/media_pipe_ros2_msg/include/media_pipe_ros2_msg/msg/detail/mh_landmarks__rosidl_typesupport_fastrtps_c.h
-- Up-to-date: /home/ros2/media_pipe_ros2/install/media_pipe_ros2_msg/include/media_pipe_ros2_msg/msg/detail/media_pipe_human__rosidl_typesupport_fastrtps_c.h
-- Up-to-date: /home/ros2/media_pipe_ros2/install/media_pipe_ros2_msg/include/media_pipe_ros2_msg/msg/detail/point__rosidl_typesupport_fastrtps_c.h
-- Up-to-date: /home/ros2/media_pipe_ros2/install/media_pipe_ros2_msg/include/media_pipe_ros2_msg/msg/detail/media_pipe_human_list__rosidl_typesupport_fastrtps_c.h
-- Up-to-date: /home/ros2/media_pipe_ros2/install/media_pipe_ros2_msg/include/media_pipe_ros2_msg/msg/rosidl_typesupport_fastrtps_c__visibility_control.h
-- Up-to-date: /home/ros2/media_pipe_ros2/install/media_pipe_ros2_msg/lib/libmedia_pipe_ros2_msg__rosidl_typesupport_fastrtps_c.so
-- Up-to-date: /home/ros2/media_pipe_ros2/install/media_pipe_ros2_msg/include/media_pipe_ros2_msg
-- Up-to-date: /home/ros2/media_pipe_ros2/install/media_pipe_ros2_msg/include/media_pipe_ros2_msg/msg
-- Up-to-date: /home/ros2/media_pipe_ros2/install/media_pipe_ros2_msg/include/media_pipe_ros2_msg/msg/detail
-- Up-to-date: /home/ros2/media_pipe_ros2/install/media_pipe_ros2_msg/include/media_pipe_ros2_msg/msg/detail/media_pipe_human_list__rosidl_typesupport_fastrtps_cpp.hpp
-- Up-to-date: /home/ros2/media_pipe_ros2/install/media_pipe_ros2_msg/include/media_pipe_ros2_msg/msg/detail/media_pipe_human__rosidl_typesupport_fastrtps_cpp.hpp
-- Up-to-date: /home/ros2/media_pipe_ros2/install/media_pipe_ros2_msg/include/media_pipe_ros2_msg/msg/detail/point__rosidl_typesupport_fastrtps_cpp.hpp
-- Up-to-date: /home/ros2/media_pipe_ros2/install/media_pipe_ros2_msg/include/media_pipe_ros2_msg/msg/detail/dds_fastrtps
-- Up-to-date: /home/ros2/media_pipe_ros2/install/media_pipe_ros2_msg/include/media_pipe_ros2_msg/msg/detail/mh_landmarks__rosidl_typesupport_fastrtps_cpp.hpp
-- Up-to-date: /home/ros2/media_pipe_ros2/install/media_pipe_ros2_msg/include/media_pipe_ros2_msg/msg/rosidl_typesupport_fastrtps_cpp__visibility_control.h
-- Up-to-date: /home/ros2/media_pipe_ros2/install/media_pipe_ros2_msg/lib/libmedia_pipe_ros2_msg__rosidl_typesupport_fastrtps_cpp.so
-- Up-to-date: /home/ros2/media_pipe_ros2/install/media_pipe_ros2_msg/include/media_pipe_ros2_msg
-- Up-to-date: /home/ros2/media_pipe_ros2/install/media_pipe_ros2_msg/include/media_pipe_ros2_msg/msg
-- Up-to-date: /home/ros2/media_pipe_ros2/install/media_pipe_ros2_msg/include/media_pipe_ros2_msg/msg/rosidl_typesupport_introspection_c__visibility_control.h
-- Up-to-date: /home/ros2/media_pipe_ros2/install/media_pipe_ros2_msg/include/media_pipe_ros2_msg/msg/detail
-- Up-to-date: /home/ros2/media_pipe_ros2/install/media_pipe_ros2_msg/include/media_pipe_ros2_msg/msg/detail/point__type_support.c
-- Up-to-date: /home/ros2/media_pipe_ros2/install/media_pipe_ros2_msg/include/media_pipe_ros2_msg/msg/detail/mh_landmarks__rosidl_typesupport_introspection_c.h
-- Up-to-date: /home/ros2/media_pipe_ros2/install/media_pipe_ros2_msg/include/media_pipe_ros2_msg/msg/detail/media_pipe_human_list__type_support.c
-- Up-to-date: /home/ros2/media_pipe_ros2/install/media_pipe_ros2_msg/include/media_pipe_ros2_msg/msg/detail/mh_landmarks__type_support.c
-- Up-to-date: /home/ros2/media_pipe_ros2/install/media_pipe_ros2_msg/include/media_pipe_ros2_msg/msg/detail/point__rosidl_typesupport_introspection_c.h
-- Up-to-date: /home/ros2/media_pipe_ros2/install/media_pipe_ros2_msg/include/media_pipe_ros2_msg/msg/detail/media_pipe_human__type_support.c
-- Up-to-date: /home/ros2/media_pipe_ros2/install/media_pipe_ros2_msg/include/media_pipe_ros2_msg/msg/detail/media_pipe_human_list__rosidl_typesupport_introspection_c.h
-- Up-to-date: /home/ros2/media_pipe_ros2/install/media_pipe_ros2_msg/include/media_pipe_ros2_msg/msg/detail/media_pipe_human__rosidl_typesupport_introspection_c.h
-- Up-to-date: /home/ros2/media_pipe_ros2/install/media_pipe_ros2_msg/lib/libmedia_pipe_ros2_msg__rosidl_typesupport_introspection_c.so
-- Up-to-date: /home/ros2/media_pipe_ros2/install/media_pipe_ros2_msg/lib/libmedia_pipe_ros2_msg__rosidl_typesupport_c.so
-- Up-to-date: /home/ros2/media_pipe_ros2/install/media_pipe_ros2_msg/include/media_pipe_ros2_msg
-- Up-to-date: /home/ros2/media_pipe_ros2/install/media_pipe_ros2_msg/include/media_pipe_ros2_msg/msg
-- Up-to-date: /home/ros2/media_pipe_ros2/install/media_pipe_ros2_msg/include/media_pipe_ros2_msg/msg/mh_landmarks.hpp
-- Up-to-date: /home/ros2/media_pipe_ros2/install/media_pipe_ros2_msg/include/media_pipe_ros2_msg/msg/media_pipe_human.hpp
-- Up-to-date: /home/ros2/media_pipe_ros2/install/media_pipe_ros2_msg/include/media_pipe_ros2_msg/msg/detail
-- Up-to-date: /home/ros2/media_pipe_ros2/install/media_pipe_ros2_msg/include/media_pipe_ros2_msg/msg/detail/media_pipe_human__struct.hpp
-- Up-to-date: /home/ros2/media_pipe_ros2/install/media_pipe_ros2_msg/include/media_pipe_ros2_msg/msg/detail/media_pipe_human_list__traits.hpp
-- Up-to-date: /home/ros2/media_pipe_ros2/install/media_pipe_ros2_msg/include/media_pipe_ros2_msg/msg/detail/mh_landmarks__struct.hpp
-- Up-to-date: /home/ros2/media_pipe_ros2/install/media_pipe_ros2_msg/include/media_pipe_ros2_msg/msg/detail/mh_landmarks__builder.hpp
-- Up-to-date: /home/ros2/media_pipe_ros2/install/media_pipe_ros2_msg/include/media_pipe_ros2_msg/msg/detail/point__builder.hpp
-- Up-to-date: /home/ros2/media_pipe_ros2/install/media_pipe_ros2_msg/include/media_pipe_ros2_msg/msg/detail/point__struct.hpp
-- Up-to-date: /home/ros2/media_pipe_ros2/install/media_pipe_ros2_msg/include/media_pipe_ros2_msg/msg/detail/point__traits.hpp
-- Up-to-date: /home/ros2/media_pipe_ros2/install/media_pipe_ros2_msg/include/media_pipe_ros2_msg/msg/detail/media_pipe_human_list__builder.hpp
-- Up-to-date: /home/ros2/media_pipe_ros2/install/media_pipe_ros2_msg/include/media_pipe_ros2_msg/msg/detail/mh_landmarks__traits.hpp
-- Up-to-date: /home/ros2/media_pipe_ros2/install/media_pipe_ros2_msg/include/media_pipe_ros2_msg/msg/detail/media_pipe_human__builder.hpp
-- Up-to-date: /home/ros2/media_pipe_ros2/install/media_pipe_ros2_msg/include/media_pipe_ros2_msg/msg/detail/media_pipe_human__traits.hpp
-- Up-to-date: /home/ros2/media_pipe_ros2/install/media_pipe_ros2_msg/include/media_pipe_ros2_msg/msg/detail/media_pipe_human_list__struct.hpp
-- Up-to-date: /home/ros2/media_pipe_ros2/install/media_pipe_ros2_msg/include/media_pipe_ros2_msg/msg/point.hpp
-- Up-to-date: /home/ros2/media_pipe_ros2/install/media_pipe_ros2_msg/include/media_pipe_ros2_msg/msg/media_pipe_human_list.hpp
-- Up-to-date: /home/ros2/media_pipe_ros2/install/media_pipe_ros2_msg/include/media_pipe_ros2_msg
-- Up-to-date: /home/ros2/media_pipe_ros2/install/media_pipe_ros2_msg/include/media_pipe_ros2_msg/msg
-- Up-to-date: /home/ros2/media_pipe_ros2/install/media_pipe_ros2_msg/include/media_pipe_ros2_msg/msg/detail
-- Up-to-date: /home/ros2/media_pipe_ros2/install/media_pipe_ros2_msg/include/media_pipe_ros2_msg/msg/detail/point__rosidl_typesupport_introspection_cpp.hpp
-- Up-to-date: /home/ros2/media_pipe_ros2/install/media_pipe_ros2_msg/include/media_pipe_ros2_msg/msg/detail/mh_landmarks__type_support.cpp
-- Up-to-date: /home/ros2/media_pipe_ros2/install/media_pipe_ros2_msg/include/media_pipe_ros2_msg/msg/detail/media_pipe_human__rosidl_typesupport_introspection_cpp.hpp
-- Up-to-date: /home/ros2/media_pipe_ros2/install/media_pipe_ros2_msg/include/media_pipe_ros2_msg/msg/detail/mh_landmarks__rosidl_typesupport_introspection_cpp.hpp
-- Up-to-date: /home/ros2/media_pipe_ros2/install/media_pipe_ros2_msg/include/media_pipe_ros2_msg/msg/detail/media_pipe_human__type_support.cpp
-- Up-to-date: /home/ros2/media_pipe_ros2/install/media_pipe_ros2_msg/include/media_pipe_ros2_msg/msg/detail/point__type_support.cpp
-- Up-to-date: /home/ros2/media_pipe_ros2/install/media_pipe_ros2_msg/include/media_pipe_ros2_msg/msg/detail/media_pipe_human_list__type_support.cpp
-- Up-to-date: /home/ros2/media_pipe_ros2/install/media_pipe_ros2_msg/include/media_pipe_ros2_msg/msg/detail/media_pipe_human_list__rosidl_typesupport_introspection_cpp.hpp
-- Up-to-date: /home/ros2/media_pipe_ros2/install/media_pipe_ros2_msg/lib/libmedia_pipe_ros2_msg__rosidl_typesupport_introspection_cpp.so
-- Up-to-date: /home/ros2/media_pipe_ros2/install/media_pipe_ros2_msg/lib/libmedia_pipe_ros2_msg__rosidl_typesupport_cpp.so
-- Up-to-date: /home/ros2/media_pipe_ros2/install/media_pipe_ros2_msg/share/media_pipe_ros2_msg/environment/pythonpath.sh
-- Up-to-date: /home/ros2/media_pipe_ros2/install/media_pipe_ros2_msg/share/media_pipe_ros2_msg/environment/pythonpath.dsv
-- Up-to-date: /home/ros2/media_pipe_ros2/install/media_pipe_ros2_msg/lib/python3.8/site-packages/media_pipe_ros2_msg/__init__.py
-- Up-to-date: /home/ros2/media_pipe_ros2/install/media_pipe_ros2_msg/lib/python3.8/site-packages/media_pipe_ros2_msg/msg
-- Up-to-date: /home/ros2/media_pipe_ros2/install/media_pipe_ros2_msg/lib/python3.8/site-packages/media_pipe_ros2_msg/msg/_mh_landmarks_s.c
-- Up-to-date: /home/ros2/media_pipe_ros2/install/media_pipe_ros2_msg/lib/python3.8/site-packages/media_pipe_ros2_msg/msg/_point_s.c
-- Up-to-date: /home/ros2/media_pipe_ros2/install/media_pipe_ros2_msg/lib/python3.8/site-packages/media_pipe_ros2_msg/msg/_media_pipe_human_list_s.c
-- Up-to-date: /home/ros2/media_pipe_ros2/install/media_pipe_ros2_msg/lib/python3.8/site-packages/media_pipe_ros2_msg/msg/_media_pipe_human_s.c
-- Up-to-date: /home/ros2/media_pipe_ros2/install/media_pipe_ros2_msg/lib/python3.8/site-packages/media_pipe_ros2_msg/msg/_media_pipe_human.py
-- Up-to-date: /home/ros2/media_pipe_ros2/install/media_pipe_ros2_msg/lib/python3.8/site-packages/media_pipe_ros2_msg/msg/_media_pipe_human_list.py
-- Up-to-date: /home/ros2/media_pipe_ros2/install/media_pipe_ros2_msg/lib/python3.8/site-packages/media_pipe_ros2_msg/msg/_mh_landmarks.py
-- Up-to-date: /home/ros2/media_pipe_ros2/install/media_pipe_ros2_msg/lib/python3.8/site-packages/media_pipe_ros2_msg/msg/_point.py
-- Up-to-date: /home/ros2/media_pipe_ros2/install/media_pipe_ros2_msg/lib/python3.8/site-packages/media_pipe_ros2_msg/msg/__init__.py
-- Up-to-date: /home/ros2/media_pipe_ros2/install/media_pipe_ros2_msg/lib/python3.8/site-packages/media_pipe_ros2_msg/media_pipe_ros2_msg_s__rosidl_typesupport_fastrtps_c.cpython-38-x86_64-linux-gnu.so
-- Up-to-date: /home/ros2/media_pipe_ros2/install/media_pipe_ros2_msg/lib/python3.8/site-packages/media_pipe_ros2_msg/media_pipe_ros2_msg_s__rosidl_typesupport_introspection_c.cpython-38-x86_64-linux-gnu.so
-- Up-to-date: /home/ros2/media_pipe_ros2/install/media_pipe_ros2_msg/lib/python3.8/site-packages/media_pipe_ros2_msg/media_pipe_ros2_msg_s__rosidl_typesupport_c.cpython-38-x86_64-linux-gnu.so
-- Up-to-date: /home/ros2/media_pipe_ros2/install/media_pipe_ros2_msg/lib/libmedia_pipe_ros2_msg__python.so
-- Up-to-date: /home/ros2/media_pipe_ros2/install/media_pipe_ros2_msg/share/media_pipe_ros2_msg/msg/Point.idl
-- Up-to-date: /home/ros2/media_pipe_ros2/install/media_pipe_ros2_msg/share/media_pipe_ros2_msg/msg/MediaPipeHuman.idl
-- Up-to-date: /home/ros2/media_pipe_ros2/install/media_pipe_ros2_msg/share/media_pipe_ros2_msg/msg/MediaPipeHumanList.idl
-- Up-to-date: /home/ros2/media_pipe_ros2/install/media_pipe_ros2_msg/share/media_pipe_ros2_msg/msg/Point.msg
-- Up-to-date: /home/ros2/media_pipe_ros2/install/media_pipe_ros2_msg/share/media_pipe_ros2_msg/msg/MediaPipeHuman.msg
-- Up-to-date: /home/ros2/media_pipe_ros2/install/media_pipe_ros2_msg/share/media_pipe_ros2_msg/msg/MediaPipeHumanList.msg
-- Up-to-date: /home/ros2/media_pipe_ros2/install/media_pipe_ros2_msg/share/ament_index/resource_index/package_run_dependencies/media_pipe_ros2_msg
-- Up-to-date: /home/ros2/media_pipe_ros2/install/media_pipe_ros2_msg/share/ament_index/resource_index/parent_prefix_path/media_pipe_ros2_msg
-- Up-to-date: /home/ros2/media_pipe_ros2/install/media_pipe_ros2_msg/share/media_pipe_ros2_msg/environment/ament_prefix_path.sh
-- Up-to-date: /home/ros2/media_pipe_ros2/install/media_pipe_ros2_msg/share/media_pipe_ros2_msg/environment/ament_prefix_path.dsv
-- Up-to-date: /home/ros2/media_pipe_ros2/install/media_pipe_ros2_msg/share/media_pipe_ros2_msg/environment/path.sh
-- Up-to-date: /home/ros2/media_pipe_ros2/install/media_pipe_ros2_msg/share/media_pipe_ros2_msg/environment/path.dsv
-- Up-to-date: /home/ros2/media_pipe_ros2/install/media_pipe_ros2_msg/share/media_pipe_ros2_msg/local_setup.bash
-- Up-to-date: /home/ros2/media_pipe_ros2/install/media_pipe_ros2_msg/share/media_pipe_ros2_msg/local_setup.sh
-- Up-to-date: /home/ros2/media_pipe_ros2/install/media_pipe_ros2_msg/share/media_pipe_ros2_msg/local_setup.zsh
-- Up-to-date: /home/ros2/media_pipe_ros2/install/media_pipe_ros2_msg/share/media_pipe_ros2_msg/local_setup.dsv
-- Installing: /home/ros2/media_pipe_ros2/install/media_pipe_ros2_msg/share/media_pipe_ros2_msg/package.dsv
-- Up-to-date: /home/ros2/media_pipe_ros2/install/media_pipe_ros2_msg/share/ament_index/resource_index/packages/media_pipe_ros2_msg
-- Up-to-date: /home/ros2/media_pipe_ros2/install/media_pipe_ros2_msg/share/media_pipe_ros2_msg/cmake/media_pipe_ros2_msg__rosidl_generator_cExport.cmake
-- Up-to-date: /home/ros2/media_pipe_ros2/install/media_pipe_ros2_msg/share/media_pipe_ros2_msg/cmake/media_pipe_ros2_msg__rosidl_generator_cExport-noconfig.cmake
-- Up-to-date: /home/ros2/media_pipe_ros2/install/media_pipe_ros2_msg/share/media_pipe_ros2_msg/cmake/media_pipe_ros2_msg__rosidl_typesupport_introspection_cExport.cmake
-- Up-to-date: /home/ros2/media_pipe_ros2/install/media_pipe_ros2_msg/share/media_pipe_ros2_msg/cmake/media_pipe_ros2_msg__rosidl_typesupport_introspection_cExport-noconfig.cmake
-- Up-to-date: /home/ros2/media_pipe_ros2/install/media_pipe_ros2_msg/share/media_pipe_ros2_msg/cmake/media_pipe_ros2_msg__rosidl_typesupport_cExport.cmake
-- Up-to-date: /home/ros2/media_pipe_ros2/install/media_pipe_ros2_msg/share/media_pipe_ros2_msg/cmake/media_pipe_ros2_msg__rosidl_typesupport_cExport-noconfig.cmake
-- Up-to-date: /home/ros2/media_pipe_ros2/install/media_pipe_ros2_msg/share/media_pipe_ros2_msg/cmake/media_pipe_ros2_msg__rosidl_generator_cppExport.cmake
-- Up-to-date: /home/ros2/media_pipe_ros2/install/media_pipe_ros2_msg/share/media_pipe_ros2_msg/cmake/media_pipe_ros2_msg__rosidl_typesupport_introspection_cppExport.cmake
-- Up-to-date: /home/ros2/media_pipe_ros2/install/media_pipe_ros2_msg/share/media_pipe_ros2_msg/cmake/media_pipe_ros2_msg__rosidl_typesupport_introspection_cppExport-noconfig.cmake
-- Up-to-date: /home/ros2/media_pipe_ros2/install/media_pipe_ros2_msg/share/media_pipe_ros2_msg/cmake/media_pipe_ros2_msg__rosidl_typesupport_cppExport.cmake
-- Up-to-date: /home/ros2/media_pipe_ros2/install/media_pipe_ros2_msg/share/media_pipe_ros2_msg/cmake/media_pipe_ros2_msg__rosidl_typesupport_cppExport-noconfig.cmake
-- Up-to-date: /home/ros2/media_pipe_ros2/install/media_pipe_ros2_msg/share/media_pipe_ros2_msg/cmake/rosidl_cmake-extras.cmake
-- Up-to-date: /home/ros2/media_pipe_ros2/install/media_pipe_ros2_msg/share/media_pipe_ros2_msg/cmake/ament_cmake_export_dependencies-extras.cmake
-- Up-to-date: /home/ros2/media_pipe_ros2/install/media_pipe_ros2_msg/share/media_pipe_ros2_msg/cmake/ament_cmake_export_libraries-extras.cmake
-- Up-to-date: /home/ros2/media_pipe_ros2/install/media_pipe_ros2_msg/share/media_pipe_ros2_msg/cmake/ament_cmake_export_targets-extras.cmake
-- Up-to-date: /home/ros2/media_pipe_ros2/install/media_pipe_ros2_msg/share/media_pipe_ros2_msg/cmake/ament_cmake_export_include_directories-extras.cmake
-- Up-to-date: /home/ros2/media_pipe_ros2/install/media_pipe_ros2_msg/share/media_pipe_ros2_msg/cmake/rosidl_cmake_export_typesupport_libraries-extras.cmake
-- Up-to-date: /home/ros2/media_pipe_ros2/install/media_pipe_ros2_msg/share/media_pipe_ros2_msg/cmake/rosidl_cmake_export_typesupport_targets-extras.cmake
-- Up-to-date: /home/ros2/media_pipe_ros2/install/media_pipe_ros2_msg/share/media_pipe_ros2_msg/cmake/media_pipe_ros2_msgConfig.cmake
-- Up-to-date: /home/ros2/media_pipe_ros2/install/media_pipe_ros2_msg/share/media_pipe_ros2_msg/cmake/media_pipe_ros2_msgConfig-version.cmake
-- Up-to-date: /home/ros2/media_pipe_ros2/install/media_pipe_ros2_msg/share/media_pipe_ros2_msg/package.xml
