[0.239s] Invoking command in '/home/ros2/media_pipe_ros2/src/media_pipe_ros2': PYTHONPATH=/home/ros2/media_pipe_ros2/install/media_pipe_ros2/lib/python3.8/site-packages:${PYTHONPATH} /usr/bin/python3 setup.py egg_info --egg-base ../../build/media_pipe_ros2 build --build-base /home/ros2/media_pipe_ros2/build/media_pipe_ros2/build install --prefix /home/ros2/media_pipe_ros2/install/media_pipe_ros2 --record /home/ros2/media_pipe_ros2/build/media_pipe_ros2/install.log --single-version-externally-managed
[0.456s] running egg_info
[0.457s] writing ../../build/media_pipe_ros2/media_pipe_ros2.egg-info/PKG-INFO
[0.458s] writing dependency_links to ../../build/media_pipe_ros2/media_pipe_ros2.egg-info/dependency_links.txt
[0.458s] writing entry points to ../../build/media_pipe_ros2/media_pipe_ros2.egg-info/entry_points.txt
[0.458s] writing requirements to ../../build/media_pipe_ros2/media_pipe_ros2.egg-info/requires.txt
[0.458s] writing top-level names to ../../build/media_pipe_ros2/media_pipe_ros2.egg-info/top_level.txt
[0.489s] reading manifest file '../../build/media_pipe_ros2/media_pipe_ros2.egg-info/SOURCES.txt'
[0.491s] writing manifest file '../../build/media_pipe_ros2/media_pipe_ros2.egg-info/SOURCES.txt'
[0.491s] running build
[0.491s] running build_py
[0.491s] running install
[0.492s] running install_lib
[0.495s] running install_data
[0.495s] running install_egg_info
[0.497s] removing '/home/ros2/media_pipe_ros2/install/media_pipe_ros2/lib/python3.8/site-packages/media_pipe_ros2-0.0.0-py3.8.egg-info' (and everything under it)
[0.498s] Copying ../../build/media_pipe_ros2/media_pipe_ros2.egg-info to /home/ros2/media_pipe_ros2/install/media_pipe_ros2/lib/python3.8/site-packages/media_pipe_ros2-0.0.0-py3.8.egg-info
[0.499s] running install_scripts
[0.516s] Installing talker script to /home/ros2/media_pipe_ros2/install/media_pipe_ros2/lib/media_pipe_ros2
[0.517s] writing list of installed files to '/home/ros2/media_pipe_ros2/build/media_pipe_ros2/install.log'
[0.540s] Invoked command in '/home/ros2/media_pipe_ros2/src/media_pipe_ros2' returned '0': PYTHONPATH=/home/ros2/media_pipe_ros2/install/media_pipe_ros2/lib/python3.8/site-packages:${PYTHONPATH} /usr/bin/python3 setup.py egg_info --egg-base ../../build/media_pipe_ros2 build --build-base /home/ros2/media_pipe_ros2/build/media_pipe_ros2/build install --prefix /home/ros2/media_pipe_ros2/install/media_pipe_ros2 --record /home/ros2/media_pipe_ros2/build/media_pipe_ros2/install.log --single-version-externally-managed
