[0.224s] Invoking command in '/home/ros2/media_pipe_ros2/build/media_pipe_ros2_msg': CMAKE_PREFIX_PATH=${CMAKE_PREFIX_PATH}:/home/ros2/media_pipe_ros2/install/media_pipe_ros2:/home/ros2/dev_ws/install/py_srvcli:/home/ros2/dev_ws/install/py_pubsub:/home/ros2/dev_ws/install/python_parameters:/opt/ros/galactic /usr/bin/cmake --build /home/ros2/media_pipe_ros2/build/media_pipe_ros2_msg -- -j8 -l8
[0.247s] -- Found ament_cmake: 1.1.4 (/opt/ros/galactic/share/ament_cmake/cmake)
[0.267s] -- Using PYTHON_EXECUTABLE: /usr/bin/python3
[0.360s] -- Found rosidl_default_generators: 1.1.1 (/opt/ros/galactic/share/rosidl_default_generators/cmake)
[0.408s] -- Using all available rosidl_typesupport_c: rosidl_typesupport_fastrtps_c;rosidl_typesupport_introspection_c
[0.440s] -- Found rosidl_adapter: 2.2.1 (/opt/ros/galactic/share/rosidl_adapter/cmake)
[1.050s] -- Found OpenSSL: /usr/lib/x86_64-linux-gnu/libcrypto.so (found version "1.1.1f")  
[1.101s] -- Found FastRTPS: /opt/ros/galactic/include  
[1.331s] -- Using all available rosidl_typesupport_cpp: rosidl_typesupport_fastrtps_cpp;rosidl_typesupport_introspection_cpp
[1.421s] -- Found PythonInterp: /usr/bin/python3 (found version "3.8.10") 
[1.610s] CMake Error at /opt/ros/galactic/share/rosidl_adapter/cmake/rosidl_adapt_interfaces.cmake:60 (message):
[1.611s]   execute_process(/usr/bin/python3 -m rosidl_adapter --package-name
[1.611s]   media_pipe_ros2_msg --arguments-file
[1.611s]   /home/ros2/media_pipe_ros2/build/media_pipe_ros2_msg/rosidl_adapter__arguments__media_pipe_ros2_msg.json
[1.611s]   --output-dir
[1.611s]   /home/ros2/media_pipe_ros2/build/media_pipe_ros2_msg/rosidl_adapter/media_pipe_ros2_msg
[1.611s]   --output-file
[1.611s]   /home/ros2/media_pipe_ros2/build/media_pipe_ros2_msg/rosidl_adapter/media_pipe_ros2_msg.idls)
[1.611s]   returned error code 1:
[1.611s] 
[1.612s]   Traceback (most recent call last):
[1.612s] 
[1.612s]     File "/usr/lib/python3.8/runpy.py", line 194, in _run_module_as_main
[1.612s]       return _run_code(code, main_globals, None,
[1.612s]     File "/usr/lib/python3.8/runpy.py", line 87, in _run_code
[1.612s]       exec(code, run_globals)
[1.612s]     File "/opt/ros/galactic/lib/python3.8/site-packages/rosidl_adapter/__main__.py", line 19, in <module>
[1.612s]       sys.exit(main())
[1.613s]     File "/opt/ros/galactic/lib/python3.8/site-packages/rosidl_adapter/main.py", line 53, in main
[1.613s]       abs_idl_file = convert_to_idl(
[1.613s]     File "/opt/ros/galactic/lib/python3.8/site-packages/rosidl_adapter/__init__.py", line 19, in convert_to_idl
[1.613s]       return convert_msg_to_idl(
[1.613s]     File "/opt/ros/galactic/lib/python3.8/site-packages/rosidl_adapter/msg/__init__.py", line 28, in convert_msg_to_idl
[1.613s]       msg = parse_message_string(package_name, input_file.stem, content)
[1.613s]     File "/opt/ros/galactic/lib/python3.8/site-packages/rosidl_adapter/parser.py", line 540, in parse_message_string
[1.613s]       msg = MessageSpecification(pkg_name, msg_name, fields, constants)
[1.613s]     File "/opt/ros/galactic/lib/python3.8/site-packages/rosidl_adapter/parser.py", line 387, in __init__
[1.614s]       self.base_type = BaseType(
[1.614s]     File "/opt/ros/galactic/lib/python3.8/site-packages/rosidl_adapter/parser.py", line 204, in __init__
[1.614s]       raise InvalidResourceName(
[1.614s] 
[1.614s]   rosidl_adapter.parser.InvalidResourceName: 'multi_hand_landmarks' is an
[1.614s]   invalid message name.  It should have the pattern '^[A-Z][A-Za-z0-9]*$'
[1.614s] 
[1.614s] Call Stack (most recent call first):
[1.614s]   /opt/ros/galactic/share/rosidl_cmake/cmake/rosidl_generate_interfaces.cmake:130 (rosidl_adapt_interfaces)
[1.615s]   CMakeLists.txt:12 (rosidl_generate_interfaces)
[1.615s] 
[1.615s] 
[1.615s] -- Configuring incomplete, errors occurred!
[1.615s] See also "/home/ros2/media_pipe_ros2/build/media_pipe_ros2_msg/CMakeFiles/CMakeOutput.log".
[1.618s] make: *** [Makefile:222: cmake_check_build_system] Error 1
[1.620s] Invoked command in '/home/ros2/media_pipe_ros2/build/media_pipe_ros2_msg' returned '2': CMAKE_PREFIX_PATH=${CMAKE_PREFIX_PATH}:/home/ros2/media_pipe_ros2/install/media_pipe_ros2:/home/ros2/dev_ws/install/py_srvcli:/home/ros2/dev_ws/install/py_pubsub:/home/ros2/dev_ws/install/python_parameters:/opt/ros/galactic /usr/bin/cmake --build /home/ros2/media_pipe_ros2/build/media_pipe_ros2_msg -- -j8 -l8
