[0.548s] DEBUG:colcon:Command line arguments: ['/usr/bin/colcon', 'build']
[0.549s] DEBUG:colcon:Parsed command line arguments: Namespace(ament_cmake_args=None, base_paths=['.'], build_base='build', catkin_cmake_args=None, catkin_skip_building_tests=False, cmake_args=None, cmake_clean_cache=False, cmake_clean_first=False, cmake_force_configure=False, cmake_target=None, cmake_target_skip_unavailable=False, continue_on_error=False, event_handlers=None, executor='parallel', ignore_user_meta=False, install_base='install', log_base=None, log_level=None, main=<bound method BuildVerb.main of <colcon_core.verb.build.BuildVerb object at 0x7f32bcb83250>>, merge_install=False, metas=['./colcon.meta'], packages_above=None, packages_above_and_dependencies=None, packages_above_depth=None, packages_end=None, packages_ignore=None, packages_ignore_regex=None, packages_select=None, packages_select_build_failed=False, packages_select_by_dep=None, packages_select_regex=None, packages_select_test_failures=False, packages_skip=None, packages_skip_build_finished=False, packages_skip_by_dep=None, packages_skip_regex=None, packages_skip_test_passed=False, packages_skip_up_to=None, packages_start=None, packages_up_to=None, packages_up_to_regex=None, parallel_workers=8, paths=None, symlink_install=False, test_result_base=None, verb_extension=<colcon_core.verb.build.BuildVerb object at 0x7f32bcb83250>, verb_name='build', verb_parser=<colcon_defaults.argument_parser.defaults.DefaultArgumentsDecorator object at 0x7f32bcb83790>)
[0.557s] Level 1:colcon.colcon_core.package_discovery:discover_packages(colcon_meta) check parameters
[0.557s] Level 1:colcon.colcon_core.package_discovery:discover_packages(recursive) check parameters
[0.557s] Level 1:colcon.colcon_core.package_discovery:discover_packages(ignore) check parameters
[0.557s] Level 1:colcon.colcon_core.package_discovery:discover_packages(path) check parameters
[0.557s] Level 1:colcon.colcon_core.package_discovery:discover_packages(colcon_meta) discover
[0.557s] Level 1:colcon.colcon_core.package_discovery:discover_packages(recursive) discover
[0.557s] INFO:colcon.colcon_core.package_discovery:Crawling recursively for packages in '/home/ros2/media_pipe_ros2'
[0.558s] Level 1:colcon.colcon_core.package_identification:_identify(.) by extensions ['ignore', 'ignore_ament_install']
[0.558s] Level 1:colcon.colcon_core.package_identification:_identify(.) by extension 'ignore'
[0.558s] Level 1:colcon.colcon_core.package_identification:_identify(.) by extension 'ignore_ament_install'
[0.558s] Level 1:colcon.colcon_core.package_identification:_identify(.) by extensions ['colcon_pkg']
[0.558s] Level 1:colcon.colcon_core.package_identification:_identify(.) by extension 'colcon_pkg'
[0.558s] Level 1:colcon.colcon_core.package_identification:_identify(.) by extensions ['colcon_meta']
[0.558s] Level 1:colcon.colcon_core.package_identification:_identify(.) by extension 'colcon_meta'
[0.558s] Level 1:colcon.colcon_core.package_identification:_identify(.) by extensions ['ros']
[0.558s] Level 1:colcon.colcon_core.package_identification:_identify(.) by extension 'ros'
[0.568s] Level 1:colcon.colcon_core.package_identification:_identify(.) by extensions ['cmake', 'python']
[0.568s] Level 1:colcon.colcon_core.package_identification:_identify(.) by extension 'cmake'
[0.569s] Level 1:colcon.colcon_core.package_identification:_identify(.) by extension 'python'
[0.569s] Level 1:colcon.colcon_core.package_identification:_identify(.) by extensions ['python_setup_py']
[0.569s] Level 1:colcon.colcon_core.package_identification:_identify(.) by extension 'python_setup_py'
[0.569s] Level 1:colcon.colcon_core.package_identification:_identify(build) by extensions ['ignore', 'ignore_ament_install']
[0.569s] Level 1:colcon.colcon_core.package_identification:_identify(build) by extension 'ignore'
[0.569s] Level 1:colcon.colcon_core.package_identification:_identify(build) ignored
[0.569s] Level 1:colcon.colcon_core.package_identification:_identify(install) by extensions ['ignore', 'ignore_ament_install']
[0.569s] Level 1:colcon.colcon_core.package_identification:_identify(install) by extension 'ignore'
[0.569s] Level 1:colcon.colcon_core.package_identification:_identify(install) ignored
[0.569s] Level 1:colcon.colcon_core.package_identification:_identify(log) by extensions ['ignore', 'ignore_ament_install']
[0.569s] Level 1:colcon.colcon_core.package_identification:_identify(log) by extension 'ignore'
[0.569s] Level 1:colcon.colcon_core.package_identification:_identify(log) ignored
[0.569s] Level 1:colcon.colcon_core.package_identification:_identify(src) by extensions ['ignore', 'ignore_ament_install']
[0.570s] Level 1:colcon.colcon_core.package_identification:_identify(src) by extension 'ignore'
[0.570s] Level 1:colcon.colcon_core.package_identification:_identify(src) by extension 'ignore_ament_install'
[0.570s] Level 1:colcon.colcon_core.package_identification:_identify(src) by extensions ['colcon_pkg']
[0.570s] Level 1:colcon.colcon_core.package_identification:_identify(src) by extension 'colcon_pkg'
[0.570s] Level 1:colcon.colcon_core.package_identification:_identify(src) by extensions ['colcon_meta']
[0.570s] Level 1:colcon.colcon_core.package_identification:_identify(src) by extension 'colcon_meta'
[0.570s] Level 1:colcon.colcon_core.package_identification:_identify(src) by extensions ['ros']
[0.570s] Level 1:colcon.colcon_core.package_identification:_identify(src) by extension 'ros'
[0.570s] Level 1:colcon.colcon_core.package_identification:_identify(src) by extensions ['cmake', 'python']
[0.570s] Level 1:colcon.colcon_core.package_identification:_identify(src) by extension 'cmake'
[0.570s] Level 1:colcon.colcon_core.package_identification:_identify(src) by extension 'python'
[0.570s] Level 1:colcon.colcon_core.package_identification:_identify(src) by extensions ['python_setup_py']
[0.570s] Level 1:colcon.colcon_core.package_identification:_identify(src) by extension 'python_setup_py'
[0.570s] Level 1:colcon.colcon_core.package_identification:_identify(src/media_pipe_ros2) by extensions ['ignore', 'ignore_ament_install']
[0.570s] Level 1:colcon.colcon_core.package_identification:_identify(src/media_pipe_ros2) by extension 'ignore'
[0.570s] Level 1:colcon.colcon_core.package_identification:_identify(src/media_pipe_ros2) by extension 'ignore_ament_install'
[0.570s] Level 1:colcon.colcon_core.package_identification:_identify(src/media_pipe_ros2) by extensions ['colcon_pkg']
[0.570s] Level 1:colcon.colcon_core.package_identification:_identify(src/media_pipe_ros2) by extension 'colcon_pkg'
[0.570s] Level 1:colcon.colcon_core.package_identification:_identify(src/media_pipe_ros2) by extensions ['colcon_meta']
[0.570s] Level 1:colcon.colcon_core.package_identification:_identify(src/media_pipe_ros2) by extension 'colcon_meta'
[0.570s] Level 1:colcon.colcon_core.package_identification:_identify(src/media_pipe_ros2) by extensions ['ros']
[0.571s] Level 1:colcon.colcon_core.package_identification:_identify(src/media_pipe_ros2) by extension 'ros'
[0.593s] DEBUG:colcon.colcon_core.package_identification:Package 'src/media_pipe_ros2' with type 'ros.ament_python' and name 'media_pipe_ros2'
[0.593s] Level 1:colcon.colcon_core.package_identification:_identify(src/media_pipe_ros2_msg) by extensions ['ignore', 'ignore_ament_install']
[0.593s] Level 1:colcon.colcon_core.package_identification:_identify(src/media_pipe_ros2_msg) by extension 'ignore'
[0.593s] Level 1:colcon.colcon_core.package_identification:_identify(src/media_pipe_ros2_msg) by extension 'ignore_ament_install'
[0.594s] Level 1:colcon.colcon_core.package_identification:_identify(src/media_pipe_ros2_msg) by extensions ['colcon_pkg']
[0.594s] Level 1:colcon.colcon_core.package_identification:_identify(src/media_pipe_ros2_msg) by extension 'colcon_pkg'
[0.594s] Level 1:colcon.colcon_core.package_identification:_identify(src/media_pipe_ros2_msg) by extensions ['colcon_meta']
[0.594s] Level 1:colcon.colcon_core.package_identification:_identify(src/media_pipe_ros2_msg) by extension 'colcon_meta'
[0.594s] Level 1:colcon.colcon_core.package_identification:_identify(src/media_pipe_ros2_msg) by extensions ['ros']
[0.594s] Level 1:colcon.colcon_core.package_identification:_identify(src/media_pipe_ros2_msg) by extension 'ros'
[0.594s] DEBUG:colcon.colcon_core.package_identification:Package 'src/media_pipe_ros2_msg' with type 'ros.ament_cmake' and name 'media_pipe_ros2_msg'
[0.594s] Level 1:colcon.colcon_core.package_discovery:discover_packages(recursive) using defaults
[0.594s] Level 1:colcon.colcon_core.package_discovery:discover_packages(ignore) discover
[0.594s] Level 1:colcon.colcon_core.package_discovery:discover_packages(ignore) using defaults
[0.594s] Level 1:colcon.colcon_core.package_discovery:discover_packages(path) discover
[0.594s] Level 1:colcon.colcon_core.package_discovery:discover_packages(path) using defaults
[0.639s] Level 5:colcon.colcon_core.verb:set package 'media_pipe_ros2' build argument 'cmake_args' from command line to 'None'
[0.639s] Level 5:colcon.colcon_core.verb:set package 'media_pipe_ros2' build argument 'cmake_target' from command line to 'None'
[0.639s] Level 5:colcon.colcon_core.verb:set package 'media_pipe_ros2' build argument 'cmake_target_skip_unavailable' from command line to 'False'
[0.639s] Level 5:colcon.colcon_core.verb:set package 'media_pipe_ros2' build argument 'cmake_clean_cache' from command line to 'False'
[0.639s] Level 5:colcon.colcon_core.verb:set package 'media_pipe_ros2' build argument 'cmake_clean_first' from command line to 'False'
[0.639s] Level 5:colcon.colcon_core.verb:set package 'media_pipe_ros2' build argument 'cmake_force_configure' from command line to 'False'
[0.639s] Level 5:colcon.colcon_core.verb:set package 'media_pipe_ros2' build argument 'ament_cmake_args' from command line to 'None'
[0.640s] Level 5:colcon.colcon_core.verb:set package 'media_pipe_ros2' build argument 'catkin_cmake_args' from command line to 'None'
[0.640s] Level 5:colcon.colcon_core.verb:set package 'media_pipe_ros2' build argument 'catkin_skip_building_tests' from command line to 'False'
[0.640s] DEBUG:colcon.colcon_core.verb:Building package 'media_pipe_ros2' with the following arguments: {'ament_cmake_args': None, 'build_base': '/home/ros2/media_pipe_ros2/build/media_pipe_ros2', 'catkin_cmake_args': None, 'catkin_skip_building_tests': False, 'cmake_args': None, 'cmake_clean_cache': False, 'cmake_clean_first': False, 'cmake_force_configure': False, 'cmake_target': None, 'cmake_target_skip_unavailable': False, 'install_base': '/home/ros2/media_pipe_ros2/install/media_pipe_ros2', 'merge_install': False, 'path': '/home/ros2/media_pipe_ros2/src/media_pipe_ros2', 'symlink_install': False, 'test_result_base': None}
[0.642s] Level 5:colcon.colcon_core.verb:set package 'media_pipe_ros2_msg' build argument 'cmake_args' from command line to 'None'
[0.642s] Level 5:colcon.colcon_core.verb:set package 'media_pipe_ros2_msg' build argument 'cmake_target' from command line to 'None'
[0.642s] Level 5:colcon.colcon_core.verb:set package 'media_pipe_ros2_msg' build argument 'cmake_target_skip_unavailable' from command line to 'False'
[0.642s] Level 5:colcon.colcon_core.verb:set package 'media_pipe_ros2_msg' build argument 'cmake_clean_cache' from command line to 'False'
[0.642s] Level 5:colcon.colcon_core.verb:set package 'media_pipe_ros2_msg' build argument 'cmake_clean_first' from command line to 'False'
[0.642s] Level 5:colcon.colcon_core.verb:set package 'media_pipe_ros2_msg' build argument 'cmake_force_configure' from command line to 'False'
[0.642s] Level 5:colcon.colcon_core.verb:set package 'media_pipe_ros2_msg' build argument 'ament_cmake_args' from command line to 'None'
[0.642s] Level 5:colcon.colcon_core.verb:set package 'media_pipe_ros2_msg' build argument 'catkin_cmake_args' from command line to 'None'
[0.642s] Level 5:colcon.colcon_core.verb:set package 'media_pipe_ros2_msg' build argument 'catkin_skip_building_tests' from command line to 'False'
[0.642s] DEBUG:colcon.colcon_core.verb:Building package 'media_pipe_ros2_msg' with the following arguments: {'ament_cmake_args': None, 'build_base': '/home/ros2/media_pipe_ros2/build/media_pipe_ros2_msg', 'catkin_cmake_args': None, 'catkin_skip_building_tests': False, 'cmake_args': None, 'cmake_clean_cache': False, 'cmake_clean_first': False, 'cmake_force_configure': False, 'cmake_target': None, 'cmake_target_skip_unavailable': False, 'install_base': '/home/ros2/media_pipe_ros2/install/media_pipe_ros2_msg', 'merge_install': False, 'path': '/home/ros2/media_pipe_ros2/src/media_pipe_ros2_msg', 'symlink_install': False, 'test_result_base': None}
[0.643s] INFO:colcon.colcon_core.executor:Executing jobs using 'parallel' executor
[0.645s] DEBUG:colcon.colcon_parallel_executor.executor.parallel:run_until_complete
[0.646s] INFO:colcon.colcon_ros.task.ament_python.build:Building ROS package in '/home/ros2/media_pipe_ros2/src/media_pipe_ros2' with build type 'ament_python'
[0.646s] Level 1:colcon.colcon_core.shell:create_environment_hook('media_pipe_ros2', 'ament_prefix_path')
[0.652s] INFO:colcon.colcon_core.plugin_system:Skipping extension 'colcon_core.shell.bat': Not used on non-Windows systems
[0.652s] INFO:colcon.colcon_core.shell:Creating environment hook '/home/ros2/media_pipe_ros2/install/media_pipe_ros2/share/media_pipe_ros2/hook/ament_prefix_path.ps1'
[0.659s] INFO:colcon.colcon_core.shell:Creating environment descriptor '/home/ros2/media_pipe_ros2/install/media_pipe_ros2/share/media_pipe_ros2/hook/ament_prefix_path.dsv'
[0.669s] INFO:colcon.colcon_core.shell:Creating environment hook '/home/ros2/media_pipe_ros2/install/media_pipe_ros2/share/media_pipe_ros2/hook/ament_prefix_path.sh'
[0.671s] INFO:colcon.colcon_core.shell:Skip shell extension 'powershell' for command environment: Not usable outside of PowerShell
[0.671s] DEBUG:colcon.colcon_core.shell:Skip shell extension 'dsv' for command environment
[0.689s] DEBUG:colcon.colcon_core.shell:Ignoring prefix path '/opt/ros/galactic'
[0.705s] INFO:colcon.colcon_ros.task.ament_cmake.build:Building ROS package in '/home/ros2/media_pipe_ros2/src/media_pipe_ros2_msg' with build type 'ament_cmake'
[0.705s] INFO:colcon.colcon_cmake.task.cmake.build:Building CMake package in '/home/ros2/media_pipe_ros2/src/media_pipe_ros2_msg'
[0.707s] INFO:colcon.colcon_core.shell:Skip shell extension 'powershell' for command environment: Not usable outside of PowerShell
[0.707s] DEBUG:colcon.colcon_core.shell:Skip shell extension 'dsv' for command environment
[0.709s] DEBUG:colcon.colcon_core.shell:Ignoring prefix path '/opt/ros/galactic'
[0.924s] INFO:colcon.colcon_core.task.python.build:Building Python package in '/home/ros2/media_pipe_ros2/src/media_pipe_ros2'
[0.925s] INFO:colcon.colcon_core.shell:Skip shell extension 'powershell' for command environment: Not usable outside of PowerShell
[0.925s] DEBUG:colcon.colcon_core.shell:Skip shell extension 'dsv' for command environment
[0.927s] DEBUG:colcon.colcon_core.shell:Ignoring prefix path '/opt/ros/galactic'
[0.931s] DEBUG:colcon.colcon_core.event_handler.log_command:Invoking command in '/home/ros2/media_pipe_ros2/build/media_pipe_ros2_msg': CMAKE_PREFIX_PATH=${CMAKE_PREFIX_PATH}:/home/ros2/dev_ws/install/py_srvcli:/home/ros2/dev_ws/install/py_pubsub:/home/ros2/dev_ws/install/python_parameters:/opt/ros/galactic /usr/bin/cmake /home/ros2/media_pipe_ros2/src/media_pipe_ros2_msg -DCMAKE_INSTALL_PREFIX=/home/ros2/media_pipe_ros2/install/media_pipe_ros2_msg
[0.969s] DEBUG:colcon.colcon_core.event_handler.log_command:Invoking command in '/home/ros2/media_pipe_ros2/src/media_pipe_ros2': PYTHONPATH=/home/ros2/media_pipe_ros2/install/media_pipe_ros2/lib/python3.8/site-packages:${PYTHONPATH} /usr/bin/python3 setup.py egg_info --egg-base ../../build/media_pipe_ros2 build --build-base /home/ros2/media_pipe_ros2/build/media_pipe_ros2/build install --prefix /home/ros2/media_pipe_ros2/install/media_pipe_ros2 --record /home/ros2/media_pipe_ros2/build/media_pipe_ros2/install.log --single-version-externally-managed
[1.712s] DEBUG:colcon.colcon_core.event_handler.log_command:Invoked command in '/home/ros2/media_pipe_ros2/src/media_pipe_ros2' returned '0': PYTHONPATH=/home/ros2/media_pipe_ros2/install/media_pipe_ros2/lib/python3.8/site-packages:${PYTHONPATH} /usr/bin/python3 setup.py egg_info --egg-base ../../build/media_pipe_ros2 build --build-base /home/ros2/media_pipe_ros2/build/media_pipe_ros2/build install --prefix /home/ros2/media_pipe_ros2/install/media_pipe_ros2 --record /home/ros2/media_pipe_ros2/build/media_pipe_ros2/install.log --single-version-externally-managed
[1.722s] Level 1:colcon.colcon_core.environment:checking '/home/ros2/media_pipe_ros2/install/media_pipe_ros2' for CMake module files
[1.723s] Level 1:colcon.colcon_core.environment:checking '/home/ros2/media_pipe_ros2/install/media_pipe_ros2' for CMake config files
[1.723s] Level 1:colcon.colcon_core.environment:checking '/home/ros2/media_pipe_ros2/install/media_pipe_ros2/lib'
[1.723s] Level 1:colcon.colcon_core.environment:checking '/home/ros2/media_pipe_ros2/install/media_pipe_ros2/bin'
[1.723s] Level 1:colcon.colcon_core.environment:checking '/home/ros2/media_pipe_ros2/install/media_pipe_ros2/lib/pkgconfig/media_pipe_ros2.pc'
[1.723s] Level 1:colcon.colcon_core.environment:checking '/home/ros2/media_pipe_ros2/install/media_pipe_ros2/lib/python3.8/site-packages'
[1.724s] Level 1:colcon.colcon_core.shell:create_environment_hook('media_pipe_ros2', 'pythonpath')
[1.724s] INFO:colcon.colcon_core.shell:Creating environment hook '/home/ros2/media_pipe_ros2/install/media_pipe_ros2/share/media_pipe_ros2/hook/pythonpath.ps1'
[1.725s] INFO:colcon.colcon_core.shell:Creating environment descriptor '/home/ros2/media_pipe_ros2/install/media_pipe_ros2/share/media_pipe_ros2/hook/pythonpath.dsv'
[1.725s] INFO:colcon.colcon_core.shell:Creating environment hook '/home/ros2/media_pipe_ros2/install/media_pipe_ros2/share/media_pipe_ros2/hook/pythonpath.sh'
[1.725s] Level 1:colcon.colcon_core.environment:create_environment_scripts_only(media_pipe_ros2)
[1.726s] INFO:colcon.colcon_core.shell:Creating package script '/home/ros2/media_pipe_ros2/install/media_pipe_ros2/share/media_pipe_ros2/package.ps1'
[1.727s] INFO:colcon.colcon_core.shell:Creating package descriptor '/home/ros2/media_pipe_ros2/install/media_pipe_ros2/share/media_pipe_ros2/package.dsv'
[1.730s] INFO:colcon.colcon_core.shell:Creating package script '/home/ros2/media_pipe_ros2/install/media_pipe_ros2/share/media_pipe_ros2/package.sh'
[1.733s] INFO:colcon.colcon_core.shell:Creating package script '/home/ros2/media_pipe_ros2/install/media_pipe_ros2/share/media_pipe_ros2/package.bash'
[1.748s] INFO:colcon.colcon_core.shell:Creating package script '/home/ros2/media_pipe_ros2/install/media_pipe_ros2/share/media_pipe_ros2/package.zsh'
[1.783s] Level 1:colcon.colcon_core.environment:create_file_with_runtime_dependencies(/home/ros2/media_pipe_ros2/install/media_pipe_ros2/share/colcon-core/packages/media_pipe_ros2)
[4.582s] DEBUG:colcon.colcon_core.event_handler.log_command:Invoked command in '/home/ros2/media_pipe_ros2/build/media_pipe_ros2_msg' returned '0': CMAKE_PREFIX_PATH=${CMAKE_PREFIX_PATH}:/home/ros2/dev_ws/install/py_srvcli:/home/ros2/dev_ws/install/py_pubsub:/home/ros2/dev_ws/install/python_parameters:/opt/ros/galactic /usr/bin/cmake /home/ros2/media_pipe_ros2/src/media_pipe_ros2_msg -DCMAKE_INSTALL_PREFIX=/home/ros2/media_pipe_ros2/install/media_pipe_ros2_msg
[4.584s] DEBUG:colcon.colcon_core.event_handler.log_command:Invoking command in '/home/ros2/media_pipe_ros2/build/media_pipe_ros2_msg': CMAKE_PREFIX_PATH=${CMAKE_PREFIX_PATH}:/home/ros2/dev_ws/install/py_srvcli:/home/ros2/dev_ws/install/py_pubsub:/home/ros2/dev_ws/install/python_parameters:/opt/ros/galactic /usr/bin/cmake --build /home/ros2/media_pipe_ros2/build/media_pipe_ros2_msg -- -j8 -l8
[4.619s] DEBUG:colcon.colcon_core.event_handler.log_command:Invoked command in '/home/ros2/media_pipe_ros2/build/media_pipe_ros2_msg' returned '0': CMAKE_PREFIX_PATH=${CMAKE_PREFIX_PATH}:/home/ros2/dev_ws/install/py_srvcli:/home/ros2/dev_ws/install/py_pubsub:/home/ros2/dev_ws/install/python_parameters:/opt/ros/galactic /usr/bin/cmake --build /home/ros2/media_pipe_ros2/build/media_pipe_ros2_msg -- -j8 -l8
[4.644s] DEBUG:colcon.colcon_core.event_handler.log_command:Invoking command in '/home/ros2/media_pipe_ros2/build/media_pipe_ros2_msg': CMAKE_PREFIX_PATH=${CMAKE_PREFIX_PATH}:/home/ros2/dev_ws/install/py_srvcli:/home/ros2/dev_ws/install/py_pubsub:/home/ros2/dev_ws/install/python_parameters:/opt/ros/galactic /usr/bin/cmake --install /home/ros2/media_pipe_ros2/build/media_pipe_ros2_msg
[4.654s] Level 1:colcon.colcon_core.environment:create_environment_scripts_only(media_pipe_ros2_msg)
[4.655s] Level 1:colcon.colcon_core.environment:checking '/home/ros2/media_pipe_ros2/install/media_pipe_ros2_msg' for CMake module files
[4.655s] DEBUG:colcon.colcon_core.event_handler.log_command:Invoked command in '/home/ros2/media_pipe_ros2/build/media_pipe_ros2_msg' returned '0': CMAKE_PREFIX_PATH=${CMAKE_PREFIX_PATH}:/home/ros2/dev_ws/install/py_srvcli:/home/ros2/dev_ws/install/py_pubsub:/home/ros2/dev_ws/install/python_parameters:/opt/ros/galactic /usr/bin/cmake --install /home/ros2/media_pipe_ros2/build/media_pipe_ros2_msg
[4.656s] Level 1:colcon.colcon_core.environment:checking '/home/ros2/media_pipe_ros2/install/media_pipe_ros2_msg' for CMake config files
[4.656s] Level 1:colcon.colcon_core.shell:create_environment_hook('media_pipe_ros2_msg', 'cmake_prefix_path')
[4.657s] INFO:colcon.colcon_core.shell:Creating environment hook '/home/ros2/media_pipe_ros2/install/media_pipe_ros2_msg/share/media_pipe_ros2_msg/hook/cmake_prefix_path.ps1'
[4.657s] INFO:colcon.colcon_core.shell:Creating environment descriptor '/home/ros2/media_pipe_ros2/install/media_pipe_ros2_msg/share/media_pipe_ros2_msg/hook/cmake_prefix_path.dsv'
[4.657s] INFO:colcon.colcon_core.shell:Creating environment hook '/home/ros2/media_pipe_ros2/install/media_pipe_ros2_msg/share/media_pipe_ros2_msg/hook/cmake_prefix_path.sh'
[4.658s] Level 1:colcon.colcon_core.environment:checking '/home/ros2/media_pipe_ros2/install/media_pipe_ros2_msg/bin'
[4.658s] Level 1:colcon.colcon_core.environment:checking '/home/ros2/media_pipe_ros2/install/media_pipe_ros2_msg/lib/pkgconfig/media_pipe_ros2_msg.pc'
[4.658s] Level 1:colcon.colcon_core.environment:checking '/home/ros2/media_pipe_ros2/install/media_pipe_ros2_msg/lib/python3.8/site-packages'
[4.659s] INFO:colcon.colcon_core.shell:Creating package script '/home/ros2/media_pipe_ros2/install/media_pipe_ros2_msg/share/media_pipe_ros2_msg/package.ps1'
[4.659s] INFO:colcon.colcon_core.shell:Creating package descriptor '/home/ros2/media_pipe_ros2/install/media_pipe_ros2_msg/share/media_pipe_ros2_msg/package.dsv'
[4.659s] INFO:colcon.colcon_core.shell:Creating package script '/home/ros2/media_pipe_ros2/install/media_pipe_ros2_msg/share/media_pipe_ros2_msg/package.sh'
[4.660s] INFO:colcon.colcon_core.shell:Creating package script '/home/ros2/media_pipe_ros2/install/media_pipe_ros2_msg/share/media_pipe_ros2_msg/package.bash'
[4.660s] INFO:colcon.colcon_core.shell:Creating package script '/home/ros2/media_pipe_ros2/install/media_pipe_ros2_msg/share/media_pipe_ros2_msg/package.zsh'
[4.660s] Level 1:colcon.colcon_core.environment:create_file_with_runtime_dependencies(/home/ros2/media_pipe_ros2/install/media_pipe_ros2_msg/share/colcon-core/packages/media_pipe_ros2_msg)
[4.678s] Level 1:colcon.colcon_core.environment:create_environment_scripts_only(media_pipe_ros2_msg)
[4.678s] Level 1:colcon.colcon_core.environment:checking '/home/ros2/media_pipe_ros2/install/media_pipe_ros2_msg' for CMake module files
[4.679s] Level 1:colcon.colcon_core.environment:checking '/home/ros2/media_pipe_ros2/install/media_pipe_ros2_msg' for CMake config files
[4.679s] Level 1:colcon.colcon_core.shell:create_environment_hook('media_pipe_ros2_msg', 'cmake_prefix_path')
[4.680s] INFO:colcon.colcon_core.shell:Creating environment hook '/home/ros2/media_pipe_ros2/install/media_pipe_ros2_msg/share/media_pipe_ros2_msg/hook/cmake_prefix_path.ps1'
[4.680s] INFO:colcon.colcon_core.shell:Creating environment descriptor '/home/ros2/media_pipe_ros2/install/media_pipe_ros2_msg/share/media_pipe_ros2_msg/hook/cmake_prefix_path.dsv'
[4.680s] INFO:colcon.colcon_core.shell:Creating environment hook '/home/ros2/media_pipe_ros2/install/media_pipe_ros2_msg/share/media_pipe_ros2_msg/hook/cmake_prefix_path.sh'
[4.681s] Level 1:colcon.colcon_core.environment:checking '/home/ros2/media_pipe_ros2/install/media_pipe_ros2_msg/bin'
[4.681s] Level 1:colcon.colcon_core.environment:checking '/home/ros2/media_pipe_ros2/install/media_pipe_ros2_msg/lib/pkgconfig/media_pipe_ros2_msg.pc'
[4.681s] Level 1:colcon.colcon_core.environment:checking '/home/ros2/media_pipe_ros2/install/media_pipe_ros2_msg/lib/python3.8/site-packages'
[4.682s] INFO:colcon.colcon_core.shell:Creating package script '/home/ros2/media_pipe_ros2/install/media_pipe_ros2_msg/share/media_pipe_ros2_msg/package.ps1'
[4.682s] INFO:colcon.colcon_core.shell:Creating package descriptor '/home/ros2/media_pipe_ros2/install/media_pipe_ros2_msg/share/media_pipe_ros2_msg/package.dsv'
[4.683s] INFO:colcon.colcon_core.shell:Creating package script '/home/ros2/media_pipe_ros2/install/media_pipe_ros2_msg/share/media_pipe_ros2_msg/package.sh'
[4.683s] INFO:colcon.colcon_core.shell:Creating package script '/home/ros2/media_pipe_ros2/install/media_pipe_ros2_msg/share/media_pipe_ros2_msg/package.bash'
[4.683s] INFO:colcon.colcon_core.shell:Creating package script '/home/ros2/media_pipe_ros2/install/media_pipe_ros2_msg/share/media_pipe_ros2_msg/package.zsh'
[4.684s] Level 1:colcon.colcon_core.environment:create_file_with_runtime_dependencies(/home/ros2/media_pipe_ros2/install/media_pipe_ros2_msg/share/colcon-core/packages/media_pipe_ros2_msg)
[4.684s] DEBUG:colcon.colcon_parallel_executor.executor.parallel:closing loop
[4.684s] DEBUG:colcon.colcon_parallel_executor.executor.parallel:loop closed
[4.684s] DEBUG:colcon.colcon_parallel_executor.executor.parallel:run_until_complete finished with '0'
[4.685s] DEBUG:colcon.colcon_core.event_reactor:joining thread
[4.807s] INFO:colcon.colcon_core.plugin_system:Skipping extension 'colcon_notification.desktop_notification.terminal_notifier': Not used on non-Darwin systems
[4.807s] INFO:colcon.colcon_core.plugin_system:Skipping extension 'colcon_notification.desktop_notification.win32': Not used on non-Windows systems
[4.807s] INFO:colcon.colcon_notification.desktop_notification:Sending desktop notification using 'notify2'
[4.827s] DEBUG:colcon.colcon_core.event_reactor:joined thread
[4.827s] INFO:colcon.colcon_core.shell:Creating prefix script '/home/ros2/media_pipe_ros2/install/local_setup.ps1'
[4.860s] INFO:colcon.colcon_core.shell:Creating prefix util module '/home/ros2/media_pipe_ros2/install/_local_setup_util_ps1.py'
[4.873s] INFO:colcon.colcon_core.shell:Creating prefix chain script '/home/ros2/media_pipe_ros2/install/setup.ps1'
[4.876s] INFO:colcon.colcon_core.shell:Creating prefix script '/home/ros2/media_pipe_ros2/install/local_setup.sh'
[4.893s] INFO:colcon.colcon_core.shell:Creating prefix util module '/home/ros2/media_pipe_ros2/install/_local_setup_util_sh.py'
[4.894s] INFO:colcon.colcon_core.shell:Creating prefix chain script '/home/ros2/media_pipe_ros2/install/setup.sh'
[4.929s] INFO:colcon.colcon_core.shell:Creating prefix script '/home/ros2/media_pipe_ros2/install/local_setup.bash'
[4.936s] INFO:colcon.colcon_core.shell:Creating prefix chain script '/home/ros2/media_pipe_ros2/install/setup.bash'
[4.945s] INFO:colcon.colcon_core.shell:Creating prefix script '/home/ros2/media_pipe_ros2/install/local_setup.zsh'
[4.949s] INFO:colcon.colcon_core.shell:Creating prefix chain script '/home/ros2/media_pipe_ros2/install/setup.zsh'
