[0.248s] Invoking command in '/home/ros2/media_pipe_ros2/src/media_pipe_ros2': PYTHONPATH=/home/ros2/media_pipe_ros2/install/media_pipe_ros2/lib/python3.8/site-packages:${PYTHONPATH} /usr/bin/python3 setup.py egg_info --egg-base ../../build/media_pipe_ros2 build --build-base /home/ros2/media_pipe_ros2/build/media_pipe_ros2/build install --prefix /home/ros2/media_pipe_ros2/install/media_pipe_ros2 --record /home/ros2/media_pipe_ros2/build/media_pipe_ros2/install.log --single-version-externally-managed
[0.509s] running egg_info
[0.510s] writing ../../build/media_pipe_ros2/media_pipe_ros2.egg-info/PKG-INFO
[0.510s] writing dependency_links to ../../build/media_pipe_ros2/media_pipe_ros2.egg-info/dependency_links.txt
[0.510s] writing entry points to ../../build/media_pipe_ros2/media_pipe_ros2.egg-info/entry_points.txt
[0.510s] writing requirements to ../../build/media_pipe_ros2/media_pipe_ros2.egg-info/requires.txt
[0.511s] writing top-level names to ../../build/media_pipe_ros2/media_pipe_ros2.egg-info/top_level.txt
[0.559s] reading manifest file '../../build/media_pipe_ros2/media_pipe_ros2.egg-info/SOURCES.txt'
[0.563s] writing manifest file '../../build/media_pipe_ros2/media_pipe_ros2.egg-info/SOURCES.txt'
[0.564s] running build
[0.564s] running build_py
[0.564s] copying media_pipe_ros2/hands_detector.py -> /home/ros2/media_pipe_ros2/build/media_pipe_ros2/build/lib/media_pipe_ros2
[0.564s] running install
[0.566s] running install_lib
[0.568s] copying /home/ros2/media_pipe_ros2/build/media_pipe_ros2/build/lib/media_pipe_ros2/hands_detector.py -> /home/ros2/media_pipe_ros2/install/media_pipe_ros2/lib/python3.8/site-packages/media_pipe_ros2
[0.568s] byte-compiling /home/ros2/media_pipe_ros2/install/media_pipe_ros2/lib/python3.8/site-packages/media_pipe_ros2/hands_detector.py to hands_detector.cpython-38.pyc
[0.571s] running install_data
[0.571s] running install_egg_info
[0.573s] removing '/home/ros2/media_pipe_ros2/install/media_pipe_ros2/lib/python3.8/site-packages/media_pipe_ros2-0.0.0-py3.8.egg-info' (and everything under it)
[0.573s] Copying ../../build/media_pipe_ros2/media_pipe_ros2.egg-info to /home/ros2/media_pipe_ros2/install/media_pipe_ros2/lib/python3.8/site-packages/media_pipe_ros2-0.0.0-py3.8.egg-info
[0.574s] running install_scripts
[0.607s] Installing talker2 script to /home/ros2/media_pipe_ros2/install/media_pipe_ros2/lib/media_pipe_ros2
[0.608s] writing list of installed files to '/home/ros2/media_pipe_ros2/build/media_pipe_ros2/install.log'
[0.700s] Invoked command in '/home/ros2/media_pipe_ros2/src/media_pipe_ros2' returned '0': PYTHONPATH=/home/ros2/media_pipe_ros2/install/media_pipe_ros2/lib/python3.8/site-packages:${PYTHONPATH} /usr/bin/python3 setup.py egg_info --egg-base ../../build/media_pipe_ros2 build --build-base /home/ros2/media_pipe_ros2/build/media_pipe_ros2/build install --prefix /home/ros2/media_pipe_ros2/install/media_pipe_ros2 --record /home/ros2/media_pipe_ros2/build/media_pipe_ros2/install.log --single-version-externally-managed
