[0.217s] Invoking command in '/home/ros2/media_pipe_ros2/build/media_pipe_ros2_msg': CMAKE_PREFIX_PATH=${CMAKE_PREFIX_PATH}:/home/ros2/media_pipe_ros2/install/media_pipe_ros2:/home/ros2/dev_ws/install/py_srvcli:/home/ros2/dev_ws/install/py_pubsub:/home/ros2/dev_ws/install/python_parameters:/opt/ros/galactic /usr/bin/cmake --build /home/ros2/media_pipe_ros2/build/media_pipe_ros2_msg -- -j8 -l8
[0.244s] -- Found ament_cmake: 1.1.4 (/opt/ros/galactic/share/ament_cmake/cmake)
[0.264s] -- Found PythonInterp: /usr/bin/python3 (found suitable version "3.8.10", minimum required is "3") 
[0.264s] -- Using PYTHON_EXECUTABLE: /usr/bin/python3
[0.323s] -- Found rosidl_default_generators: 1.1.1 (/opt/ros/galactic/share/rosidl_default_generators/cmake)
[0.326s] -- Using all available rosidl_typesupport_c: rosidl_typesupport_fastrtps_c;rosidl_typesupport_introspection_c
[0.330s] -- Found rosidl_adapter: 2.2.1 (/opt/ros/galactic/share/rosidl_adapter/cmake)
[0.448s] -- Using all available rosidl_typesupport_cpp: rosidl_typesupport_fastrtps_cpp;rosidl_typesupport_introspection_cpp
[0.492s] -- Found PythonInterp: /usr/bin/python3 (found version "3.8.10") 
[0.671s] CMake Error at /opt/ros/galactic/share/rosidl_adapter/cmake/rosidl_adapt_interfaces.cmake:60 (message):
[0.671s]   execute_process(/usr/bin/python3 -m rosidl_adapter --package-name
[0.671s]   media_pipe_ros2_msg --arguments-file
[0.672s]   /home/ros2/media_pipe_ros2/build/media_pipe_ros2_msg/rosidl_adapter__arguments__media_pipe_ros2_msg.json
[0.672s]   --output-dir
[0.672s]   /home/ros2/media_pipe_ros2/build/media_pipe_ros2_msg/rosidl_adapter/media_pipe_ros2_msg
[0.672s]   --output-file
[0.672s]   /home/ros2/media_pipe_ros2/build/media_pipe_ros2_msg/rosidl_adapter/media_pipe_ros2_msg.idls)
[0.672s]   returned error code 1:
[0.672s] 
[0.672s]   Traceback (most recent call last):
[0.672s] 
[0.672s]     File "/usr/lib/python3.8/runpy.py", line 194, in _run_module_as_main
[0.673s]       return _run_code(code, main_globals, None,
[0.673s]     File "/usr/lib/python3.8/runpy.py", line 87, in _run_code
[0.673s]       exec(code, run_globals)
[0.673s]     File "/opt/ros/galactic/lib/python3.8/site-packages/rosidl_adapter/__main__.py", line 19, in <module>
[0.673s]       sys.exit(main())
[0.673s]     File "/opt/ros/galactic/lib/python3.8/site-packages/rosidl_adapter/main.py", line 53, in main
[0.673s]       abs_idl_file = convert_to_idl(
[0.673s]     File "/opt/ros/galactic/lib/python3.8/site-packages/rosidl_adapter/__init__.py", line 19, in convert_to_idl
[0.673s]       return convert_msg_to_idl(
[0.673s]     File "/opt/ros/galactic/lib/python3.8/site-packages/rosidl_adapter/msg/__init__.py", line 28, in convert_msg_to_idl
[0.673s]       msg = parse_message_string(package_name, input_file.stem, content)
[0.674s]     File "/opt/ros/galactic/lib/python3.8/site-packages/rosidl_adapter/parser.py", line 540, in parse_message_string
[0.674s]       msg = MessageSpecification(pkg_name, msg_name, fields, constants)
[0.674s]     File "/opt/ros/galactic/lib/python3.8/site-packages/rosidl_adapter/parser.py", line 387, in __init__
[0.674s]       self.base_type = BaseType(
[0.674s]     File "/opt/ros/galactic/lib/python3.8/site-packages/rosidl_adapter/parser.py", line 204, in __init__
[0.674s]       raise InvalidResourceName(
[0.674s] 
[0.674s]   rosidl_adapter.parser.InvalidResourceName: 'multi_hand_landmarks' is an
[0.674s]   invalid message name.  It should have the pattern '^[A-Z][A-Za-z0-9]*$'
[0.674s] 
[0.675s] Call Stack (most recent call first):
[0.675s]   /opt/ros/galactic/share/rosidl_cmake/cmake/rosidl_generate_interfaces.cmake:130 (rosidl_adapt_interfaces)
[0.675s]   CMakeLists.txt:12 (rosidl_generate_interfaces)
[0.675s] 
[0.675s] 
[0.675s] -- Configuring incomplete, errors occurred!
[0.675s] See also "/home/ros2/media_pipe_ros2/build/media_pipe_ros2_msg/CMakeFiles/CMakeOutput.log".
[0.679s] make: *** [Makefile:222: cmake_check_build_system] Error 1
[0.681s] Invoked command in '/home/ros2/media_pipe_ros2/build/media_pipe_ros2_msg' returned '2': CMAKE_PREFIX_PATH=${CMAKE_PREFIX_PATH}:/home/ros2/media_pipe_ros2/install/media_pipe_ros2:/home/ros2/dev_ws/install/py_srvcli:/home/ros2/dev_ws/install/py_pubsub:/home/ros2/dev_ws/install/python_parameters:/opt/ros/galactic /usr/bin/cmake --build /home/ros2/media_pipe_ros2/build/media_pipe_ros2_msg -- -j8 -l8
