[0.252s] Invoking command in '/home/ros2/media_pipe_ros2/build/media_pipe_ros2_msg': CMAKE_PREFIX_PATH=${CMAKE_PREFIX_PATH}:/home/ros2/media_pipe_ros2/install/media_pipe_ros2:/home/ros2/dev_ws/install/py_srvcli:/home/ros2/dev_ws/install/py_pubsub:/home/ros2/dev_ws/install/python_parameters:/opt/ros/galactic /usr/bin/cmake --build /home/ros2/media_pipe_ros2/build/media_pipe_ros2_msg -- -j8 -l8
[0.311s] [  2%] Built target media_pipe_ros2_msg__cpp
[0.312s] [ 12%] Built target media_pipe_ros2_msg__rosidl_generator_c
[0.344s] [ 23%] Built target media_pipe_ros2_msg__rosidl_typesupport_cpp
[0.350s] [ 34%] Built target media_pipe_ros2_msg__rosidl_typesupport_fastrtps_cpp
[0.352s] [ 44%] Built target media_pipe_ros2_msg__rosidl_typesupport_introspection_c
[0.353s] [ 55%] Built target media_pipe_ros2_msg__rosidl_typesupport_introspection_cpp
[0.354s] [ 65%] Built target media_pipe_ros2_msg__rosidl_typesupport_c
[0.380s] [ 76%] Built target media_pipe_ros2_msg__rosidl_typesupport_fastrtps_c
[0.402s] [ 76%] Built target media_pipe_ros2_msg
[0.425s] [ 78%] Built target media_pipe_ros2_msg__py
[0.454s] [ 87%] Built target media_pipe_ros2_msg__python
[0.487s] [ 91%] Built target media_pipe_ros2_msg__rosidl_typesupport_c__pyext
[0.488s] [ 95%] Built target media_pipe_ros2_msg__rosidl_typesupport_introspection_c__pyext
[0.491s] [100%] Built target media_pipe_ros2_msg__rosidl_typesupport_fastrtps_c__pyext
[0.505s] Invoked command in '/home/ros2/media_pipe_ros2/build/media_pipe_ros2_msg' returned '0': CMAKE_PREFIX_PATH=${CMAKE_PREFIX_PATH}:/home/ros2/media_pipe_ros2/install/media_pipe_ros2:/home/ros2/dev_ws/install/py_srvcli:/home/ros2/dev_ws/install/py_pubsub:/home/ros2/dev_ws/install/python_parameters:/opt/ros/galactic /usr/bin/cmake --build /home/ros2/media_pipe_ros2/build/media_pipe_ros2_msg -- -j8 -l8
[0.609s] Invoking command in '/home/ros2/media_pipe_ros2/build/media_pipe_ros2_msg': CMAKE_PREFIX_PATH=${CMAKE_PREFIX_PATH}:/home/ros2/media_pipe_ros2/install/media_pipe_ros2:/home/ros2/dev_ws/install/py_srvcli:/home/ros2/dev_ws/install/py_pubsub:/home/ros2/dev_ws/install/python_parameters:/opt/ros/galactic /usr/bin/cmake --install /home/ros2/media_pipe_ros2/build/media_pipe_ros2_msg
[0.624s] -- Install configuration: ""
[0.625s] -- Up-to-date: /home/ros2/media_pipe_ros2/install/media_pipe_ros2_msg/share/ament_index/resource_index/rosidl_interfaces/media_pipe_ros2_msg
[0.625s] -- Up-to-date: /home/ros2/media_pipe_ros2/install/media_pipe_ros2_msg/include/media_pipe_ros2_msg
[0.625s] -- Up-to-date: /home/ros2/media_pipe_ros2/install/media_pipe_ros2_msg/include/media_pipe_ros2_msg/msg
[0.626s] -- Up-to-date: /home/ros2/media_pipe_ros2/install/media_pipe_ros2_msg/include/media_pipe_ros2_msg/msg/rosidl_generator_c__visibility_control.h
[0.626s] -- Up-to-date: /home/ros2/media_pipe_ros2/install/media_pipe_ros2_msg/include/media_pipe_ros2_msg/msg/media_pipe_human_list.h
[0.626s] -- Up-to-date: /home/ros2/media_pipe_ros2/install/media_pipe_ros2_msg/include/media_pipe_ros2_msg/msg/point.h
[0.626s] -- Up-to-date: /home/ros2/media_pipe_ros2/install/media_pipe_ros2_msg/include/media_pipe_ros2_msg/msg/detail
[0.627s] -- Up-to-date: /home/ros2/media_pipe_ros2/install/media_pipe_ros2_msg/include/media_pipe_ros2_msg/msg/detail/media_pipe_human_list__functions.c
[0.627s] -- Up-to-date: /home/ros2/media_pipe_ros2/install/media_pipe_ros2_msg/include/media_pipe_ros2_msg/msg/detail/mh_landmarks__functions.c
[0.627s] -- Up-to-date: /home/ros2/media_pipe_ros2/install/media_pipe_ros2_msg/include/media_pipe_ros2_msg/msg/detail/point__type_support.h
[0.627s] -- Up-to-date: /home/ros2/media_pipe_ros2/install/media_pipe_ros2_msg/include/media_pipe_ros2_msg/msg/detail/point__functions.h
[0.628s] -- Up-to-date: /home/ros2/media_pipe_ros2/install/media_pipe_ros2_msg/include/media_pipe_ros2_msg/msg/detail/mh_landmarks__functions.h
[0.628s] -- Up-to-date: /home/ros2/media_pipe_ros2/install/media_pipe_ros2_msg/include/media_pipe_ros2_msg/msg/detail/media_pipe_human__functions.c
[0.628s] -- Up-to-date: /home/ros2/media_pipe_ros2/install/media_pipe_ros2_msg/include/media_pipe_ros2_msg/msg/detail/media_pipe_human__struct.h
[0.628s] -- Up-to-date: /home/ros2/media_pipe_ros2/install/media_pipe_ros2_msg/include/media_pipe_ros2_msg/msg/detail/media_pipe_human__functions.h
[0.629s] -- Up-to-date: /home/ros2/media_pipe_ros2/install/media_pipe_ros2_msg/include/media_pipe_ros2_msg/msg/detail/point__functions.c
[0.629s] -- Up-to-date: /home/ros2/media_pipe_ros2/install/media_pipe_ros2_msg/include/media_pipe_ros2_msg/msg/detail/mh_landmarks__type_support.h
[0.629s] -- Up-to-date: /home/ros2/media_pipe_ros2/install/media_pipe_ros2_msg/include/media_pipe_ros2_msg/msg/detail/media_pipe_human_list__functions.h
[0.629s] -- Up-to-date: /home/ros2/media_pipe_ros2/install/media_pipe_ros2_msg/include/media_pipe_ros2_msg/msg/detail/point__struct.h
[0.629s] -- Up-to-date: /home/ros2/media_pipe_ros2/install/media_pipe_ros2_msg/include/media_pipe_ros2_msg/msg/detail/media_pipe_human_list__struct.h
[0.629s] -- Up-to-date: /home/ros2/media_pipe_ros2/install/media_pipe_ros2_msg/include/media_pipe_ros2_msg/msg/detail/mh_landmarks__struct.h
[0.630s] -- Up-to-date: /home/ros2/media_pipe_ros2/install/media_pipe_ros2_msg/include/media_pipe_ros2_msg/msg/detail/media_pipe_human__type_support.h
[0.630s] -- Up-to-date: /home/ros2/media_pipe_ros2/install/media_pipe_ros2_msg/include/media_pipe_ros2_msg/msg/detail/media_pipe_human_list__type_support.h
[0.630s] -- Up-to-date: /home/ros2/media_pipe_ros2/install/media_pipe_ros2_msg/include/media_pipe_ros2_msg/msg/mh_landmarks.h
[0.630s] -- Up-to-date: /home/ros2/media_pipe_ros2/install/media_pipe_ros2_msg/include/media_pipe_ros2_msg/msg/media_pipe_human.h
[0.630s] -- Up-to-date: /home/ros2/media_pipe_ros2/install/media_pipe_ros2_msg/share/media_pipe_ros2_msg/environment/library_path.sh
[0.631s] -- Up-to-date: /home/ros2/media_pipe_ros2/install/media_pipe_ros2_msg/share/media_pipe_ros2_msg/environment/library_path.dsv
[0.631s] -- Up-to-date: /home/ros2/media_pipe_ros2/install/media_pipe_ros2_msg/lib/libmedia_pipe_ros2_msg__rosidl_generator_c.so
[0.631s] -- Up-to-date: /home/ros2/media_pipe_ros2/install/media_pipe_ros2_msg/include/media_pipe_ros2_msg
[0.631s] -- Up-to-date: /home/ros2/media_pipe_ros2/install/media_pipe_ros2_msg/include/media_pipe_ros2_msg/msg
[0.632s] -- Up-to-date: /home/ros2/media_pipe_ros2/install/media_pipe_ros2_msg/include/media_pipe_ros2_msg/msg/detail
[0.632s] -- Up-to-date: /home/ros2/media_pipe_ros2/install/media_pipe_ros2_msg/include/media_pipe_ros2_msg/msg/detail/mh_landmarks__rosidl_typesupport_fastrtps_c.h
[0.632s] -- Up-to-date: /home/ros2/media_pipe_ros2/install/media_pipe_ros2_msg/include/media_pipe_ros2_msg/msg/detail/media_pipe_human__rosidl_typesupport_fastrtps_c.h
[0.632s] -- Up-to-date: /home/ros2/media_pipe_ros2/install/media_pipe_ros2_msg/include/media_pipe_ros2_msg/msg/detail/point__rosidl_typesupport_fastrtps_c.h
[0.632s] -- Up-to-date: /home/ros2/media_pipe_ros2/install/media_pipe_ros2_msg/include/media_pipe_ros2_msg/msg/detail/media_pipe_human_list__rosidl_typesupport_fastrtps_c.h
[0.632s] -- Up-to-date: /home/ros2/media_pipe_ros2/install/media_pipe_ros2_msg/include/media_pipe_ros2_msg/msg/rosidl_typesupport_fastrtps_c__visibility_control.h
[0.633s] -- Up-to-date: /home/ros2/media_pipe_ros2/install/media_pipe_ros2_msg/lib/libmedia_pipe_ros2_msg__rosidl_typesupport_fastrtps_c.so
[0.633s] -- Up-to-date: /home/ros2/media_pipe_ros2/install/media_pipe_ros2_msg/include/media_pipe_ros2_msg
[0.634s] -- Up-to-date: /home/ros2/media_pipe_ros2/install/media_pipe_ros2_msg/include/media_pipe_ros2_msg/msg
[0.634s] -- Up-to-date: /home/ros2/media_pipe_ros2/install/media_pipe_ros2_msg/include/media_pipe_ros2_msg/msg/detail
[0.634s] -- Up-to-date: /home/ros2/media_pipe_ros2/install/media_pipe_ros2_msg/include/media_pipe_ros2_msg/msg/detail/media_pipe_human_list__rosidl_typesupport_fastrtps_cpp.hpp
[0.634s] -- Up-to-date: /home/ros2/media_pipe_ros2/install/media_pipe_ros2_msg/include/media_pipe_ros2_msg/msg/detail/media_pipe_human__rosidl_typesupport_fastrtps_cpp.hpp
[0.635s] -- Up-to-date: /home/ros2/media_pipe_ros2/install/media_pipe_ros2_msg/include/media_pipe_ros2_msg/msg/detail/point__rosidl_typesupport_fastrtps_cpp.hpp
[0.635s] -- Up-to-date: /home/ros2/media_pipe_ros2/install/media_pipe_ros2_msg/include/media_pipe_ros2_msg/msg/detail/dds_fastrtps
[0.635s] -- Up-to-date: /home/ros2/media_pipe_ros2/install/media_pipe_ros2_msg/include/media_pipe_ros2_msg/msg/detail/mh_landmarks__rosidl_typesupport_fastrtps_cpp.hpp
[0.636s] -- Up-to-date: /home/ros2/media_pipe_ros2/install/media_pipe_ros2_msg/include/media_pipe_ros2_msg/msg/rosidl_typesupport_fastrtps_cpp__visibility_control.h
[0.636s] -- Up-to-date: /home/ros2/media_pipe_ros2/install/media_pipe_ros2_msg/lib/libmedia_pipe_ros2_msg__rosidl_typesupport_fastrtps_cpp.so
[0.636s] -- Up-to-date: /home/ros2/media_pipe_ros2/install/media_pipe_ros2_msg/include/media_pipe_ros2_msg
[0.636s] -- Up-to-date: /home/ros2/media_pipe_ros2/install/media_pipe_ros2_msg/include/media_pipe_ros2_msg/msg
[0.636s] -- Up-to-date: /home/ros2/media_pipe_ros2/install/media_pipe_ros2_msg/include/media_pipe_ros2_msg/msg/rosidl_typesupport_introspection_c__visibility_control.h
[0.637s] -- Up-to-date: /home/ros2/media_pipe_ros2/install/media_pipe_ros2_msg/include/media_pipe_ros2_msg/msg/detail
[0.637s] -- Up-to-date: /home/ros2/media_pipe_ros2/install/media_pipe_ros2_msg/include/media_pipe_ros2_msg/msg/detail/point__type_support.c
[0.637s] -- Up-to-date: /home/ros2/media_pipe_ros2/install/media_pipe_ros2_msg/include/media_pipe_ros2_msg/msg/detail/mh_landmarks__rosidl_typesupport_introspection_c.h
[0.637s] -- Up-to-date: /home/ros2/media_pipe_ros2/install/media_pipe_ros2_msg/include/media_pipe_ros2_msg/msg/detail/media_pipe_human_list__type_support.c
[0.637s] -- Up-to-date: /home/ros2/media_pipe_ros2/install/media_pipe_ros2_msg/include/media_pipe_ros2_msg/msg/detail/mh_landmarks__type_support.c
[0.637s] -- Up-to-date: /home/ros2/media_pipe_ros2/install/media_pipe_ros2_msg/include/media_pipe_ros2_msg/msg/detail/point__rosidl_typesupport_introspection_c.h
[0.638s] -- Up-to-date: /home/ros2/media_pipe_ros2/install/media_pipe_ros2_msg/include/media_pipe_ros2_msg/msg/detail/media_pipe_human__type_support.c
[0.638s] -- Up-to-date: /home/ros2/media_pipe_ros2/install/media_pipe_ros2_msg/include/media_pipe_ros2_msg/msg/detail/media_pipe_human_list__rosidl_typesupport_introspection_c.h
[0.638s] -- Up-to-date: /home/ros2/media_pipe_ros2/install/media_pipe_ros2_msg/include/media_pipe_ros2_msg/msg/detail/media_pipe_human__rosidl_typesupport_introspection_c.h
[0.639s] -- Up-to-date: /home/ros2/media_pipe_ros2/install/media_pipe_ros2_msg/lib/libmedia_pipe_ros2_msg__rosidl_typesupport_introspection_c.so
[0.639s] -- Up-to-date: /home/ros2/media_pipe_ros2/install/media_pipe_ros2_msg/lib/libmedia_pipe_ros2_msg__rosidl_typesupport_c.so
[0.639s] -- Up-to-date: /home/ros2/media_pipe_ros2/install/media_pipe_ros2_msg/include/media_pipe_ros2_msg
[0.639s] -- Up-to-date: /home/ros2/media_pipe_ros2/install/media_pipe_ros2_msg/include/media_pipe_ros2_msg/msg
[0.639s] -- Up-to-date: /home/ros2/media_pipe_ros2/install/media_pipe_ros2_msg/include/media_pipe_ros2_msg/msg/mh_landmarks.hpp
[0.639s] -- Up-to-date: /home/ros2/media_pipe_ros2/install/media_pipe_ros2_msg/include/media_pipe_ros2_msg/msg/media_pipe_human.hpp
[0.640s] -- Up-to-date: /home/ros2/media_pipe_ros2/install/media_pipe_ros2_msg/include/media_pipe_ros2_msg/msg/detail
[0.640s] -- Up-to-date: /home/ros2/media_pipe_ros2/install/media_pipe_ros2_msg/include/media_pipe_ros2_msg/msg/detail/media_pipe_human__struct.hpp
[0.640s] -- Up-to-date: /home/ros2/media_pipe_ros2/install/media_pipe_ros2_msg/include/media_pipe_ros2_msg/msg/detail/media_pipe_human_list__traits.hpp
[0.640s] -- Up-to-date: /home/ros2/media_pipe_ros2/install/media_pipe_ros2_msg/include/media_pipe_ros2_msg/msg/detail/mh_landmarks__struct.hpp
[0.640s] -- Up-to-date: /home/ros2/media_pipe_ros2/install/media_pipe_ros2_msg/include/media_pipe_ros2_msg/msg/detail/mh_landmarks__builder.hpp
[0.640s] -- Up-to-date: /home/ros2/media_pipe_ros2/install/media_pipe_ros2_msg/include/media_pipe_ros2_msg/msg/detail/point__builder.hpp
[0.641s] -- Up-to-date: /home/ros2/media_pipe_ros2/install/media_pipe_ros2_msg/include/media_pipe_ros2_msg/msg/detail/point__struct.hpp
[0.641s] -- Up-to-date: /home/ros2/media_pipe_ros2/install/media_pipe_ros2_msg/include/media_pipe_ros2_msg/msg/detail/point__traits.hpp
[0.641s] -- Up-to-date: /home/ros2/media_pipe_ros2/install/media_pipe_ros2_msg/include/media_pipe_ros2_msg/msg/detail/media_pipe_human_list__builder.hpp
[0.641s] -- Up-to-date: /home/ros2/media_pipe_ros2/install/media_pipe_ros2_msg/include/media_pipe_ros2_msg/msg/detail/mh_landmarks__traits.hpp
[0.641s] -- Up-to-date: /home/ros2/media_pipe_ros2/install/media_pipe_ros2_msg/include/media_pipe_ros2_msg/msg/detail/media_pipe_human__builder.hpp
[0.641s] -- Up-to-date: /home/ros2/media_pipe_ros2/install/media_pipe_ros2_msg/include/media_pipe_ros2_msg/msg/detail/media_pipe_human__traits.hpp
[0.641s] -- Up-to-date: /home/ros2/media_pipe_ros2/install/media_pipe_ros2_msg/include/media_pipe_ros2_msg/msg/detail/media_pipe_human_list__struct.hpp
[0.641s] -- Up-to-date: /home/ros2/media_pipe_ros2/install/media_pipe_ros2_msg/include/media_pipe_ros2_msg/msg/point.hpp
[0.641s] -- Up-to-date: /home/ros2/media_pipe_ros2/install/media_pipe_ros2_msg/include/media_pipe_ros2_msg/msg/media_pipe_human_list.hpp
[0.641s] -- Up-to-date: /home/ros2/media_pipe_ros2/install/media_pipe_ros2_msg/include/media_pipe_ros2_msg
[0.642s] -- Up-to-date: /home/ros2/media_pipe_ros2/install/media_pipe_ros2_msg/include/media_pipe_ros2_msg/msg
[0.642s] -- Up-to-date: /home/ros2/media_pipe_ros2/install/media_pipe_ros2_msg/include/media_pipe_ros2_msg/msg/detail
[0.642s] -- Up-to-date: /home/ros2/media_pipe_ros2/install/media_pipe_ros2_msg/include/media_pipe_ros2_msg/msg/detail/point__rosidl_typesupport_introspection_cpp.hpp
[0.642s] -- Up-to-date: /home/ros2/media_pipe_ros2/install/media_pipe_ros2_msg/include/media_pipe_ros2_msg/msg/detail/mh_landmarks__type_support.cpp
[0.642s] -- Up-to-date: /home/ros2/media_pipe_ros2/install/media_pipe_ros2_msg/include/media_pipe_ros2_msg/msg/detail/media_pipe_human__rosidl_typesupport_introspection_cpp.hpp
[0.642s] -- Up-to-date: /home/ros2/media_pipe_ros2/install/media_pipe_ros2_msg/include/media_pipe_ros2_msg/msg/detail/mh_landmarks__rosidl_typesupport_introspection_cpp.hpp
[0.642s] -- Up-to-date: /home/ros2/media_pipe_ros2/install/media_pipe_ros2_msg/include/media_pipe_ros2_msg/msg/detail/media_pipe_human__type_support.cpp
[0.642s] -- Up-to-date: /home/ros2/media_pipe_ros2/install/media_pipe_ros2_msg/include/media_pipe_ros2_msg/msg/detail/point__type_support.cpp
[0.642s] -- Up-to-date: /home/ros2/media_pipe_ros2/install/media_pipe_ros2_msg/include/media_pipe_ros2_msg/msg/detail/media_pipe_human_list__type_support.cpp
[0.642s] -- Up-to-date: /home/ros2/media_pipe_ros2/install/media_pipe_ros2_msg/include/media_pipe_ros2_msg/msg/detail/media_pipe_human_list__rosidl_typesupport_introspection_cpp.hpp
[0.643s] -- Up-to-date: /home/ros2/media_pipe_ros2/install/media_pipe_ros2_msg/lib/libmedia_pipe_ros2_msg__rosidl_typesupport_introspection_cpp.so
[0.643s] -- Up-to-date: /home/ros2/media_pipe_ros2/install/media_pipe_ros2_msg/lib/libmedia_pipe_ros2_msg__rosidl_typesupport_cpp.so
[0.643s] -- Up-to-date: /home/ros2/media_pipe_ros2/install/media_pipe_ros2_msg/share/media_pipe_ros2_msg/environment/pythonpath.sh
[0.643s] -- Up-to-date: /home/ros2/media_pipe_ros2/install/media_pipe_ros2_msg/share/media_pipe_ros2_msg/environment/pythonpath.dsv
[0.643s] -- Up-to-date: /home/ros2/media_pipe_ros2/install/media_pipe_ros2_msg/lib/python3.8/site-packages/media_pipe_ros2_msg/__init__.py
[0.713s] -- Up-to-date: /home/ros2/media_pipe_ros2/install/media_pipe_ros2_msg/lib/python3.8/site-packages/media_pipe_ros2_msg/msg
[0.713s] -- Up-to-date: /home/ros2/media_pipe_ros2/install/media_pipe_ros2_msg/lib/python3.8/site-packages/media_pipe_ros2_msg/msg/_mh_landmarks_s.c
[0.714s] -- Up-to-date: /home/ros2/media_pipe_ros2/install/media_pipe_ros2_msg/lib/python3.8/site-packages/media_pipe_ros2_msg/msg/_point_s.c
[0.714s] -- Up-to-date: /home/ros2/media_pipe_ros2/install/media_pipe_ros2_msg/lib/python3.8/site-packages/media_pipe_ros2_msg/msg/_media_pipe_human_list_s.c
[0.714s] -- Up-to-date: /home/ros2/media_pipe_ros2/install/media_pipe_ros2_msg/lib/python3.8/site-packages/media_pipe_ros2_msg/msg/_media_pipe_human_s.c
[0.714s] -- Up-to-date: /home/ros2/media_pipe_ros2/install/media_pipe_ros2_msg/lib/python3.8/site-packages/media_pipe_ros2_msg/msg/_media_pipe_human.py
[0.714s] -- Up-to-date: /home/ros2/media_pipe_ros2/install/media_pipe_ros2_msg/lib/python3.8/site-packages/media_pipe_ros2_msg/msg/_media_pipe_human_list.py
[0.715s] -- Up-to-date: /home/ros2/media_pipe_ros2/install/media_pipe_ros2_msg/lib/python3.8/site-packages/media_pipe_ros2_msg/msg/_mh_landmarks.py
[0.715s] -- Up-to-date: /home/ros2/media_pipe_ros2/install/media_pipe_ros2_msg/lib/python3.8/site-packages/media_pipe_ros2_msg/msg/_point.py
[0.715s] -- Up-to-date: /home/ros2/media_pipe_ros2/install/media_pipe_ros2_msg/lib/python3.8/site-packages/media_pipe_ros2_msg/msg/__init__.py
[0.715s] -- Up-to-date: /home/ros2/media_pipe_ros2/install/media_pipe_ros2_msg/lib/python3.8/site-packages/media_pipe_ros2_msg/media_pipe_ros2_msg_s__rosidl_typesupport_fastrtps_c.cpython-38-x86_64-linux-gnu.so
[0.715s] -- Up-to-date: /home/ros2/media_pipe_ros2/install/media_pipe_ros2_msg/lib/python3.8/site-packages/media_pipe_ros2_msg/media_pipe_ros2_msg_s__rosidl_typesupport_introspection_c.cpython-38-x86_64-linux-gnu.so
[0.717s] -- Up-to-date: /home/ros2/media_pipe_ros2/install/media_pipe_ros2_msg/lib/python3.8/site-packages/media_pipe_ros2_msg/media_pipe_ros2_msg_s__rosidl_typesupport_c.cpython-38-x86_64-linux-gnu.so
[0.718s] -- Up-to-date: /home/ros2/media_pipe_ros2/install/media_pipe_ros2_msg/lib/libmedia_pipe_ros2_msg__python.so
[0.718s] -- Up-to-date: /home/ros2/media_pipe_ros2/install/media_pipe_ros2_msg/share/media_pipe_ros2_msg/msg/Point.idl
[0.719s] -- Up-to-date: /home/ros2/media_pipe_ros2/install/media_pipe_ros2_msg/share/media_pipe_ros2_msg/msg/MediaPipeHuman.idl
[0.719s] -- Up-to-date: /home/ros2/media_pipe_ros2/install/media_pipe_ros2_msg/share/media_pipe_ros2_msg/msg/MediaPipeHumanList.idl
[0.719s] -- Up-to-date: /home/ros2/media_pipe_ros2/install/media_pipe_ros2_msg/share/media_pipe_ros2_msg/msg/Point.msg
[0.720s] -- Up-to-date: /home/ros2/media_pipe_ros2/install/media_pipe_ros2_msg/share/media_pipe_ros2_msg/msg/MediaPipeHuman.msg
[0.720s] -- Up-to-date: /home/ros2/media_pipe_ros2/install/media_pipe_ros2_msg/share/media_pipe_ros2_msg/msg/MediaPipeHumanList.msg
[0.720s] -- Up-to-date: /home/ros2/media_pipe_ros2/install/media_pipe_ros2_msg/share/ament_index/resource_index/package_run_dependencies/media_pipe_ros2_msg
[0.720s] -- Up-to-date: /home/ros2/media_pipe_ros2/install/media_pipe_ros2_msg/share/ament_index/resource_index/parent_prefix_path/media_pipe_ros2_msg
[0.721s] -- Up-to-date: /home/ros2/media_pipe_ros2/install/media_pipe_ros2_msg/share/media_pipe_ros2_msg/environment/ament_prefix_path.sh
[0.721s] -- Up-to-date: /home/ros2/media_pipe_ros2/install/media_pipe_ros2_msg/share/media_pipe_ros2_msg/environment/ament_prefix_path.dsv
[0.722s] -- Up-to-date: /home/ros2/media_pipe_ros2/install/media_pipe_ros2_msg/share/media_pipe_ros2_msg/environment/path.sh
[0.723s] -- Up-to-date: /home/ros2/media_pipe_ros2/install/media_pipe_ros2_msg/share/media_pipe_ros2_msg/environment/path.dsv
[0.723s] -- Up-to-date: /home/ros2/media_pipe_ros2/install/media_pipe_ros2_msg/share/media_pipe_ros2_msg/local_setup.bash
[0.724s] -- Up-to-date: /home/ros2/media_pipe_ros2/install/media_pipe_ros2_msg/share/media_pipe_ros2_msg/local_setup.sh
[0.724s] -- Up-to-date: /home/ros2/media_pipe_ros2/install/media_pipe_ros2_msg/share/media_pipe_ros2_msg/local_setup.zsh
[0.724s] -- Up-to-date: /home/ros2/media_pipe_ros2/install/media_pipe_ros2_msg/share/media_pipe_ros2_msg/local_setup.dsv
[0.724s] -- Installing: /home/ros2/media_pipe_ros2/install/media_pipe_ros2_msg/share/media_pipe_ros2_msg/package.dsv
[0.724s] -- Up-to-date: /home/ros2/media_pipe_ros2/install/media_pipe_ros2_msg/share/ament_index/resource_index/packages/media_pipe_ros2_msg
[0.725s] -- Up-to-date: /home/ros2/media_pipe_ros2/install/media_pipe_ros2_msg/share/media_pipe_ros2_msg/cmake/media_pipe_ros2_msg__rosidl_generator_cExport.cmake
[0.725s] -- Up-to-date: /home/ros2/media_pipe_ros2/install/media_pipe_ros2_msg/share/media_pipe_ros2_msg/cmake/media_pipe_ros2_msg__rosidl_generator_cExport-noconfig.cmake
[0.725s] -- Up-to-date: /home/ros2/media_pipe_ros2/install/media_pipe_ros2_msg/share/media_pipe_ros2_msg/cmake/media_pipe_ros2_msg__rosidl_typesupport_introspection_cExport.cmake
[0.725s] -- Up-to-date: /home/ros2/media_pipe_ros2/install/media_pipe_ros2_msg/share/media_pipe_ros2_msg/cmake/media_pipe_ros2_msg__rosidl_typesupport_introspection_cExport-noconfig.cmake
[0.726s] -- Up-to-date: /home/ros2/media_pipe_ros2/install/media_pipe_ros2_msg/share/media_pipe_ros2_msg/cmake/media_pipe_ros2_msg__rosidl_typesupport_cExport.cmake
[0.726s] -- Up-to-date: /home/ros2/media_pipe_ros2/install/media_pipe_ros2_msg/share/media_pipe_ros2_msg/cmake/media_pipe_ros2_msg__rosidl_typesupport_cExport-noconfig.cmake
[0.726s] -- Up-to-date: /home/ros2/media_pipe_ros2/install/media_pipe_ros2_msg/share/media_pipe_ros2_msg/cmake/media_pipe_ros2_msg__rosidl_generator_cppExport.cmake
[0.726s] -- Up-to-date: /home/ros2/media_pipe_ros2/install/media_pipe_ros2_msg/share/media_pipe_ros2_msg/cmake/media_pipe_ros2_msg__rosidl_typesupport_introspection_cppExport.cmake
[0.727s] -- Up-to-date: /home/ros2/media_pipe_ros2/install/media_pipe_ros2_msg/share/media_pipe_ros2_msg/cmake/media_pipe_ros2_msg__rosidl_typesupport_introspection_cppExport-noconfig.cmake
[0.727s] -- Up-to-date: /home/ros2/media_pipe_ros2/install/media_pipe_ros2_msg/share/media_pipe_ros2_msg/cmake/media_pipe_ros2_msg__rosidl_typesupport_cppExport.cmake
[0.727s] -- Up-to-date: /home/ros2/media_pipe_ros2/install/media_pipe_ros2_msg/share/media_pipe_ros2_msg/cmake/media_pipe_ros2_msg__rosidl_typesupport_cppExport-noconfig.cmake
[0.727s] -- Up-to-date: /home/ros2/media_pipe_ros2/install/media_pipe_ros2_msg/share/media_pipe_ros2_msg/cmake/rosidl_cmake-extras.cmake
[0.728s] -- Up-to-date: /home/ros2/media_pipe_ros2/install/media_pipe_ros2_msg/share/media_pipe_ros2_msg/cmake/ament_cmake_export_dependencies-extras.cmake
[0.728s] -- Up-to-date: /home/ros2/media_pipe_ros2/install/media_pipe_ros2_msg/share/media_pipe_ros2_msg/cmake/ament_cmake_export_libraries-extras.cmake
[0.728s] -- Up-to-date: /home/ros2/media_pipe_ros2/install/media_pipe_ros2_msg/share/media_pipe_ros2_msg/cmake/ament_cmake_export_targets-extras.cmake
[0.729s] -- Up-to-date: /home/ros2/media_pipe_ros2/install/media_pipe_ros2_msg/share/media_pipe_ros2_msg/cmake/ament_cmake_export_include_directories-extras.cmake
[0.729s] -- Up-to-date: /home/ros2/media_pipe_ros2/install/media_pipe_ros2_msg/share/media_pipe_ros2_msg/cmake/rosidl_cmake_export_typesupport_libraries-extras.cmake
[0.729s] -- Up-to-date: /home/ros2/media_pipe_ros2/install/media_pipe_ros2_msg/share/media_pipe_ros2_msg/cmake/rosidl_cmake_export_typesupport_targets-extras.cmake
[0.729s] -- Up-to-date: /home/ros2/media_pipe_ros2/install/media_pipe_ros2_msg/share/media_pipe_ros2_msg/cmake/media_pipe_ros2_msgConfig.cmake
[0.729s] -- Up-to-date: /home/ros2/media_pipe_ros2/install/media_pipe_ros2_msg/share/media_pipe_ros2_msg/cmake/media_pipe_ros2_msgConfig-version.cmake
[0.729s] -- Up-to-date: /home/ros2/media_pipe_ros2/install/media_pipe_ros2_msg/share/media_pipe_ros2_msg/package.xml
[0.733s] Invoked command in '/home/ros2/media_pipe_ros2/build/media_pipe_ros2_msg' returned '0': CMAKE_PREFIX_PATH=${CMAKE_PREFIX_PATH}:/home/ros2/media_pipe_ros2/install/media_pipe_ros2:/home/ros2/dev_ws/install/py_srvcli:/home/ros2/dev_ws/install/py_pubsub:/home/ros2/dev_ws/install/python_parameters:/opt/ros/galactic /usr/bin/cmake --install /home/ros2/media_pipe_ros2/build/media_pipe_ros2_msg
