[0.264s] DEBUG:colcon:Command line arguments: ['/usr/bin/colcon', 'build']
[0.264s] DEBUG:colcon:Parsed command line arguments: Namespace(ament_cmake_args=None, base_paths=['.'], build_base='build', catkin_cmake_args=None, catkin_skip_building_tests=False, cmake_args=None, cmake_clean_cache=False, cmake_clean_first=False, cmake_force_configure=False, cmake_target=None, cmake_target_skip_unavailable=False, continue_on_error=False, event_handlers=None, executor='parallel', ignore_user_meta=False, install_base='install', log_base=None, log_level=None, main=<bound method BuildVerb.main of <colcon_core.verb.build.BuildVerb object at 0x7f4e55be34f0>>, merge_install=False, metas=['./colcon.meta'], packages_above=None, packages_above_and_dependencies=None, packages_above_depth=None, packages_end=None, packages_ignore=None, packages_ignore_regex=None, packages_select=None, packages_select_build_failed=False, packages_select_by_dep=None, packages_select_regex=None, packages_select_test_failures=False, packages_skip=None, packages_skip_build_finished=False, packages_skip_by_dep=None, packages_skip_regex=None, packages_skip_test_passed=False, packages_skip_up_to=None, packages_start=None, packages_up_to=None, packages_up_to_regex=None, parallel_workers=8, paths=None, symlink_install=False, test_result_base=None, verb_extension=<colcon_core.verb.build.BuildVerb object at 0x7f4e55be34f0>, verb_name='build', verb_parser=<colcon_defaults.argument_parser.defaults.DefaultArgumentsDecorator object at 0x7f4e55be3a30>)
[0.269s] Level 1:colcon.colcon_core.package_discovery:discover_packages(colcon_meta) check parameters
[0.269s] Level 1:colcon.colcon_core.package_discovery:discover_packages(recursive) check parameters
[0.269s] Level 1:colcon.colcon_core.package_discovery:discover_packages(ignore) check parameters
[0.269s] Level 1:colcon.colcon_core.package_discovery:discover_packages(path) check parameters
[0.269s] Level 1:colcon.colcon_core.package_discovery:discover_packages(colcon_meta) discover
[0.269s] Level 1:colcon.colcon_core.package_discovery:discover_packages(recursive) discover
[0.269s] INFO:colcon.colcon_core.package_discovery:Crawling recursively for packages in '/home/ros2/media_pipe_ros2'
[0.269s] Level 1:colcon.colcon_core.package_identification:_identify(.) by extensions ['ignore', 'ignore_ament_install']
[0.269s] Level 1:colcon.colcon_core.package_identification:_identify(.) by extension 'ignore'
[0.269s] Level 1:colcon.colcon_core.package_identification:_identify(.) by extension 'ignore_ament_install'
[0.269s] Level 1:colcon.colcon_core.package_identification:_identify(.) by extensions ['colcon_pkg']
[0.269s] Level 1:colcon.colcon_core.package_identification:_identify(.) by extension 'colcon_pkg'
[0.269s] Level 1:colcon.colcon_core.package_identification:_identify(.) by extensions ['colcon_meta']
[0.269s] Level 1:colcon.colcon_core.package_identification:_identify(.) by extension 'colcon_meta'
[0.269s] Level 1:colcon.colcon_core.package_identification:_identify(.) by extensions ['ros']
[0.270s] Level 1:colcon.colcon_core.package_identification:_identify(.) by extension 'ros'
[0.280s] Level 1:colcon.colcon_core.package_identification:_identify(.) by extensions ['cmake', 'python']
[0.280s] Level 1:colcon.colcon_core.package_identification:_identify(.) by extension 'cmake'
[0.280s] Level 1:colcon.colcon_core.package_identification:_identify(.) by extension 'python'
[0.280s] Level 1:colcon.colcon_core.package_identification:_identify(.) by extensions ['python_setup_py']
[0.280s] Level 1:colcon.colcon_core.package_identification:_identify(.) by extension 'python_setup_py'
[0.280s] Level 1:colcon.colcon_core.package_identification:_identify(build) by extensions ['ignore', 'ignore_ament_install']
[0.280s] Level 1:colcon.colcon_core.package_identification:_identify(build) by extension 'ignore'
[0.280s] Level 1:colcon.colcon_core.package_identification:_identify(build) ignored
[0.280s] Level 1:colcon.colcon_core.package_identification:_identify(install) by extensions ['ignore', 'ignore_ament_install']
[0.280s] Level 1:colcon.colcon_core.package_identification:_identify(install) by extension 'ignore'
[0.281s] Level 1:colcon.colcon_core.package_identification:_identify(install) ignored
[0.281s] Level 1:colcon.colcon_core.package_identification:_identify(log) by extensions ['ignore', 'ignore_ament_install']
[0.281s] Level 1:colcon.colcon_core.package_identification:_identify(log) by extension 'ignore'
[0.281s] Level 1:colcon.colcon_core.package_identification:_identify(log) ignored
[0.281s] Level 1:colcon.colcon_core.package_identification:_identify(src) by extensions ['ignore', 'ignore_ament_install']
[0.281s] Level 1:colcon.colcon_core.package_identification:_identify(src) by extension 'ignore'
[0.281s] Level 1:colcon.colcon_core.package_identification:_identify(src) by extension 'ignore_ament_install'
[0.281s] Level 1:colcon.colcon_core.package_identification:_identify(src) by extensions ['colcon_pkg']
[0.281s] Level 1:colcon.colcon_core.package_identification:_identify(src) by extension 'colcon_pkg'
[0.281s] Level 1:colcon.colcon_core.package_identification:_identify(src) by extensions ['colcon_meta']
[0.281s] Level 1:colcon.colcon_core.package_identification:_identify(src) by extension 'colcon_meta'
[0.281s] Level 1:colcon.colcon_core.package_identification:_identify(src) by extensions ['ros']
[0.281s] Level 1:colcon.colcon_core.package_identification:_identify(src) by extension 'ros'
[0.281s] Level 1:colcon.colcon_core.package_identification:_identify(src) by extensions ['cmake', 'python']
[0.281s] Level 1:colcon.colcon_core.package_identification:_identify(src) by extension 'cmake'
[0.282s] Level 1:colcon.colcon_core.package_identification:_identify(src) by extension 'python'
[0.282s] Level 1:colcon.colcon_core.package_identification:_identify(src) by extensions ['python_setup_py']
[0.282s] Level 1:colcon.colcon_core.package_identification:_identify(src) by extension 'python_setup_py'
[0.282s] Level 1:colcon.colcon_core.package_identification:_identify(src/media_pipe_ros2) by extensions ['ignore', 'ignore_ament_install']
[0.282s] Level 1:colcon.colcon_core.package_identification:_identify(src/media_pipe_ros2) by extension 'ignore'
[0.282s] Level 1:colcon.colcon_core.package_identification:_identify(src/media_pipe_ros2) by extension 'ignore_ament_install'
[0.282s] Level 1:colcon.colcon_core.package_identification:_identify(src/media_pipe_ros2) by extensions ['colcon_pkg']
[0.282s] Level 1:colcon.colcon_core.package_identification:_identify(src/media_pipe_ros2) by extension 'colcon_pkg'
[0.282s] Level 1:colcon.colcon_core.package_identification:_identify(src/media_pipe_ros2) by extensions ['colcon_meta']
[0.282s] Level 1:colcon.colcon_core.package_identification:_identify(src/media_pipe_ros2) by extension 'colcon_meta'
[0.282s] Level 1:colcon.colcon_core.package_identification:_identify(src/media_pipe_ros2) by extensions ['ros']
[0.282s] Level 1:colcon.colcon_core.package_identification:_identify(src/media_pipe_ros2) by extension 'ros'
[0.284s] DEBUG:colcon.colcon_core.package_identification:Package 'src/media_pipe_ros2' with type 'ros.ament_python' and name 'media_pipe_ros2'
[0.284s] Level 1:colcon.colcon_core.package_identification:_identify(src/media_pipe_ros2_msg) by extensions ['ignore', 'ignore_ament_install']
[0.284s] Level 1:colcon.colcon_core.package_identification:_identify(src/media_pipe_ros2_msg) by extension 'ignore'
[0.284s] Level 1:colcon.colcon_core.package_identification:_identify(src/media_pipe_ros2_msg) by extension 'ignore_ament_install'
[0.285s] Level 1:colcon.colcon_core.package_identification:_identify(src/media_pipe_ros2_msg) by extensions ['colcon_pkg']
[0.285s] Level 1:colcon.colcon_core.package_identification:_identify(src/media_pipe_ros2_msg) by extension 'colcon_pkg'
[0.285s] Level 1:colcon.colcon_core.package_identification:_identify(src/media_pipe_ros2_msg) by extensions ['colcon_meta']
[0.285s] Level 1:colcon.colcon_core.package_identification:_identify(src/media_pipe_ros2_msg) by extension 'colcon_meta'
[0.285s] Level 1:colcon.colcon_core.package_identification:_identify(src/media_pipe_ros2_msg) by extensions ['ros']
[0.285s] Level 1:colcon.colcon_core.package_identification:_identify(src/media_pipe_ros2_msg) by extension 'ros'
[0.285s] DEBUG:colcon.colcon_core.package_identification:Package 'src/media_pipe_ros2_msg' with type 'ros.ament_cmake' and name 'media_pipe_ros2_msg'
[0.285s] Level 1:colcon.colcon_core.package_discovery:discover_packages(recursive) using defaults
[0.285s] Level 1:colcon.colcon_core.package_discovery:discover_packages(ignore) discover
[0.285s] Level 1:colcon.colcon_core.package_discovery:discover_packages(ignore) using defaults
[0.285s] Level 1:colcon.colcon_core.package_discovery:discover_packages(path) discover
[0.286s] Level 1:colcon.colcon_core.package_discovery:discover_packages(path) using defaults
[0.303s] Level 5:colcon.colcon_core.verb:set package 'media_pipe_ros2' build argument 'cmake_args' from command line to 'None'
[0.303s] Level 5:colcon.colcon_core.verb:set package 'media_pipe_ros2' build argument 'cmake_target' from command line to 'None'
[0.303s] Level 5:colcon.colcon_core.verb:set package 'media_pipe_ros2' build argument 'cmake_target_skip_unavailable' from command line to 'False'
[0.303s] Level 5:colcon.colcon_core.verb:set package 'media_pipe_ros2' build argument 'cmake_clean_cache' from command line to 'False'
[0.303s] Level 5:colcon.colcon_core.verb:set package 'media_pipe_ros2' build argument 'cmake_clean_first' from command line to 'False'
[0.303s] Level 5:colcon.colcon_core.verb:set package 'media_pipe_ros2' build argument 'cmake_force_configure' from command line to 'False'
[0.303s] Level 5:colcon.colcon_core.verb:set package 'media_pipe_ros2' build argument 'ament_cmake_args' from command line to 'None'
[0.303s] Level 5:colcon.colcon_core.verb:set package 'media_pipe_ros2' build argument 'catkin_cmake_args' from command line to 'None'
[0.303s] Level 5:colcon.colcon_core.verb:set package 'media_pipe_ros2' build argument 'catkin_skip_building_tests' from command line to 'False'
[0.303s] DEBUG:colcon.colcon_core.verb:Building package 'media_pipe_ros2' with the following arguments: {'ament_cmake_args': None, 'build_base': '/home/ros2/media_pipe_ros2/build/media_pipe_ros2', 'catkin_cmake_args': None, 'catkin_skip_building_tests': False, 'cmake_args': None, 'cmake_clean_cache': False, 'cmake_clean_first': False, 'cmake_force_configure': False, 'cmake_target': None, 'cmake_target_skip_unavailable': False, 'install_base': '/home/ros2/media_pipe_ros2/install/media_pipe_ros2', 'merge_install': False, 'path': '/home/ros2/media_pipe_ros2/src/media_pipe_ros2', 'symlink_install': False, 'test_result_base': None}
[0.305s] Level 5:colcon.colcon_core.verb:set package 'media_pipe_ros2_msg' build argument 'cmake_args' from command line to 'None'
[0.305s] Level 5:colcon.colcon_core.verb:set package 'media_pipe_ros2_msg' build argument 'cmake_target' from command line to 'None'
[0.305s] Level 5:colcon.colcon_core.verb:set package 'media_pipe_ros2_msg' build argument 'cmake_target_skip_unavailable' from command line to 'False'
[0.305s] Level 5:colcon.colcon_core.verb:set package 'media_pipe_ros2_msg' build argument 'cmake_clean_cache' from command line to 'False'
[0.305s] Level 5:colcon.colcon_core.verb:set package 'media_pipe_ros2_msg' build argument 'cmake_clean_first' from command line to 'False'
[0.305s] Level 5:colcon.colcon_core.verb:set package 'media_pipe_ros2_msg' build argument 'cmake_force_configure' from command line to 'False'
[0.305s] Level 5:colcon.colcon_core.verb:set package 'media_pipe_ros2_msg' build argument 'ament_cmake_args' from command line to 'None'
[0.305s] Level 5:colcon.colcon_core.verb:set package 'media_pipe_ros2_msg' build argument 'catkin_cmake_args' from command line to 'None'
[0.305s] Level 5:colcon.colcon_core.verb:set package 'media_pipe_ros2_msg' build argument 'catkin_skip_building_tests' from command line to 'False'
[0.306s] DEBUG:colcon.colcon_core.verb:Building package 'media_pipe_ros2_msg' with the following arguments: {'ament_cmake_args': None, 'build_base': '/home/ros2/media_pipe_ros2/build/media_pipe_ros2_msg', 'catkin_cmake_args': None, 'catkin_skip_building_tests': False, 'cmake_args': None, 'cmake_clean_cache': False, 'cmake_clean_first': False, 'cmake_force_configure': False, 'cmake_target': None, 'cmake_target_skip_unavailable': False, 'install_base': '/home/ros2/media_pipe_ros2/install/media_pipe_ros2_msg', 'merge_install': False, 'path': '/home/ros2/media_pipe_ros2/src/media_pipe_ros2_msg', 'symlink_install': False, 'test_result_base': None}
[0.306s] INFO:colcon.colcon_core.executor:Executing jobs using 'parallel' executor
[0.308s] DEBUG:colcon.colcon_parallel_executor.executor.parallel:run_until_complete
[0.308s] INFO:colcon.colcon_ros.task.ament_python.build:Building ROS package in '/home/ros2/media_pipe_ros2/src/media_pipe_ros2' with build type 'ament_python'
[0.308s] Level 1:colcon.colcon_core.shell:create_environment_hook('media_pipe_ros2', 'ament_prefix_path')
[0.312s] INFO:colcon.colcon_core.plugin_system:Skipping extension 'colcon_core.shell.bat': Not used on non-Windows systems
[0.312s] INFO:colcon.colcon_core.shell:Creating environment hook '/home/ros2/media_pipe_ros2/install/media_pipe_ros2/share/media_pipe_ros2/hook/ament_prefix_path.ps1'
[0.313s] INFO:colcon.colcon_core.shell:Creating environment descriptor '/home/ros2/media_pipe_ros2/install/media_pipe_ros2/share/media_pipe_ros2/hook/ament_prefix_path.dsv'
[0.313s] INFO:colcon.colcon_core.shell:Creating environment hook '/home/ros2/media_pipe_ros2/install/media_pipe_ros2/share/media_pipe_ros2/hook/ament_prefix_path.sh'
[0.314s] INFO:colcon.colcon_core.shell:Skip shell extension 'powershell' for command environment: Not usable outside of PowerShell
[0.314s] DEBUG:colcon.colcon_core.shell:Skip shell extension 'dsv' for command environment
[0.317s] DEBUG:colcon.colcon_core.shell:Ignoring prefix path '/opt/ros/galactic'
[0.319s] INFO:colcon.colcon_ros.task.ament_cmake.build:Building ROS package in '/home/ros2/media_pipe_ros2/src/media_pipe_ros2_msg' with build type 'ament_cmake'
[0.319s] INFO:colcon.colcon_cmake.task.cmake.build:Building CMake package in '/home/ros2/media_pipe_ros2/src/media_pipe_ros2_msg'
[0.320s] INFO:colcon.colcon_core.shell:Skip shell extension 'powershell' for command environment: Not usable outside of PowerShell
[0.320s] DEBUG:colcon.colcon_core.shell:Skip shell extension 'dsv' for command environment
[0.323s] DEBUG:colcon.colcon_core.shell:Ignoring prefix path '/opt/ros/galactic'
[0.536s] INFO:colcon.colcon_core.task.python.build:Building Python package in '/home/ros2/media_pipe_ros2/src/media_pipe_ros2'
[0.537s] INFO:colcon.colcon_core.shell:Skip shell extension 'powershell' for command environment: Not usable outside of PowerShell
[0.537s] DEBUG:colcon.colcon_core.shell:Skip shell extension 'dsv' for command environment
[0.539s] DEBUG:colcon.colcon_core.shell:Ignoring prefix path '/opt/ros/galactic'
[0.548s] DEBUG:colcon.colcon_core.event_handler.log_command:Invoking command in '/home/ros2/media_pipe_ros2/build/media_pipe_ros2_msg': CMAKE_PREFIX_PATH=${CMAKE_PREFIX_PATH}:/home/ros2/media_pipe_ros2/install/media_pipe_ros2:/home/ros2/dev_ws/install/py_srvcli:/home/ros2/dev_ws/install/py_pubsub:/home/ros2/dev_ws/install/python_parameters:/opt/ros/galactic /usr/bin/cmake --build /home/ros2/media_pipe_ros2/build/media_pipe_ros2_msg -- -j8 -l8
[0.553s] DEBUG:colcon.colcon_core.event_handler.log_command:Invoking command in '/home/ros2/media_pipe_ros2/src/media_pipe_ros2': PYTHONPATH=/home/ros2/media_pipe_ros2/install/media_pipe_ros2/lib/python3.8/site-packages:${PYTHONPATH} /usr/bin/python3 setup.py egg_info --egg-base ../../build/media_pipe_ros2 build --build-base /home/ros2/media_pipe_ros2/build/media_pipe_ros2/build install --prefix /home/ros2/media_pipe_ros2/install/media_pipe_ros2 --record /home/ros2/media_pipe_ros2/build/media_pipe_ros2/install.log --single-version-externally-managed
[0.846s] DEBUG:colcon.colcon_core.event_handler.log_command:Invoked command in '/home/ros2/media_pipe_ros2/src/media_pipe_ros2' returned '0': PYTHONPATH=/home/ros2/media_pipe_ros2/install/media_pipe_ros2/lib/python3.8/site-packages:${PYTHONPATH} /usr/bin/python3 setup.py egg_info --egg-base ../../build/media_pipe_ros2 build --build-base /home/ros2/media_pipe_ros2/build/media_pipe_ros2/build install --prefix /home/ros2/media_pipe_ros2/install/media_pipe_ros2 --record /home/ros2/media_pipe_ros2/build/media_pipe_ros2/install.log --single-version-externally-managed
[0.849s] Level 1:colcon.colcon_core.environment:checking '/home/ros2/media_pipe_ros2/install/media_pipe_ros2' for CMake module files
[0.850s] Level 1:colcon.colcon_core.environment:checking '/home/ros2/media_pipe_ros2/install/media_pipe_ros2' for CMake config files
[0.850s] Level 1:colcon.colcon_core.environment:checking '/home/ros2/media_pipe_ros2/install/media_pipe_ros2/lib'
[0.851s] Level 1:colcon.colcon_core.environment:checking '/home/ros2/media_pipe_ros2/install/media_pipe_ros2/bin'
[0.851s] Level 1:colcon.colcon_core.environment:checking '/home/ros2/media_pipe_ros2/install/media_pipe_ros2/lib/pkgconfig/media_pipe_ros2.pc'
[0.851s] Level 1:colcon.colcon_core.environment:checking '/home/ros2/media_pipe_ros2/install/media_pipe_ros2/lib/python3.8/site-packages'
[0.851s] Level 1:colcon.colcon_core.shell:create_environment_hook('media_pipe_ros2', 'pythonpath')
[0.852s] INFO:colcon.colcon_core.shell:Creating environment hook '/home/ros2/media_pipe_ros2/install/media_pipe_ros2/share/media_pipe_ros2/hook/pythonpath.ps1'
[0.852s] INFO:colcon.colcon_core.shell:Creating environment descriptor '/home/ros2/media_pipe_ros2/install/media_pipe_ros2/share/media_pipe_ros2/hook/pythonpath.dsv'
[0.853s] INFO:colcon.colcon_core.shell:Creating environment hook '/home/ros2/media_pipe_ros2/install/media_pipe_ros2/share/media_pipe_ros2/hook/pythonpath.sh'
[0.853s] Level 1:colcon.colcon_core.environment:create_environment_scripts_only(media_pipe_ros2)
[0.854s] INFO:colcon.colcon_core.shell:Creating package script '/home/ros2/media_pipe_ros2/install/media_pipe_ros2/share/media_pipe_ros2/package.ps1'
[0.855s] INFO:colcon.colcon_core.shell:Creating package descriptor '/home/ros2/media_pipe_ros2/install/media_pipe_ros2/share/media_pipe_ros2/package.dsv'
[0.855s] INFO:colcon.colcon_core.shell:Creating package script '/home/ros2/media_pipe_ros2/install/media_pipe_ros2/share/media_pipe_ros2/package.sh'
[0.856s] INFO:colcon.colcon_core.shell:Creating package script '/home/ros2/media_pipe_ros2/install/media_pipe_ros2/share/media_pipe_ros2/package.bash'
[0.858s] INFO:colcon.colcon_core.shell:Creating package script '/home/ros2/media_pipe_ros2/install/media_pipe_ros2/share/media_pipe_ros2/package.zsh'
[0.858s] Level 1:colcon.colcon_core.environment:create_file_with_runtime_dependencies(/home/ros2/media_pipe_ros2/install/media_pipe_ros2/share/colcon-core/packages/media_pipe_ros2)
[0.913s] DEBUG:colcon.colcon_core.event_handler.log_command:Invoked command in '/home/ros2/media_pipe_ros2/build/media_pipe_ros2_msg' returned '0': CMAKE_PREFIX_PATH=${CMAKE_PREFIX_PATH}:/home/ros2/media_pipe_ros2/install/media_pipe_ros2:/home/ros2/dev_ws/install/py_srvcli:/home/ros2/dev_ws/install/py_pubsub:/home/ros2/dev_ws/install/python_parameters:/opt/ros/galactic /usr/bin/cmake --build /home/ros2/media_pipe_ros2/build/media_pipe_ros2_msg -- -j8 -l8
[0.985s] DEBUG:colcon.colcon_core.event_handler.log_command:Invoking command in '/home/ros2/media_pipe_ros2/build/media_pipe_ros2_msg': CMAKE_PREFIX_PATH=${CMAKE_PREFIX_PATH}:/home/ros2/media_pipe_ros2/install/media_pipe_ros2:/home/ros2/dev_ws/install/py_srvcli:/home/ros2/dev_ws/install/py_pubsub:/home/ros2/dev_ws/install/python_parameters:/opt/ros/galactic /usr/bin/cmake --install /home/ros2/media_pipe_ros2/build/media_pipe_ros2_msg
[1.088s] Level 1:colcon.colcon_core.environment:create_environment_scripts_only(media_pipe_ros2_msg)
[1.089s] Level 1:colcon.colcon_core.environment:checking '/home/ros2/media_pipe_ros2/install/media_pipe_ros2_msg' for CMake module files
[1.091s] Level 1:colcon.colcon_core.environment:checking '/home/ros2/media_pipe_ros2/install/media_pipe_ros2_msg' for CMake config files
[1.094s] Level 1:colcon.colcon_core.shell:create_environment_hook('media_pipe_ros2_msg', 'cmake_prefix_path')
[1.095s] INFO:colcon.colcon_core.shell:Creating environment hook '/home/ros2/media_pipe_ros2/install/media_pipe_ros2_msg/share/media_pipe_ros2_msg/hook/cmake_prefix_path.ps1'
[1.097s] DEBUG:colcon.colcon_core.event_handler.log_command:Invoked command in '/home/ros2/media_pipe_ros2/build/media_pipe_ros2_msg' returned '0': CMAKE_PREFIX_PATH=${CMAKE_PREFIX_PATH}:/home/ros2/media_pipe_ros2/install/media_pipe_ros2:/home/ros2/dev_ws/install/py_srvcli:/home/ros2/dev_ws/install/py_pubsub:/home/ros2/dev_ws/install/python_parameters:/opt/ros/galactic /usr/bin/cmake --install /home/ros2/media_pipe_ros2/build/media_pipe_ros2_msg
[1.097s] INFO:colcon.colcon_core.shell:Creating environment descriptor '/home/ros2/media_pipe_ros2/install/media_pipe_ros2_msg/share/media_pipe_ros2_msg/hook/cmake_prefix_path.dsv'
[1.098s] INFO:colcon.colcon_core.shell:Creating environment hook '/home/ros2/media_pipe_ros2/install/media_pipe_ros2_msg/share/media_pipe_ros2_msg/hook/cmake_prefix_path.sh'
[1.099s] Level 1:colcon.colcon_core.environment:checking '/home/ros2/media_pipe_ros2/install/media_pipe_ros2_msg/lib'
[1.099s] Level 1:colcon.colcon_core.shell:create_environment_hook('media_pipe_ros2_msg', 'ld_library_path_lib')
[1.100s] INFO:colcon.colcon_core.shell:Creating environment hook '/home/ros2/media_pipe_ros2/install/media_pipe_ros2_msg/share/media_pipe_ros2_msg/hook/ld_library_path_lib.ps1'
[1.101s] INFO:colcon.colcon_core.shell:Creating environment descriptor '/home/ros2/media_pipe_ros2/install/media_pipe_ros2_msg/share/media_pipe_ros2_msg/hook/ld_library_path_lib.dsv'
[1.102s] INFO:colcon.colcon_core.shell:Creating environment hook '/home/ros2/media_pipe_ros2/install/media_pipe_ros2_msg/share/media_pipe_ros2_msg/hook/ld_library_path_lib.sh'
[1.102s] Level 1:colcon.colcon_core.environment:checking '/home/ros2/media_pipe_ros2/install/media_pipe_ros2_msg/bin'
[1.102s] Level 1:colcon.colcon_core.environment:checking '/home/ros2/media_pipe_ros2/install/media_pipe_ros2_msg/lib/pkgconfig/media_pipe_ros2_msg.pc'
[1.102s] Level 1:colcon.colcon_core.environment:checking '/home/ros2/media_pipe_ros2/install/media_pipe_ros2_msg/lib/python3.8/site-packages'
[1.102s] Level 1:colcon.colcon_core.shell:create_environment_hook('media_pipe_ros2_msg', 'pythonpath')
[1.103s] INFO:colcon.colcon_core.shell:Creating environment hook '/home/ros2/media_pipe_ros2/install/media_pipe_ros2_msg/share/media_pipe_ros2_msg/hook/pythonpath.ps1'
[1.104s] INFO:colcon.colcon_core.shell:Creating environment descriptor '/home/ros2/media_pipe_ros2/install/media_pipe_ros2_msg/share/media_pipe_ros2_msg/hook/pythonpath.dsv'
[1.104s] INFO:colcon.colcon_core.shell:Creating environment hook '/home/ros2/media_pipe_ros2/install/media_pipe_ros2_msg/share/media_pipe_ros2_msg/hook/pythonpath.sh'
[1.106s] INFO:colcon.colcon_core.shell:Creating package script '/home/ros2/media_pipe_ros2/install/media_pipe_ros2_msg/share/media_pipe_ros2_msg/package.ps1'
[1.107s] INFO:colcon.colcon_core.shell:Creating package descriptor '/home/ros2/media_pipe_ros2/install/media_pipe_ros2_msg/share/media_pipe_ros2_msg/package.dsv'
[1.107s] INFO:colcon.colcon_core.shell:Creating package script '/home/ros2/media_pipe_ros2/install/media_pipe_ros2_msg/share/media_pipe_ros2_msg/package.sh'
[1.108s] INFO:colcon.colcon_core.shell:Creating package script '/home/ros2/media_pipe_ros2/install/media_pipe_ros2_msg/share/media_pipe_ros2_msg/package.bash'
[1.110s] INFO:colcon.colcon_core.shell:Creating package script '/home/ros2/media_pipe_ros2/install/media_pipe_ros2_msg/share/media_pipe_ros2_msg/package.zsh'
[1.110s] Level 1:colcon.colcon_core.environment:create_file_with_runtime_dependencies(/home/ros2/media_pipe_ros2/install/media_pipe_ros2_msg/share/colcon-core/packages/media_pipe_ros2_msg)
[1.176s] Level 1:colcon.colcon_core.environment:create_environment_scripts_only(media_pipe_ros2_msg)
[1.178s] Level 1:colcon.colcon_core.environment:checking '/home/ros2/media_pipe_ros2/install/media_pipe_ros2_msg' for CMake module files
[1.179s] Level 1:colcon.colcon_core.environment:checking '/home/ros2/media_pipe_ros2/install/media_pipe_ros2_msg' for CMake config files
[1.180s] Level 1:colcon.colcon_core.shell:create_environment_hook('media_pipe_ros2_msg', 'cmake_prefix_path')
[1.181s] INFO:colcon.colcon_core.shell:Creating environment hook '/home/ros2/media_pipe_ros2/install/media_pipe_ros2_msg/share/media_pipe_ros2_msg/hook/cmake_prefix_path.ps1'
[1.181s] INFO:colcon.colcon_core.shell:Creating environment descriptor '/home/ros2/media_pipe_ros2/install/media_pipe_ros2_msg/share/media_pipe_ros2_msg/hook/cmake_prefix_path.dsv'
[1.182s] INFO:colcon.colcon_core.shell:Creating environment hook '/home/ros2/media_pipe_ros2/install/media_pipe_ros2_msg/share/media_pipe_ros2_msg/hook/cmake_prefix_path.sh'
[1.182s] Level 1:colcon.colcon_core.environment:checking '/home/ros2/media_pipe_ros2/install/media_pipe_ros2_msg/lib'
[1.183s] Level 1:colcon.colcon_core.shell:create_environment_hook('media_pipe_ros2_msg', 'ld_library_path_lib')
[1.183s] INFO:colcon.colcon_core.shell:Creating environment hook '/home/ros2/media_pipe_ros2/install/media_pipe_ros2_msg/share/media_pipe_ros2_msg/hook/ld_library_path_lib.ps1'
[1.184s] INFO:colcon.colcon_core.shell:Creating environment descriptor '/home/ros2/media_pipe_ros2/install/media_pipe_ros2_msg/share/media_pipe_ros2_msg/hook/ld_library_path_lib.dsv'
[1.184s] INFO:colcon.colcon_core.shell:Creating environment hook '/home/ros2/media_pipe_ros2/install/media_pipe_ros2_msg/share/media_pipe_ros2_msg/hook/ld_library_path_lib.sh'
[1.185s] Level 1:colcon.colcon_core.environment:checking '/home/ros2/media_pipe_ros2/install/media_pipe_ros2_msg/bin'
[1.185s] Level 1:colcon.colcon_core.environment:checking '/home/ros2/media_pipe_ros2/install/media_pipe_ros2_msg/lib/pkgconfig/media_pipe_ros2_msg.pc'
[1.185s] Level 1:colcon.colcon_core.environment:checking '/home/ros2/media_pipe_ros2/install/media_pipe_ros2_msg/lib/python3.8/site-packages'
[1.185s] Level 1:colcon.colcon_core.shell:create_environment_hook('media_pipe_ros2_msg', 'pythonpath')
[1.186s] INFO:colcon.colcon_core.shell:Creating environment hook '/home/ros2/media_pipe_ros2/install/media_pipe_ros2_msg/share/media_pipe_ros2_msg/hook/pythonpath.ps1'
[1.186s] INFO:colcon.colcon_core.shell:Creating environment descriptor '/home/ros2/media_pipe_ros2/install/media_pipe_ros2_msg/share/media_pipe_ros2_msg/hook/pythonpath.dsv'
[1.187s] INFO:colcon.colcon_core.shell:Creating environment hook '/home/ros2/media_pipe_ros2/install/media_pipe_ros2_msg/share/media_pipe_ros2_msg/hook/pythonpath.sh'
[1.188s] INFO:colcon.colcon_core.shell:Creating package script '/home/ros2/media_pipe_ros2/install/media_pipe_ros2_msg/share/media_pipe_ros2_msg/package.ps1'
[1.189s] INFO:colcon.colcon_core.shell:Creating package descriptor '/home/ros2/media_pipe_ros2/install/media_pipe_ros2_msg/share/media_pipe_ros2_msg/package.dsv'
[1.190s] INFO:colcon.colcon_core.shell:Creating package script '/home/ros2/media_pipe_ros2/install/media_pipe_ros2_msg/share/media_pipe_ros2_msg/package.sh'
[1.191s] INFO:colcon.colcon_core.shell:Creating package script '/home/ros2/media_pipe_ros2/install/media_pipe_ros2_msg/share/media_pipe_ros2_msg/package.bash'
[1.191s] INFO:colcon.colcon_core.shell:Creating package script '/home/ros2/media_pipe_ros2/install/media_pipe_ros2_msg/share/media_pipe_ros2_msg/package.zsh'
[1.192s] Level 1:colcon.colcon_core.environment:create_file_with_runtime_dependencies(/home/ros2/media_pipe_ros2/install/media_pipe_ros2_msg/share/colcon-core/packages/media_pipe_ros2_msg)
[1.192s] DEBUG:colcon.colcon_parallel_executor.executor.parallel:closing loop
[1.193s] DEBUG:colcon.colcon_parallel_executor.executor.parallel:loop closed
[1.193s] DEBUG:colcon.colcon_parallel_executor.executor.parallel:run_until_complete finished with '0'
[1.193s] DEBUG:colcon.colcon_core.event_reactor:joining thread
[1.220s] INFO:colcon.colcon_core.plugin_system:Skipping extension 'colcon_notification.desktop_notification.terminal_notifier': Not used on non-Darwin systems
[1.220s] INFO:colcon.colcon_core.plugin_system:Skipping extension 'colcon_notification.desktop_notification.win32': Not used on non-Windows systems
[1.220s] INFO:colcon.colcon_notification.desktop_notification:Sending desktop notification using 'notify2'
[1.234s] DEBUG:colcon.colcon_core.event_reactor:joined thread
[1.236s] INFO:colcon.colcon_core.shell:Creating prefix script '/home/ros2/media_pipe_ros2/install/local_setup.ps1'
[1.237s] INFO:colcon.colcon_core.shell:Creating prefix util module '/home/ros2/media_pipe_ros2/install/_local_setup_util_ps1.py'
[1.240s] INFO:colcon.colcon_core.shell:Creating prefix chain script '/home/ros2/media_pipe_ros2/install/setup.ps1'
[1.244s] INFO:colcon.colcon_core.shell:Creating prefix script '/home/ros2/media_pipe_ros2/install/local_setup.sh'
[1.245s] INFO:colcon.colcon_core.shell:Creating prefix util module '/home/ros2/media_pipe_ros2/install/_local_setup_util_sh.py'
[1.246s] INFO:colcon.colcon_core.shell:Creating prefix chain script '/home/ros2/media_pipe_ros2/install/setup.sh'
[1.250s] INFO:colcon.colcon_core.shell:Creating prefix script '/home/ros2/media_pipe_ros2/install/local_setup.bash'
[1.250s] INFO:colcon.colcon_core.shell:Creating prefix chain script '/home/ros2/media_pipe_ros2/install/setup.bash'
[1.254s] INFO:colcon.colcon_core.shell:Creating prefix script '/home/ros2/media_pipe_ros2/install/local_setup.zsh'
[1.255s] INFO:colcon.colcon_core.shell:Creating prefix chain script '/home/ros2/media_pipe_ros2/install/setup.zsh'
